{"/Users/peter/Projects/JS-Practice/TDD-Exercises-JS/4kyu/mostFrequentlyUsedWordsInAText/mostFrequentlyUsedWordsInAText.js": {"path":"/Users/peter/Projects/JS-Practice/TDD-Exercises-JS/4kyu/mostFrequentlyUsedWordsInAText/mostFrequentlyUsedWordsInAText.js","statementMap":{"0":{"start":{"line":1,"column":0},"end":{"line":18,"column":2}},"1":{"start":{"line":2,"column":16},"end":{"line":2,"column":18}},"2":{"start":{"line":3,"column":14},"end":{"line":7,"column":32}},"3":{"start":{"line":5,"column":16},"end":{"line":5,"column":48}},"4":{"start":{"line":6,"column":19},"end":{"line":6,"column":27}},"5":{"start":{"line":7,"column":16},"end":{"line":7,"column":31}},"6":{"start":{"line":8,"column":2},"end":{"line":13,"column":5}},"7":{"start":{"line":9,"column":4},"end":{"line":11,"column":5}},"8":{"start":{"line":10,"column":6},"end":{"line":10,"column":21}},"9":{"start":{"line":12,"column":4},"end":{"line":12,"column":17}},"10":{"start":{"line":14,"column":17},"end":{"line":16,"column":50}},"11":{"start":{"line":15,"column":28},"end":{"line":15,"column":33}},"12":{"start":{"line":16,"column":28},"end":{"line":16,"column":44}},"13":{"start":{"line":17,"column":2},"end":{"line":17,"column":67}},"14":{"start":{"line":20,"column":0},"end":{"line":20,"column":31}}},"fnMap":{"0":{"name":"(anonymous_0)","decl":{"start":{"line":1,"column":16},"end":{"line":1,"column":17}},"loc":{"start":{"line":1,"column":26},"end":{"line":18,"column":1}},"line":1},"1":{"name":"(anonymous_1)","decl":{"start":{"line":5,"column":9},"end":{"line":5,"column":10}},"loc":{"start":{"line":5,"column":16},"end":{"line":5,"column":48}},"line":5},"2":{"name":"(anonymous_2)","decl":{"start":{"line":6,"column":12},"end":{"line":6,"column":13}},"loc":{"start":{"line":6,"column":19},"end":{"line":6,"column":27}},"line":6},"3":{"name":"(anonymous_3)","decl":{"start":{"line":7,"column":9},"end":{"line":7,"column":10}},"loc":{"start":{"line":7,"column":16},"end":{"line":7,"column":31}},"line":7},"4":{"name":"(anonymous_4)","decl":{"start":{"line":8,"column":16},"end":{"line":8,"column":17}},"loc":{"start":{"line":8,"column":23},"end":{"line":13,"column":3}},"line":8},"5":{"name":"(anonymous_5)","decl":{"start":{"line":15,"column":10},"end":{"line":15,"column":11}},"loc":{"start":{"line":15,"column":28},"end":{"line":15,"column":33}},"line":15},"6":{"name":"(anonymous_6)","decl":{"start":{"line":16,"column":12},"end":{"line":16,"column":13}},"loc":{"start":{"line":16,"column":28},"end":{"line":16,"column":44}},"line":16}},"branchMap":{"0":{"loc":{"start":{"line":9,"column":4},"end":{"line":11,"column":5}},"type":"if","locations":[{"start":{"line":9,"column":4},"end":{"line":11,"column":5}},{"start":{"line":9,"column":4},"end":{"line":11,"column":5}}],"line":9},"1":{"loc":{"start":{"line":17,"column":9},"end":{"line":17,"column":66}},"type":"cond-expr","locations":[{"start":{"line":17,"column":28},"end":{"line":17,"column":30}},{"start":{"line":17,"column":33},"end":{"line":17,"column":66}}],"line":17}},"s":{"0":1,"1":2,"2":2,"3":23,"4":23,"5":19,"6":2,"7":19,"8":6,"9":19,"10":2,"11":6,"12":6,"13":2,"14":1},"f":{"0":2,"1":23,"2":23,"3":19,"4":19,"5":6,"6":6},"b":{"0":[6,13],"1":[1,1]},"_coverageSchema":"1a1c01bbd47fc00a2c39e90264f33305004495a9","hash":"1574c8428b505e9d47b368b211b7bb8b02bac244"}
,"/Users/peter/Projects/JS-Practice/TDD-Exercises-JS/5kyu/Flatten/Flatten.js": {"path":"/Users/peter/Projects/JS-Practice/TDD-Exercises-JS/5kyu/Flatten/Flatten.js","statementMap":{"0":{"start":{"line":1,"column":0},"end":{"line":3,"column":2}},"1":{"start":{"line":2,"column":2},"end":{"line":2,"column":35}},"2":{"start":{"line":5,"column":0},"end":{"line":5,"column":25}}},"fnMap":{"0":{"name":"(anonymous_0)","decl":{"start":{"line":1,"column":10},"end":{"line":1,"column":11}},"loc":{"start":{"line":1,"column":22},"end":{"line":3,"column":1}},"line":1}},"branchMap":{},"s":{"0":1,"1":1,"2":1},"f":{"0":1},"b":{},"_coverageSchema":"1a1c01bbd47fc00a2c39e90264f33305004495a9","hash":"7b82a23de86dd795573acc9905ed5b7f7e4c070e"}
,"/Users/peter/Projects/JS-Practice/TDD-Exercises-JS/5kyu/Rot13/Rot13.js": {"path":"/Users/peter/Projects/JS-Practice/TDD-Exercises-JS/5kyu/Rot13/Rot13.js","statementMap":{"0":{"start":{"line":1,"column":0},"end":{"line":8,"column":2}},"1":{"start":{"line":3,"column":4},"end":{"line":3,"column":84}},"2":{"start":{"line":4,"column":2},"end":{"line":7,"column":4}},"3":{"start":{"line":6,"column":16},"end":{"line":6,"column":71}},"4":{"start":{"line":10,"column":0},"end":{"line":10,"column":23}}},"fnMap":{"0":{"name":"(anonymous_0)","decl":{"start":{"line":1,"column":8},"end":{"line":1,"column":9}},"loc":{"start":{"line":1,"column":21},"end":{"line":8,"column":1}},"line":1},"1":{"name":"(anonymous_1)","decl":{"start":{"line":6,"column":4},"end":{"line":6,"column":5}},"loc":{"start":{"line":6,"column":16},"end":{"line":6,"column":71}},"line":6}},"branchMap":{},"s":{"0":1,"1":1,"2":1,"3":4,"4":1},"f":{"0":1,"1":4},"b":{},"_coverageSchema":"1a1c01bbd47fc00a2c39e90264f33305004495a9","hash":"30fa2bea32498e7e1cea1a93d0773e97aa659db1"}
,"/Users/peter/Projects/JS-Practice/TDD-Exercises-JS/5kyu/convertPascalCaseStringIntoSnakeCase/convertPascalCaseStringIntoSnakeCase.js": {"path":"/Users/peter/Projects/JS-Practice/TDD-Exercises-JS/5kyu/convertPascalCaseStringIntoSnakeCase/convertPascalCaseStringIntoSnakeCase.js","statementMap":{"0":{"start":{"line":1,"column":0},"end":{"line":6,"column":2}},"1":{"start":{"line":2,"column":2},"end":{"line":5,"column":15}},"2":{"start":{"line":4,"column":16},"end":{"line":4,"column":31}},"3":{"start":{"line":8,"column":0},"end":{"line":8,"column":30}}},"fnMap":{"0":{"name":"(anonymous_0)","decl":{"start":{"line":1,"column":15},"end":{"line":1,"column":16}},"loc":{"start":{"line":1,"column":24},"end":{"line":6,"column":1}},"line":1},"1":{"name":"(anonymous_1)","decl":{"start":{"line":4,"column":9},"end":{"line":4,"column":10}},"loc":{"start":{"line":4,"column":16},"end":{"line":4,"column":31}},"line":4}},"branchMap":{},"s":{"0":1,"1":1,"2":2,"3":1},"f":{"0":1,"1":2},"b":{},"_coverageSchema":"1a1c01bbd47fc00a2c39e90264f33305004495a9","hash":"ea276665919cacc12d6e1462c6fdf35572a9e03f"}
,"/Users/peter/Projects/JS-Practice/TDD-Exercises-JS/5kyu/countIPAddresses/countIPAddresses.js": {"path":"/Users/peter/Projects/JS-Practice/TDD-Exercises-JS/5kyu/countIPAddresses/countIPAddresses.js","statementMap":{"0":{"start":{"line":1,"column":0},"end":{"line":8,"column":2}},"1":{"start":{"line":2,"column":14},"end":{"line":6,"column":58}},"2":{"start":{"line":3,"column":4},"end":{"line":6,"column":58}},"3":{"start":{"line":5,"column":18},"end":{"line":5,"column":29}},"4":{"start":{"line":6,"column":35},"end":{"line":6,"column":57}},"5":{"start":{"line":7,"column":2},"end":{"line":7,"column":31}},"6":{"start":{"line":10,"column":0},"end":{"line":10,"column":28}}},"fnMap":{"0":{"name":"(anonymous_0)","decl":{"start":{"line":1,"column":13},"end":{"line":1,"column":14}},"loc":{"start":{"line":1,"column":29},"end":{"line":8,"column":1}},"line":1},"1":{"name":"(anonymous_1)","decl":{"start":{"line":2,"column":14},"end":{"line":2,"column":15}},"loc":{"start":{"line":3,"column":4},"end":{"line":6,"column":58}},"line":3},"2":{"name":"(anonymous_2)","decl":{"start":{"line":5,"column":11},"end":{"line":5,"column":12}},"loc":{"start":{"line":5,"column":18},"end":{"line":5,"column":29}},"line":5},"3":{"name":"(anonymous_3)","decl":{"start":{"line":6,"column":14},"end":{"line":6,"column":15}},"loc":{"start":{"line":6,"column":35},"end":{"line":6,"column":57}},"line":6}},"branchMap":{},"s":{"0":1,"1":1,"2":2,"3":8,"4":6,"5":1,"6":1},"f":{"0":1,"1":2,"2":8,"3":6},"b":{},"_coverageSchema":"1a1c01bbd47fc00a2c39e90264f33305004495a9","hash":"de961c27dc7c8d574303e3588577f7b11a16e311"}
,"/Users/peter/Projects/JS-Practice/TDD-Exercises-JS/5kyu/domainName/domainName.js": {"path":"/Users/peter/Projects/JS-Practice/TDD-Exercises-JS/5kyu/domainName/domainName.js","statementMap":{"0":{"start":{"line":1,"column":0},"end":{"line":6,"column":2}},"1":{"start":{"line":2,"column":2},"end":{"line":2,"column":35}},"2":{"start":{"line":3,"column":2},"end":{"line":3,"column":36}},"3":{"start":{"line":4,"column":2},"end":{"line":4,"column":32}},"4":{"start":{"line":5,"column":2},"end":{"line":5,"column":27}},"5":{"start":{"line":8,"column":0},"end":{"line":8,"column":28}}},"fnMap":{"0":{"name":"(anonymous_0)","decl":{"start":{"line":1,"column":13},"end":{"line":1,"column":14}},"loc":{"start":{"line":1,"column":22},"end":{"line":6,"column":1}},"line":1}},"branchMap":{},"s":{"0":1,"1":3,"2":3,"3":3,"4":3,"5":1},"f":{"0":3},"b":{},"_coverageSchema":"1a1c01bbd47fc00a2c39e90264f33305004495a9","hash":"4a9bd108e1fea680b5f425681eb813b46e4842da"}
,"/Users/peter/Projects/JS-Practice/TDD-Exercises-JS/5kyu/gapInPrimes/gapInPrimes.js": {"path":"/Users/peter/Projects/JS-Practice/TDD-Exercises-JS/5kyu/gapInPrimes/gapInPrimes.js","statementMap":{"0":{"start":{"line":1,"column":0},"end":{"line":18,"column":2}},"1":{"start":{"line":2,"column":18},"end":{"line":2,"column":19}},"2":{"start":{"line":3,"column":2},"end":{"line":9,"column":4}},"3":{"start":{"line":5,"column":4},"end":{"line":7,"column":5}},"4":{"start":{"line":5,"column":17},"end":{"line":5,"column":18}},"5":{"start":{"line":6,"column":6},"end":{"line":6,"column":35}},"6":{"start":{"line":6,"column":22},"end":{"line":6,"column":35}},"7":{"start":{"line":8,"column":4},"end":{"line":8,"column":16}},"8":{"start":{"line":11,"column":2},"end":{"line":16,"column":5}},"9":{"start":{"line":11,"column":15},"end":{"line":11,"column":16}},"10":{"start":{"line":12,"column":4},"end":{"line":16,"column":5}},"11":{"start":{"line":14,"column":6},"end":{"line":15,"column":25}},"12":{"start":{"line":14,"column":30},"end":{"line":14,"column":52}},"13":{"start":{"line":15,"column":11},"end":{"line":15,"column":25}},"14":{"start":{"line":17,"column":2},"end":{"line":17,"column":14}},"15":{"start":{"line":20,"column":0},"end":{"line":20,"column":21}}},"fnMap":{"0":{"name":"(anonymous_0)","decl":{"start":{"line":1,"column":6},"end":{"line":1,"column":7}},"loc":{"start":{"line":1,"column":19},"end":{"line":18,"column":1}},"line":1},"1":{"name":"(anonymous_1)","decl":{"start":{"line":3,"column":12},"end":{"line":3,"column":13}},"loc":{"start":{"line":3,"column":19},"end":{"line":9,"column":3}},"line":3}},"branchMap":{"0":{"loc":{"start":{"line":6,"column":6},"end":{"line":6,"column":35}},"type":"if","locations":[{"start":{"line":6,"column":6},"end":{"line":6,"column":35}},{"start":{"line":6,"column":6},"end":{"line":6,"column":35}}],"line":6},"1":{"loc":{"start":{"line":12,"column":4},"end":{"line":16,"column":5}},"type":"if","locations":[{"start":{"line":12,"column":4},"end":{"line":16,"column":5}},{"start":{"line":12,"column":4},"end":{"line":16,"column":5}}],"line":12},"2":{"loc":{"start":{"line":14,"column":6},"end":{"line":15,"column":25}},"type":"if","locations":[{"start":{"line":14,"column":6},"end":{"line":15,"column":25}},{"start":{"line":14,"column":6},"end":{"line":15,"column":25}}],"line":14}},"s":{"0":1,"1":2,"2":2,"3":59,"4":59,"5":265,"6":48,"7":11,"8":2,"9":2,"10":59,"11":11,"12":1,"13":10,"14":1,"15":1},"f":{"0":2,"1":59},"b":{"0":[48,217],"1":[11,48],"2":[1,10]},"_coverageSchema":"1a1c01bbd47fc00a2c39e90264f33305004495a9","hash":"c22271bc0a440c0f2f57055e548a7df5f01c4dfe"}
,"/Users/peter/Projects/JS-Practice/TDD-Exercises-JS/5kyu/hashtagGenerator/hashtagGenerator.js": {"path":"/Users/peter/Projects/JS-Practice/TDD-Exercises-JS/5kyu/hashtagGenerator/hashtagGenerator.js","statementMap":{"0":{"start":{"line":1,"column":0},"end":{"line":7,"column":2}},"1":{"start":{"line":2,"column":18},"end":{"line":2,"column":55}},"2":{"start":{"line":2,"column":47},"end":{"line":2,"column":54}},"3":{"start":{"line":3,"column":17},"end":{"line":3,"column":43}},"4":{"start":{"line":5,"column":4},"end":{"line":5,"column":71}},"5":{"start":{"line":5,"column":29},"end":{"line":5,"column":61}},"6":{"start":{"line":6,"column":2},"end":{"line":6,"column":64}},"7":{"start":{"line":9,"column":0},"end":{"line":9,"column":33}}},"fnMap":{"0":{"name":"(anonymous_0)","decl":{"start":{"line":1,"column":18},"end":{"line":1,"column":19}},"loc":{"start":{"line":1,"column":27},"end":{"line":7,"column":1}},"line":1},"1":{"name":"(anonymous_1)","decl":{"start":{"line":2,"column":40},"end":{"line":2,"column":41}},"loc":{"start":{"line":2,"column":47},"end":{"line":2,"column":54}},"line":2},"2":{"name":"(anonymous_2)","decl":{"start":{"line":5,"column":22},"end":{"line":5,"column":23}},"loc":{"start":{"line":5,"column":29},"end":{"line":5,"column":61}},"line":5}},"branchMap":{"0":{"loc":{"start":{"line":6,"column":9},"end":{"line":6,"column":63}},"type":"cond-expr","locations":[{"start":{"line":6,"column":48},"end":{"line":6,"column":53}},{"start":{"line":6,"column":56},"end":{"line":6,"column":63}}],"line":6},"1":{"loc":{"start":{"line":6,"column":9},"end":{"line":6,"column":45}},"type":"binary-expr","locations":[{"start":{"line":6,"column":9},"end":{"line":6,"column":29}},{"start":{"line":6,"column":33},"end":{"line":6,"column":45}}],"line":6}},"s":{"0":1,"1":2,"2":14,"3":2,"4":2,"5":2,"6":2,"7":1},"f":{"0":2,"1":14,"2":2},"b":{"0":[1,1],"1":[2,2]},"_coverageSchema":"1a1c01bbd47fc00a2c39e90264f33305004495a9","hash":"5e89e525a8f0acd4cd09bb6801b557635bf0c7f3"}
,"/Users/peter/Projects/JS-Practice/TDD-Exercises-JS/5kyu/humanReadableTime/humanReadableTime.js": {"path":"/Users/peter/Projects/JS-Practice/TDD-Exercises-JS/5kyu/humanReadableTime/humanReadableTime.js","statementMap":{"0":{"start":{"line":1,"column":0},"end":{"line":6,"column":2}},"1":{"start":{"line":2,"column":12},"end":{"line":2,"column":59}},"2":{"start":{"line":3,"column":12},"end":{"line":3,"column":59}},"3":{"start":{"line":4,"column":12},"end":{"line":4,"column":52}},"4":{"start":{"line":5,"column":2},"end":{"line":5,"column":29}},"5":{"start":{"line":8,"column":0},"end":{"line":8,"column":31}}},"fnMap":{"0":{"name":"(anonymous_0)","decl":{"start":{"line":1,"column":16},"end":{"line":1,"column":17}},"loc":{"start":{"line":1,"column":29},"end":{"line":6,"column":1}},"line":1}},"branchMap":{},"s":{"0":1,"1":1,"2":1,"3":1,"4":1,"5":1},"f":{"0":1},"b":{},"_coverageSchema":"1a1c01bbd47fc00a2c39e90264f33305004495a9","hash":"cb607b3dbaf1d12057cd7b07c466977ca89c3e6c"}
,"/Users/peter/Projects/JS-Practice/TDD-Exercises-JS/5kyu/jumbleSentence/jumbleSentence.js": {"path":"/Users/peter/Projects/JS-Practice/TDD-Exercises-JS/5kyu/jumbleSentence/jumbleSentence.js","statementMap":{"0":{"start":{"line":1,"column":0},"end":{"line":33,"column":2}},"1":{"start":{"line":3,"column":14},"end":{"line":3,"column":30}},"2":{"start":{"line":4,"column":16},"end":{"line":4,"column":18}},"3":{"start":{"line":5,"column":20},"end":{"line":5,"column":24}},"4":{"start":{"line":6,"column":2},"end":{"line":29,"column":3}},"5":{"start":{"line":6,"column":15},"end":{"line":6,"column":16}},"6":{"start":{"line":7,"column":15},"end":{"line":7,"column":23}},"7":{"start":{"line":8,"column":4},"end":{"line":28,"column":5}},"8":{"start":{"line":8,"column":17},"end":{"line":8,"column":18}},"9":{"start":{"line":9,"column":6},"end":{"line":17,"column":7}},"10":{"start":{"line":10,"column":8},"end":{"line":10,"column":29}},"11":{"start":{"line":11,"column":8},"end":{"line":11,"column":51}},"12":{"start":{"line":12,"column":28},"end":{"line":12,"column":64}},"13":{"start":{"line":13,"column":8},"end":{"line":13,"column":47}},"14":{"start":{"line":14,"column":8},"end":{"line":14,"column":44}},"15":{"start":{"line":15,"column":8},"end":{"line":15,"column":29}},"16":{"start":{"line":16,"column":8},"end":{"line":16,"column":27}},"17":{"start":{"line":18,"column":6},"end":{"line":18,"column":35}},"18":{"start":{"line":19,"column":6},"end":{"line":19,"column":24}},"19":{"start":{"line":20,"column":6},"end":{"line":23,"column":7}},"20":{"start":{"line":21,"column":8},"end":{"line":21,"column":32}},"21":{"start":{"line":22,"column":8},"end":{"line":22,"column":28}},"22":{"start":{"line":24,"column":6},"end":{"line":24,"column":27}},"23":{"start":{"line":25,"column":6},"end":{"line":27,"column":7}},"24":{"start":{"line":26,"column":8},"end":{"line":26,"column":27}},"25":{"start":{"line":30,"column":2},"end":{"line":30,"column":16}},"26":{"start":{"line":31,"column":2},"end":{"line":31,"column":30}},"27":{"start":{"line":32,"column":2},"end":{"line":32,"column":17}},"28":{"start":{"line":35,"column":0},"end":{"line":35,"column":32}}},"fnMap":{"0":{"name":"(anonymous_0)","decl":{"start":{"line":1,"column":17},"end":{"line":1,"column":18}},"loc":{"start":{"line":1,"column":28},"end":{"line":33,"column":1}},"line":1}},"branchMap":{"0":{"loc":{"start":{"line":9,"column":6},"end":{"line":17,"column":7}},"type":"if","locations":[{"start":{"line":9,"column":6},"end":{"line":17,"column":7}},{"start":{"line":9,"column":6},"end":{"line":17,"column":7}}],"line":9},"1":{"loc":{"start":{"line":20,"column":6},"end":{"line":23,"column":7}},"type":"if","locations":[{"start":{"line":20,"column":6},"end":{"line":23,"column":7}},{"start":{"line":20,"column":6},"end":{"line":23,"column":7}}],"line":20},"2":{"loc":{"start":{"line":20,"column":10},"end":{"line":20,"column":43}},"type":"binary-expr","locations":[{"start":{"line":20,"column":10},"end":{"line":20,"column":28}},{"start":{"line":20,"column":32},"end":{"line":20,"column":43}}],"line":20},"3":{"loc":{"start":{"line":25,"column":6},"end":{"line":27,"column":7}},"type":"if","locations":[{"start":{"line":25,"column":6},"end":{"line":27,"column":7}},{"start":{"line":25,"column":6},"end":{"line":27,"column":7}}],"line":25}},"s":{"0":1,"1":1,"2":1,"3":1,"4":1,"5":1,"6":7,"7":7,"8":7,"9":22,"10":2,"11":2,"12":2,"13":2,"14":2,"15":2,"16":2,"17":22,"18":22,"19":22,"20":1,"21":1,"22":22,"23":22,"24":6,"25":1,"26":1,"27":1,"28":1},"f":{"0":1},"b":{"0":[2,20],"1":[1,21],"2":[22,4],"3":[6,16]},"_coverageSchema":"1a1c01bbd47fc00a2c39e90264f33305004495a9","hash":"2523e1d7cb46ec9194d3823bea2f4e421190b0d6"}
,"/Users/peter/Projects/JS-Practice/TDD-Exercises-JS/5kyu/maximumSubarraySum/maximumSubarraySum.js": {"path":"/Users/peter/Projects/JS-Practice/TDD-Exercises-JS/5kyu/maximumSubarraySum/maximumSubarraySum.js","statementMap":{"0":{"start":{"line":1,"column":0},"end":{"line":10,"column":2}},"1":{"start":{"line":2,"column":19},"end":{"line":2,"column":20}},"2":{"start":{"line":3,"column":15},"end":{"line":3,"column":16}},"3":{"start":{"line":4,"column":2},"end":{"line":8,"column":3}},"4":{"start":{"line":4,"column":15},"end":{"line":4,"column":16}},"5":{"start":{"line":5,"column":21},"end":{"line":5,"column":27}},"6":{"start":{"line":6,"column":4},"end":{"line":6,"column":54}},"7":{"start":{"line":7,"column":4},"end":{"line":7,"column":42}},"8":{"start":{"line":9,"column":2},"end":{"line":9,"column":16}},"9":{"start":{"line":12,"column":0},"end":{"line":12,"column":29}}},"fnMap":{"0":{"name":"(anonymous_0)","decl":{"start":{"line":1,"column":14},"end":{"line":1,"column":15}},"loc":{"start":{"line":1,"column":23},"end":{"line":10,"column":1}},"line":1}},"branchMap":{},"s":{"0":1,"1":1,"2":1,"3":1,"4":1,"5":9,"6":9,"7":9,"8":1,"9":1},"f":{"0":1},"b":{},"_coverageSchema":"1a1c01bbd47fc00a2c39e90264f33305004495a9","hash":"45ad8475b6f91808db02ee677b729470b593dd48"}
,"/Users/peter/Projects/JS-Practice/TDD-Exercises-JS/5kyu/meanSqaureError/meanSquareError.js": {"path":"/Users/peter/Projects/JS-Practice/TDD-Exercises-JS/5kyu/meanSqaureError/meanSquareError.js","statementMap":{"0":{"start":{"line":1,"column":0},"end":{"line":9,"column":2}},"1":{"start":{"line":2,"column":12},"end":{"line":2,"column":14}},"2":{"start":{"line":3,"column":2},"end":{"line":5,"column":3}},"3":{"start":{"line":3,"column":15},"end":{"line":3,"column":16}},"4":{"start":{"line":4,"column":4},"end":{"line":4,"column":41}},"5":{"start":{"line":6,"column":2},"end":{"line":8,"column":4}},"6":{"start":{"line":7,"column":19},"end":{"line":7,"column":35}},"7":{"start":{"line":7,"column":54},"end":{"line":7,"column":59}},"8":{"start":{"line":11,"column":0},"end":{"line":11,"column":26}}},"fnMap":{"0":{"name":"(anonymous_0)","decl":{"start":{"line":1,"column":11},"end":{"line":1,"column":12}},"loc":{"start":{"line":1,"column":36},"end":{"line":9,"column":1}},"line":1},"1":{"name":"(anonymous_1)","decl":{"start":{"line":7,"column":12},"end":{"line":7,"column":13}},"loc":{"start":{"line":7,"column":19},"end":{"line":7,"column":35}},"line":7},"2":{"name":"(anonymous_2)","decl":{"start":{"line":7,"column":44},"end":{"line":7,"column":45}},"loc":{"start":{"line":7,"column":54},"end":{"line":7,"column":59}},"line":7}},"branchMap":{},"s":{"0":1,"1":1,"2":1,"3":1,"4":4,"5":1,"6":4,"7":3,"8":1},"f":{"0":1,"1":4,"2":3},"b":{},"_coverageSchema":"1a1c01bbd47fc00a2c39e90264f33305004495a9","hash":"af9388a0f2c042d3f4f9c0250848f2c82238ae0b"}
,"/Users/peter/Projects/JS-Practice/TDD-Exercises-JS/5kyu/mergeSortFunction/mergeSortFunction.js": {"path":"/Users/peter/Projects/JS-Practice/TDD-Exercises-JS/5kyu/mergeSortFunction/mergeSortFunction.js","statementMap":{"0":{"start":{"line":1,"column":0},"end":{"line":14,"column":2}},"1":{"start":{"line":2,"column":17},"end":{"line":2,"column":29}},"2":{"start":{"line":3,"column":13},"end":{"line":3,"column":15}},"3":{"start":{"line":4,"column":2},"end":{"line":12,"column":3}},"4":{"start":{"line":4,"column":15},"end":{"line":4,"column":16}},"5":{"start":{"line":5,"column":4},"end":{"line":11,"column":5}},"6":{"start":{"line":5,"column":17},"end":{"line":5,"column":18}},"7":{"start":{"line":6,"column":6},"end":{"line":10,"column":7}},"8":{"start":{"line":7,"column":8},"end":{"line":7,"column":25}},"9":{"start":{"line":8,"column":8},"end":{"line":8,"column":30}},"10":{"start":{"line":9,"column":8},"end":{"line":9,"column":25}},"11":{"start":{"line":13,"column":2},"end":{"line":13,"column":16}},"12":{"start":{"line":16,"column":0},"end":{"line":16,"column":29}}},"fnMap":{"0":{"name":"(anonymous_0)","decl":{"start":{"line":1,"column":14},"end":{"line":1,"column":15}},"loc":{"start":{"line":1,"column":24},"end":{"line":14,"column":1}},"line":1}},"branchMap":{"0":{"loc":{"start":{"line":6,"column":6},"end":{"line":10,"column":7}},"type":"if","locations":[{"start":{"line":6,"column":6},"end":{"line":10,"column":7}},{"start":{"line":6,"column":6},"end":{"line":10,"column":7}}],"line":6}},"s":{"0":1,"1":1,"2":1,"3":1,"4":1,"5":6,"6":6,"7":36,"8":9,"9":9,"10":9,"11":1,"12":1},"f":{"0":1},"b":{"0":[9,27]},"_coverageSchema":"1a1c01bbd47fc00a2c39e90264f33305004495a9","hash":"42ab391916fdece38f4b2e1ebabdb6a1c76ee46a"}
,"/Users/peter/Projects/JS-Practice/TDD-Exercises-JS/5kyu/movingZerosToEnd/movingZerosToEnd.js": {"path":"/Users/peter/Projects/JS-Practice/TDD-Exercises-JS/5kyu/movingZerosToEnd/movingZerosToEnd.js","statementMap":{"0":{"start":{"line":1,"column":0},"end":{"line":2,"column":64}},"1":{"start":{"line":2,"column":2},"end":{"line":2,"column":63}},"2":{"start":{"line":2,"column":20},"end":{"line":2,"column":27}},"3":{"start":{"line":2,"column":54},"end":{"line":2,"column":61}},"4":{"start":{"line":4,"column":0},"end":{"line":4,"column":27}}},"fnMap":{"0":{"name":"(anonymous_0)","decl":{"start":{"line":1,"column":12},"end":{"line":1,"column":13}},"loc":{"start":{"line":2,"column":2},"end":{"line":2,"column":63}},"line":2},"1":{"name":"(anonymous_1)","decl":{"start":{"line":2,"column":13},"end":{"line":2,"column":14}},"loc":{"start":{"line":2,"column":20},"end":{"line":2,"column":27}},"line":2},"2":{"name":"(anonymous_2)","decl":{"start":{"line":2,"column":47},"end":{"line":2,"column":48}},"loc":{"start":{"line":2,"column":54},"end":{"line":2,"column":61}},"line":2}},"branchMap":{},"s":{"0":1,"1":1,"2":9,"3":9,"4":1},"f":{"0":1,"1":9,"2":9},"b":{},"_coverageSchema":"1a1c01bbd47fc00a2c39e90264f33305004495a9","hash":"4d0b21f56811f05dce1d9c4a81a7352455c390be"}
,"/Users/peter/Projects/JS-Practice/TDD-Exercises-JS/5kyu/numberOfTrailingZerosOfN!/numberOfTrailingZerosOfN.js": {"path":"/Users/peter/Projects/JS-Practice/TDD-Exercises-JS/5kyu/numberOfTrailingZerosOfN!/numberOfTrailingZerosOfN.js","statementMap":{"0":{"start":{"line":1,"column":0},"end":{"line":8,"column":2}},"1":{"start":{"line":2,"column":22},"end":{"line":2,"column":23}},"2":{"start":{"line":3,"column":2},"end":{"line":6,"column":3}},"3":{"start":{"line":4,"column":4},"end":{"line":4,"column":26}},"4":{"start":{"line":5,"column":4},"end":{"line":5,"column":23}},"5":{"start":{"line":7,"column":2},"end":{"line":7,"column":23}},"6":{"start":{"line":10,"column":0},"end":{"line":10,"column":23}}},"fnMap":{"0":{"name":"(anonymous_0)","decl":{"start":{"line":1,"column":8},"end":{"line":1,"column":9}},"loc":{"start":{"line":1,"column":15},"end":{"line":8,"column":1}},"line":1}},"branchMap":{},"s":{"0":1,"1":1,"2":1,"3":2,"4":2,"5":1,"6":1},"f":{"0":1},"b":{},"_coverageSchema":"1a1c01bbd47fc00a2c39e90264f33305004495a9","hash":"baa952da9328133bd7daf37de1af3fb2bcbe50ef"}
,"/Users/peter/Projects/JS-Practice/TDD-Exercises-JS/5kyu/simplePigLatin/simplePigLatin.js": {"path":"/Users/peter/Projects/JS-Practice/TDD-Exercises-JS/5kyu/simplePigLatin/simplePigLatin.js","statementMap":{"0":{"start":{"line":1,"column":0},"end":{"line":15,"column":2}},"1":{"start":{"line":2,"column":12},"end":{"line":2,"column":26}},"2":{"start":{"line":3,"column":19},"end":{"line":8,"column":17}},"3":{"start":{"line":5,"column":6},"end":{"line":5,"column":49}},"4":{"start":{"line":9,"column":18},"end":{"line":13,"column":14}},"5":{"start":{"line":11,"column":6},"end":{"line":11,"column":49}},"6":{"start":{"line":14,"column":2},"end":{"line":14,"column":73}},"7":{"start":{"line":17,"column":0},"end":{"line":17,"column":23}}},"fnMap":{"0":{"name":"(anonymous_0)","decl":{"start":{"line":1,"column":8},"end":{"line":1,"column":9}},"loc":{"start":{"line":1,"column":17},"end":{"line":15,"column":1}},"line":1},"1":{"name":"(anonymous_1)","decl":{"start":{"line":4,"column":9},"end":{"line":4,"column":10}},"loc":{"start":{"line":4,"column":16},"end":{"line":6,"column":5}},"line":4},"2":{"name":"(anonymous_2)","decl":{"start":{"line":10,"column":9},"end":{"line":10,"column":10}},"loc":{"start":{"line":10,"column":16},"end":{"line":12,"column":5}},"line":10}},"branchMap":{"0":{"loc":{"start":{"line":14,"column":9},"end":{"line":14,"column":72}},"type":"cond-expr","locations":[{"start":{"line":14,"column":50},"end":{"line":14,"column":60}},{"start":{"line":14,"column":63},"end":{"line":14,"column":72}}],"line":14},"1":{"loc":{"start":{"line":14,"column":9},"end":{"line":14,"column":47}},"type":"binary-expr","locations":[{"start":{"line":14,"column":9},"end":{"line":14,"column":26}},{"start":{"line":14,"column":30},"end":{"line":14,"column":47}}],"line":14}},"s":{"0":1,"1":2,"2":2,"3":7,"4":2,"5":7,"6":2,"7":1},"f":{"0":2,"1":7,"2":7},"b":{"0":[1,1],"1":[2,2]},"_coverageSchema":"1a1c01bbd47fc00a2c39e90264f33305004495a9","hash":"3ffbd6e806b7547694eb49375a7ac3ad2e03aceb"}
,"/Users/peter/Projects/JS-Practice/TDD-Exercises-JS/5kyu/weightForWeight/weightForWeight.js": {"path":"/Users/peter/Projects/JS-Practice/TDD-Exercises-JS/5kyu/weightForWeight/weightForWeight.js","statementMap":{"0":{"start":{"line":1,"column":0},"end":{"line":8,"column":2}},"1":{"start":{"line":2,"column":21},"end":{"line":3,"column":67}},"2":{"start":{"line":3,"column":4},"end":{"line":3,"column":67}},"3":{"start":{"line":3,"column":46},"end":{"line":3,"column":63}},"4":{"start":{"line":4,"column":2},"end":{"line":7,"column":15}},"5":{"start":{"line":6,"column":20},"end":{"line":6,"column":70}},"6":{"start":{"line":10,"column":0},"end":{"line":10,"column":29}}},"fnMap":{"0":{"name":"(anonymous_0)","decl":{"start":{"line":1,"column":14},"end":{"line":1,"column":15}},"loc":{"start":{"line":1,"column":23},"end":{"line":8,"column":1}},"line":1},"1":{"name":"(anonymous_1)","decl":{"start":{"line":2,"column":21},"end":{"line":2,"column":22}},"loc":{"start":{"line":3,"column":4},"end":{"line":3,"column":67}},"line":3},"2":{"name":"(anonymous_2)","decl":{"start":{"line":3,"column":25},"end":{"line":3,"column":26}},"loc":{"start":{"line":3,"column":46},"end":{"line":3,"column":63}},"line":3},"3":{"name":"(anonymous_3)","decl":{"start":{"line":6,"column":10},"end":{"line":6,"column":11}},"loc":{"start":{"line":6,"column":20},"end":{"line":6,"column":70}},"line":6}},"branchMap":{"0":{"loc":{"start":{"line":6,"column":20},"end":{"line":6,"column":70}},"type":"binary-expr","locations":[{"start":{"line":6,"column":20},"end":{"line":6,"column":49}},{"start":{"line":6,"column":53},"end":{"line":6,"column":58}},{"start":{"line":6,"column":62},"end":{"line":6,"column":70}}],"line":6}},"s":{"0":1,"1":1,"2":14,"3":47,"4":1,"5":7,"6":1},"f":{"0":1,"1":14,"2":47,"3":7},"b":{"0":[7,0,0]},"_coverageSchema":"1a1c01bbd47fc00a2c39e90264f33305004495a9","hash":"ef74320f3eddc472f908c7d8c09788e957ce10c7"}
,"/Users/peter/Projects/JS-Practice/TDD-Exercises-JS/6kyu/1RMCalculator/1RMCalculator.js": {"path":"/Users/peter/Projects/JS-Practice/TDD-Exercises-JS/6kyu/1RMCalculator/1RMCalculator.js","statementMap":{"0":{"start":{"line":1,"column":0},"end":{"line":6,"column":2}},"1":{"start":{"line":2,"column":16},"end":{"line":2,"column":44}},"2":{"start":{"line":3,"column":20},"end":{"line":3,"column":65}},"3":{"start":{"line":4,"column":19},"end":{"line":4,"column":51}},"4":{"start":{"line":5,"column":2},"end":{"line":5,"column":63}},"5":{"start":{"line":8,"column":0},"end":{"line":8,"column":30}}},"fnMap":{"0":{"name":"(anonymous_0)","decl":{"start":{"line":1,"column":15},"end":{"line":1,"column":16}},"loc":{"start":{"line":1,"column":25},"end":{"line":6,"column":1}},"line":1}},"branchMap":{"0":{"loc":{"start":{"line":5,"column":9},"end":{"line":5,"column":62}},"type":"cond-expr","locations":[{"start":{"line":5,"column":18},"end":{"line":5,"column":23}},{"start":{"line":5,"column":26},"end":{"line":5,"column":62}}],"line":5}},"s":{"0":1,"1":2,"2":2,"3":2,"4":2,"5":1},"f":{"0":2},"b":{"0":[1,1]},"_coverageSchema":"1a1c01bbd47fc00a2c39e90264f33305004495a9","hash":"124f4277403c5e4cc5f392e63d608b12c692689f"}
,"/Users/peter/Projects/JS-Practice/TDD-Exercises-JS/6kyu/HigherOrderFunctionsSeriesIsTheMeetupAgeDiverse/HigherOrderFunctionsSeriesIsTheMeetupAgeDiverse.js": {"path":"/Users/peter/Projects/JS-Practice/TDD-Exercises-JS/6kyu/HigherOrderFunctionsSeriesIsTheMeetupAgeDiverse/HigherOrderFunctionsSeriesIsTheMeetupAgeDiverse.js","statementMap":{"0":{"start":{"line":1,"column":0},"end":{"line":15,"column":2}},"1":{"start":{"line":2,"column":14},"end":{"line":2,"column":36}},"2":{"start":{"line":2,"column":30},"end":{"line":2,"column":35}},"3":{"start":{"line":3,"column":2},"end":{"line":14,"column":4}},"4":{"start":{"line":4,"column":20},"end":{"line":4,"column":38}},"5":{"start":{"line":5,"column":20},"end":{"line":5,"column":38}},"6":{"start":{"line":6,"column":20},"end":{"line":6,"column":38}},"7":{"start":{"line":7,"column":20},"end":{"line":7,"column":38}},"8":{"start":{"line":8,"column":20},"end":{"line":8,"column":38}},"9":{"start":{"line":9,"column":20},"end":{"line":9,"column":38}},"10":{"start":{"line":10,"column":20},"end":{"line":10,"column":38}},"11":{"start":{"line":11,"column":20},"end":{"line":11,"column":38}},"12":{"start":{"line":12,"column":20},"end":{"line":12,"column":38}},"13":{"start":{"line":13,"column":20},"end":{"line":13,"column":28}},"14":{"start":{"line":17,"column":0},"end":{"line":19,"column":2}},"15":{"start":{"line":18,"column":2},"end":{"line":18,"column":15}},"16":{"start":{"line":21,"column":0},"end":{"line":21,"column":30}}},"fnMap":{"0":{"name":"(anonymous_0)","decl":{"start":{"line":1,"column":15},"end":{"line":1,"column":16}},"loc":{"start":{"line":1,"column":25},"end":{"line":15,"column":1}},"line":1},"1":{"name":"(anonymous_1)","decl":{"start":{"line":2,"column":23},"end":{"line":2,"column":24}},"loc":{"start":{"line":2,"column":30},"end":{"line":2,"column":35}},"line":2},"2":{"name":"(anonymous_2)","decl":{"start":{"line":4,"column":13},"end":{"line":4,"column":14}},"loc":{"start":{"line":4,"column":20},"end":{"line":4,"column":38}},"line":4},"3":{"name":"(anonymous_3)","decl":{"start":{"line":5,"column":13},"end":{"line":5,"column":14}},"loc":{"start":{"line":5,"column":20},"end":{"line":5,"column":38}},"line":5},"4":{"name":"(anonymous_4)","decl":{"start":{"line":6,"column":13},"end":{"line":6,"column":14}},"loc":{"start":{"line":6,"column":20},"end":{"line":6,"column":38}},"line":6},"5":{"name":"(anonymous_5)","decl":{"start":{"line":7,"column":13},"end":{"line":7,"column":14}},"loc":{"start":{"line":7,"column":20},"end":{"line":7,"column":38}},"line":7},"6":{"name":"(anonymous_6)","decl":{"start":{"line":8,"column":13},"end":{"line":8,"column":14}},"loc":{"start":{"line":8,"column":20},"end":{"line":8,"column":38}},"line":8},"7":{"name":"(anonymous_7)","decl":{"start":{"line":9,"column":13},"end":{"line":9,"column":14}},"loc":{"start":{"line":9,"column":20},"end":{"line":9,"column":38}},"line":9},"8":{"name":"(anonymous_8)","decl":{"start":{"line":10,"column":13},"end":{"line":10,"column":14}},"loc":{"start":{"line":10,"column":20},"end":{"line":10,"column":38}},"line":10},"9":{"name":"(anonymous_9)","decl":{"start":{"line":11,"column":13},"end":{"line":11,"column":14}},"loc":{"start":{"line":11,"column":20},"end":{"line":11,"column":38}},"line":11},"10":{"name":"(anonymous_10)","decl":{"start":{"line":12,"column":13},"end":{"line":12,"column":14}},"loc":{"start":{"line":12,"column":20},"end":{"line":12,"column":38}},"line":12},"11":{"name":"(anonymous_11)","decl":{"start":{"line":13,"column":13},"end":{"line":13,"column":14}},"loc":{"start":{"line":13,"column":20},"end":{"line":13,"column":28}},"line":13},"12":{"name":"(anonymous_12)","decl":{"start":{"line":17,"column":7},"end":{"line":17,"column":8}},"loc":{"start":{"line":17,"column":17},"end":{"line":19,"column":1}},"line":17}},"branchMap":{"0":{"loc":{"start":{"line":4,"column":4},"end":{"line":13,"column":29}},"type":"binary-expr","locations":[{"start":{"line":4,"column":4},"end":{"line":4,"column":39}},{"start":{"line":5,"column":4},"end":{"line":5,"column":39}},{"start":{"line":6,"column":4},"end":{"line":6,"column":39}},{"start":{"line":7,"column":4},"end":{"line":7,"column":39}},{"start":{"line":8,"column":4},"end":{"line":8,"column":39}},{"start":{"line":9,"column":4},"end":{"line":9,"column":39}},{"start":{"line":10,"column":4},"end":{"line":10,"column":39}},{"start":{"line":11,"column":4},"end":{"line":11,"column":39}},{"start":{"line":12,"column":4},"end":{"line":12,"column":39}},{"start":{"line":13,"column":4},"end":{"line":13,"column":29}}],"line":4},"1":{"loc":{"start":{"line":4,"column":20},"end":{"line":4,"column":38}},"type":"binary-expr","locations":[{"start":{"line":4,"column":20},"end":{"line":4,"column":27}},{"start":{"line":4,"column":31},"end":{"line":4,"column":38}}],"line":4},"2":{"loc":{"start":{"line":5,"column":20},"end":{"line":5,"column":38}},"type":"binary-expr","locations":[{"start":{"line":5,"column":20},"end":{"line":5,"column":27}},{"start":{"line":5,"column":31},"end":{"line":5,"column":38}}],"line":5},"3":{"loc":{"start":{"line":6,"column":20},"end":{"line":6,"column":38}},"type":"binary-expr","locations":[{"start":{"line":6,"column":20},"end":{"line":6,"column":27}},{"start":{"line":6,"column":31},"end":{"line":6,"column":38}}],"line":6},"4":{"loc":{"start":{"line":7,"column":20},"end":{"line":7,"column":38}},"type":"binary-expr","locations":[{"start":{"line":7,"column":20},"end":{"line":7,"column":27}},{"start":{"line":7,"column":31},"end":{"line":7,"column":38}}],"line":7},"5":{"loc":{"start":{"line":8,"column":20},"end":{"line":8,"column":38}},"type":"binary-expr","locations":[{"start":{"line":8,"column":20},"end":{"line":8,"column":27}},{"start":{"line":8,"column":31},"end":{"line":8,"column":38}}],"line":8},"6":{"loc":{"start":{"line":9,"column":20},"end":{"line":9,"column":38}},"type":"binary-expr","locations":[{"start":{"line":9,"column":20},"end":{"line":9,"column":27}},{"start":{"line":9,"column":31},"end":{"line":9,"column":38}}],"line":9},"7":{"loc":{"start":{"line":10,"column":20},"end":{"line":10,"column":38}},"type":"binary-expr","locations":[{"start":{"line":10,"column":20},"end":{"line":10,"column":27}},{"start":{"line":10,"column":31},"end":{"line":10,"column":38}}],"line":10},"8":{"loc":{"start":{"line":11,"column":20},"end":{"line":11,"column":38}},"type":"binary-expr","locations":[{"start":{"line":11,"column":20},"end":{"line":11,"column":27}},{"start":{"line":11,"column":31},"end":{"line":11,"column":38}}],"line":11},"9":{"loc":{"start":{"line":12,"column":20},"end":{"line":12,"column":38}},"type":"binary-expr","locations":[{"start":{"line":12,"column":20},"end":{"line":12,"column":27}},{"start":{"line":12,"column":31},"end":{"line":12,"column":38}}],"line":12}},"s":{"0":1,"1":2,"2":12,"3":2,"4":3,"5":2,"6":3,"7":4,"8":5,"9":6,"10":7,"11":8,"12":9,"13":10,"14":1,"15":0,"16":1},"f":{"0":2,"1":12,"2":3,"3":2,"4":3,"5":4,"6":5,"7":6,"8":7,"9":8,"10":9,"11":10,"12":0},"b":{"0":[2,1,1,1,1,1,1,1,1,1],"1":[3,1],"2":[2,2],"3":[3,3],"4":[4,4],"5":[5,5],"6":[6,6],"7":[7,7],"8":[8,8],"9":[9,9]},"_coverageSchema":"1a1c01bbd47fc00a2c39e90264f33305004495a9","hash":"d5ebf6bcdf0b03c422de30c65021bf264dbac04d"}
,"/Users/peter/Projects/JS-Practice/TDD-Exercises-JS/6kyu/IPValidation/IPValidation.js": {"path":"/Users/peter/Projects/JS-Practice/TDD-Exercises-JS/6kyu/IPValidation/IPValidation.js","statementMap":{"0":{"start":{"line":1,"column":0},"end":{"line":7,"column":2}},"1":{"start":{"line":2,"column":2},"end":{"line":6,"column":4}},"2":{"start":{"line":4,"column":6},"end":{"line":4,"column":76}},"3":{"start":{"line":9,"column":0},"end":{"line":9,"column":27}}},"fnMap":{"0":{"name":"(anonymous_0)","decl":{"start":{"line":1,"column":12},"end":{"line":1,"column":13}},"loc":{"start":{"line":1,"column":21},"end":{"line":7,"column":1}},"line":1},"1":{"name":"(anonymous_1)","decl":{"start":{"line":3,"column":26},"end":{"line":3,"column":27}},"loc":{"start":{"line":3,"column":33},"end":{"line":5,"column":5}},"line":3}},"branchMap":{"0":{"loc":{"start":{"line":4,"column":13},"end":{"line":4,"column":75}},"type":"binary-expr","locations":[{"start":{"line":4,"column":13},"end":{"line":4,"column":38}},{"start":{"line":4,"column":42},"end":{"line":4,"column":57}},{"start":{"line":4,"column":61},"end":{"line":4,"column":75}}],"line":4}},"s":{"0":1,"1":2,"2":7,"3":1},"f":{"0":2,"1":7},"b":{"0":[7,7,7]},"_coverageSchema":"1a1c01bbd47fc00a2c39e90264f33305004495a9","hash":"72ec1d765204e9e35abb30d6f3c9aaae6981be2b"}
,"/Users/peter/Projects/JS-Practice/TDD-Exercises-JS/6kyu/SearchInMultidimensionalArray/SearchInMultidimensionalArray.js": {"path":"/Users/peter/Projects/JS-Practice/TDD-Exercises-JS/6kyu/SearchInMultidimensionalArray/SearchInMultidimensionalArray.js","statementMap":{"0":{"start":{"line":1,"column":0},"end":{"line":9,"column":2}},"1":{"start":{"line":2,"column":18},"end":{"line":4,"column":3}},"2":{"start":{"line":3,"column":4},"end":{"line":3,"column":29}},"3":{"start":{"line":5,"column":2},"end":{"line":7,"column":3}},"4":{"start":{"line":5,"column":15},"end":{"line":5,"column":16}},"5":{"start":{"line":6,"column":4},"end":{"line":6,"column":23}},"6":{"start":{"line":8,"column":2},"end":{"line":8,"column":35}},"7":{"start":{"line":11,"column":0},"end":{"line":11,"column":24}}},"fnMap":{"0":{"name":"(anonymous_0)","decl":{"start":{"line":1,"column":9},"end":{"line":1,"column":10}},"loc":{"start":{"line":1,"column":25},"end":{"line":9,"column":1}},"line":1},"1":{"name":"(anonymous_1)","decl":{"start":{"line":2,"column":18},"end":{"line":2,"column":19}},"loc":{"start":{"line":2,"column":27},"end":{"line":4,"column":3}},"line":2}},"branchMap":{},"s":{"0":1,"1":2,"2":32,"3":2,"4":2,"5":32,"6":2,"7":1},"f":{"0":2,"1":32},"b":{},"_coverageSchema":"1a1c01bbd47fc00a2c39e90264f33305004495a9","hash":"dfd0e08b5d10f62ecbc1a3ce04f2d4d107588a61"}
,"/Users/peter/Projects/JS-Practice/TDD-Exercises-JS/6kyu/SequencesAndSeries/SequencesAndSeries.js": {"path":"/Users/peter/Projects/JS-Practice/TDD-Exercises-JS/6kyu/SequencesAndSeries/SequencesAndSeries.js","statementMap":{"0":{"start":{"line":1,"column":0},"end":{"line":1,"column":36}},"1":{"start":{"line":1,"column":18},"end":{"line":1,"column":35}},"2":{"start":{"line":3,"column":0},"end":{"line":3,"column":26}}},"fnMap":{"0":{"name":"(anonymous_0)","decl":{"start":{"line":1,"column":11},"end":{"line":1,"column":12}},"loc":{"start":{"line":1,"column":18},"end":{"line":1,"column":35}},"line":1}},"branchMap":{},"s":{"0":1,"1":2,"2":1},"f":{"0":2},"b":{},"_coverageSchema":"1a1c01bbd47fc00a2c39e90264f33305004495a9","hash":"06f45e3b35ca2a87bf6d750b9c34f88512d57bb6"}
,"/Users/peter/Projects/JS-Practice/TDD-Exercises-JS/6kyu/arabianString/arabianString.js": {"path":"/Users/peter/Projects/JS-Practice/TDD-Exercises-JS/6kyu/arabianString/arabianString.js","statementMap":{"0":{"start":{"line":1,"column":0},"end":{"line":7,"column":2}},"1":{"start":{"line":2,"column":2},"end":{"line":6,"column":14}},"2":{"start":{"line":4,"column":6},"end":{"line":4,"column":63}},"3":{"start":{"line":9,"column":0},"end":{"line":9,"column":26}}},"fnMap":{"0":{"name":"(anonymous_0)","decl":{"start":{"line":1,"column":11},"end":{"line":1,"column":12}},"loc":{"start":{"line":1,"column":20},"end":{"line":7,"column":1}},"line":1},"1":{"name":"(anonymous_1)","decl":{"start":{"line":3,"column":9},"end":{"line":3,"column":10}},"loc":{"start":{"line":3,"column":18},"end":{"line":5,"column":5}},"line":3}},"branchMap":{"0":{"loc":{"start":{"line":2,"column":10},"end":{"line":2,"column":40}},"type":"binary-expr","locations":[{"start":{"line":2,"column":10},"end":{"line":2,"column":34}},{"start":{"line":2,"column":38},"end":{"line":2,"column":40}}],"line":2}},"s":{"0":1,"1":2,"2":3,"3":1},"f":{"0":2,"1":3},"b":{"0":[2,1]},"_coverageSchema":"1a1c01bbd47fc00a2c39e90264f33305004495a9","hash":"699102f77d990438382648b7b589f8f748011116"}
,"/Users/peter/Projects/JS-Practice/TDD-Exercises-JS/6kyu/arrayDiff/arrayDiff.js": {"path":"/Users/peter/Projects/JS-Practice/TDD-Exercises-JS/6kyu/arrayDiff/arrayDiff.js","statementMap":{"0":{"start":{"line":1,"column":0},"end":{"line":1,"column":54}},"1":{"start":{"line":1,"column":22},"end":{"line":1,"column":53}},"2":{"start":{"line":1,"column":38},"end":{"line":1,"column":52}},"3":{"start":{"line":3,"column":0},"end":{"line":3,"column":27}}},"fnMap":{"0":{"name":"(anonymous_0)","decl":{"start":{"line":1,"column":12},"end":{"line":1,"column":13}},"loc":{"start":{"line":1,"column":22},"end":{"line":1,"column":53}},"line":1},"1":{"name":"(anonymous_1)","decl":{"start":{"line":1,"column":31},"end":{"line":1,"column":32}},"loc":{"start":{"line":1,"column":38},"end":{"line":1,"column":52}},"line":1}},"branchMap":{},"s":{"0":1,"1":1,"2":5,"3":1},"f":{"0":1,"1":5},"b":{},"_coverageSchema":"1a1c01bbd47fc00a2c39e90264f33305004495a9","hash":"a792c4bc025f6fe56e15ebba6b6ceb084afdfb57"}
,"/Users/peter/Projects/JS-Practice/TDD-Exercises-JS/6kyu/binaryString/binaryString.js": {"path":"/Users/peter/Projects/JS-Practice/TDD-Exercises-JS/6kyu/binaryString/binaryString.js","statementMap":{"0":{"start":{"line":1,"column":0},"end":{"line":8,"column":2}},"1":{"start":{"line":2,"column":20},"end":{"line":2,"column":22}},"2":{"start":{"line":3,"column":2},"end":{"line":6,"column":3}},"3":{"start":{"line":4,"column":4},"end":{"line":4,"column":34}},"4":{"start":{"line":5,"column":4},"end":{"line":5,"column":36}},"5":{"start":{"line":7,"column":2},"end":{"line":7,"column":35}},"6":{"start":{"line":10,"column":0},"end":{"line":10,"column":32}}},"fnMap":{"0":{"name":"(anonymous_0)","decl":{"start":{"line":1,"column":17},"end":{"line":1,"column":18}},"loc":{"start":{"line":1,"column":29},"end":{"line":8,"column":1}},"line":1}},"branchMap":{"0":{"loc":{"start":{"line":7,"column":9},"end":{"line":7,"column":34}},"type":"binary-expr","locations":[{"start":{"line":7,"column":9},"end":{"line":7,"column":27}},{"start":{"line":7,"column":31},"end":{"line":7,"column":34}}],"line":7}},"s":{"0":1,"1":2,"2":2,"3":4,"4":4,"5":2,"6":1},"f":{"0":2},"b":{"0":[2,1]},"_coverageSchema":"1a1c01bbd47fc00a2c39e90264f33305004495a9","hash":"b69b3c44edc18d3d2ce3c98fdbe15a5c17f82cc2"}
,"/Users/peter/Projects/JS-Practice/TDD-Exercises-JS/6kyu/buildTower/buildTower.js": {"path":"/Users/peter/Projects/JS-Practice/TDD-Exercises-JS/6kyu/buildTower/buildTower.js","statementMap":{"0":{"start":{"line":1,"column":0},"end":{"line":8,"column":2}},"1":{"start":{"line":2,"column":14},"end":{"line":2,"column":16}},"2":{"start":{"line":3,"column":2},"end":{"line":6,"column":3}},"3":{"start":{"line":3,"column":15},"end":{"line":3,"column":16}},"4":{"start":{"line":4,"column":18},"end":{"line":4,"column":45}},"5":{"start":{"line":5,"column":4},"end":{"line":5,"column":54}},"6":{"start":{"line":7,"column":2},"end":{"line":7,"column":15}},"7":{"start":{"line":10,"column":0},"end":{"line":10,"column":30}}},"fnMap":{"0":{"name":"(anonymous_0)","decl":{"start":{"line":1,"column":15},"end":{"line":1,"column":16}},"loc":{"start":{"line":1,"column":28},"end":{"line":8,"column":1}},"line":1}},"branchMap":{},"s":{"0":1,"1":1,"2":1,"3":1,"4":3,"5":3,"6":1,"7":1},"f":{"0":1},"b":{},"_coverageSchema":"1a1c01bbd47fc00a2c39e90264f33305004495a9","hash":"a4f18f1d78c7d44dfbae78c13724d2df8fd7ff44"}
,"/Users/peter/Projects/JS-Practice/TDD-Exercises-JS/6kyu/camelCaseMethod/camelCaseMethod.js": {"path":"/Users/peter/Projects/JS-Practice/TDD-Exercises-JS/6kyu/camelCaseMethod/camelCaseMethod.js","statementMap":{"0":{"start":{"line":1,"column":0},"end":{"line":7,"column":2}},"1":{"start":{"line":2,"column":2},"end":{"line":6,"column":14}},"2":{"start":{"line":4,"column":19},"end":{"line":4,"column":20}},"3":{"start":{"line":5,"column":16},"end":{"line":5,"column":47}},"4":{"start":{"line":9,"column":0},"end":{"line":9,"column":27}}},"fnMap":{"0":{"name":"(anonymous_0)","decl":{"start":{"line":1,"column":12},"end":{"line":1,"column":13}},"loc":{"start":{"line":1,"column":21},"end":{"line":7,"column":1}},"line":1},"1":{"name":"(anonymous_1)","decl":{"start":{"line":4,"column":12},"end":{"line":4,"column":13}},"loc":{"start":{"line":4,"column":19},"end":{"line":4,"column":20}},"line":4},"2":{"name":"(anonymous_2)","decl":{"start":{"line":5,"column":9},"end":{"line":5,"column":10}},"loc":{"start":{"line":5,"column":16},"end":{"line":5,"column":47}},"line":5}},"branchMap":{},"s":{"0":1,"1":1,"2":2,"3":2,"4":1},"f":{"0":1,"1":2,"2":2},"b":{},"_coverageSchema":"1a1c01bbd47fc00a2c39e90264f33305004495a9","hash":"4306e8e693582530cda03c9a2d8b5a5cf32198f4"}
,"/Users/peter/Projects/JS-Practice/TDD-Exercises-JS/6kyu/countCharsInString/countCharsInYourString.js": {"path":"/Users/peter/Projects/JS-Practice/TDD-Exercises-JS/6kyu/countCharsInString/countCharsInYourString.js","statementMap":{"0":{"start":{"line":1,"column":0},"end":{"line":7,"column":2}},"1":{"start":{"line":2,"column":15},"end":{"line":2,"column":17}},"2":{"start":{"line":3,"column":2},"end":{"line":5,"column":5}},"3":{"start":{"line":4,"column":4},"end":{"line":4,"column":33}},"4":{"start":{"line":6,"column":2},"end":{"line":6,"column":14}},"5":{"start":{"line":9,"column":0},"end":{"line":9,"column":23}}},"fnMap":{"0":{"name":"(anonymous_0)","decl":{"start":{"line":1,"column":8},"end":{"line":1,"column":9}},"loc":{"start":{"line":1,"column":17},"end":{"line":7,"column":1}},"line":1},"1":{"name":"(anonymous_1)","decl":{"start":{"line":3,"column":22},"end":{"line":3,"column":23}},"loc":{"start":{"line":3,"column":29},"end":{"line":5,"column":3}},"line":3}},"branchMap":{"0":{"loc":{"start":{"line":4,"column":15},"end":{"line":4,"column":27}},"type":"binary-expr","locations":[{"start":{"line":4,"column":15},"end":{"line":4,"column":22}},{"start":{"line":4,"column":26},"end":{"line":4,"column":27}}],"line":4}},"s":{"0":1,"1":2,"2":2,"3":3,"4":2,"5":1},"f":{"0":2,"1":3},"b":{"0":[3,2]},"_coverageSchema":"1a1c01bbd47fc00a2c39e90264f33305004495a9","hash":"e1060370e006281d4c279c50d40578b215c7f776"}
,"/Users/peter/Projects/JS-Practice/TDD-Exercises-JS/6kyu/countSmileyFaces/countSmileyFaces.js": {"path":"/Users/peter/Projects/JS-Practice/TDD-Exercises-JS/6kyu/countSmileyFaces/countSmileyFaces.js","statementMap":{"0":{"start":{"line":1,"column":0},"end":{"line":3,"column":2}},"1":{"start":{"line":2,"column":2},"end":{"line":2,"column":61}},"2":{"start":{"line":2,"column":27},"end":{"line":2,"column":52}},"3":{"start":{"line":5,"column":0},"end":{"line":5,"column":30}}},"fnMap":{"0":{"name":"(anonymous_0)","decl":{"start":{"line":1,"column":15},"end":{"line":1,"column":16}},"loc":{"start":{"line":1,"column":24},"end":{"line":3,"column":1}},"line":1},"1":{"name":"(anonymous_1)","decl":{"start":{"line":2,"column":20},"end":{"line":2,"column":21}},"loc":{"start":{"line":2,"column":27},"end":{"line":2,"column":52}},"line":2}},"branchMap":{},"s":{"0":1,"1":1,"2":5,"3":1},"f":{"0":1,"1":5},"b":{},"_coverageSchema":"1a1c01bbd47fc00a2c39e90264f33305004495a9","hash":"db6f7d01d72694cf5cef11848469127fdc35c53b"}
,"/Users/peter/Projects/JS-Practice/TDD-Exercises-JS/6kyu/countingDuplicates/countingDuplicates.js": {"path":"/Users/peter/Projects/JS-Practice/TDD-Exercises-JS/6kyu/countingDuplicates/countingDuplicates.js","statementMap":{"0":{"start":{"line":1,"column":0},"end":{"line":9,"column":11}},"1":{"start":{"line":2,"column":2},"end":{"line":9,"column":10}},"2":{"start":{"line":11,"column":0},"end":{"line":11,"column":32}}},"fnMap":{"0":{"name":"(anonymous_0)","decl":{"start":{"line":1,"column":17},"end":{"line":1,"column":18}},"loc":{"start":{"line":2,"column":2},"end":{"line":9,"column":10}},"line":2}},"branchMap":{"0":{"loc":{"start":{"line":3,"column":4},"end":{"line":8,"column":31}},"type":"binary-expr","locations":[{"start":{"line":3,"column":4},"end":{"line":8,"column":25}},{"start":{"line":8,"column":29},"end":{"line":8,"column":31}}],"line":3}},"s":{"0":1,"1":2,"2":1},"f":{"0":2},"b":{"0":[2,1]},"_coverageSchema":"1a1c01bbd47fc00a2c39e90264f33305004495a9","hash":"ad4b4a7603b0d6b9d83eb4e7740854ffdcb604a0"}
,"/Users/peter/Projects/JS-Practice/TDD-Exercises-JS/6kyu/dataReverse/dataReverse.js": {"path":"/Users/peter/Projects/JS-Practice/TDD-Exercises-JS/6kyu/dataReverse/dataReverse.js","statementMap":{"0":{"start":{"line":1,"column":0},"end":{"line":7,"column":2}},"1":{"start":{"line":2,"column":16},"end":{"line":2,"column":18}},"2":{"start":{"line":3,"column":2},"end":{"line":5,"column":3}},"3":{"start":{"line":3,"column":15},"end":{"line":3,"column":16}},"4":{"start":{"line":4,"column":4},"end":{"line":4,"column":43}},"5":{"start":{"line":6,"column":2},"end":{"line":6,"column":15}},"6":{"start":{"line":9,"column":0},"end":{"line":9,"column":29}}},"fnMap":{"0":{"name":"(anonymous_0)","decl":{"start":{"line":1,"column":14},"end":{"line":1,"column":15}},"loc":{"start":{"line":1,"column":24},"end":{"line":7,"column":1}},"line":1}},"branchMap":{},"s":{"0":1,"1":1,"2":1,"3":1,"4":4,"5":1,"6":1},"f":{"0":1},"b":{},"_coverageSchema":"1a1c01bbd47fc00a2c39e90264f33305004495a9","hash":"5a879ab5bb11fa3c7e6c356827325bceb5211c4d"}
,"/Users/peter/Projects/JS-Practice/TDD-Exercises-JS/6kyu/digitRecovery/DigitRecovery.js": {"path":"/Users/peter/Projects/JS-Practice/TDD-Exercises-JS/6kyu/digitRecovery/DigitRecovery.js","statementMap":{"0":{"start":{"line":1,"column":0},"end":{"line":30,"column":2}},"1":{"start":{"line":2,"column":15},"end":{"line":13,"column":3}},"2":{"start":{"line":14,"column":14},"end":{"line":14,"column":16}},"3":{"start":{"line":15,"column":2},"end":{"line":28,"column":3}},"4":{"start":{"line":15,"column":15},"end":{"line":15,"column":16}},"5":{"start":{"line":16,"column":4},"end":{"line":27,"column":5}},"6":{"start":{"line":17,"column":16},"end":{"line":21,"column":17}},"7":{"start":{"line":22,"column":16},"end":{"line":22,"column":45}},"8":{"start":{"line":23,"column":6},"end":{"line":26,"column":7}},"9":{"start":{"line":24,"column":8},"end":{"line":24,"column":28}},"10":{"start":{"line":25,"column":8},"end":{"line":25,"column":14}},"11":{"start":{"line":29,"column":2},"end":{"line":29,"column":59}},"12":{"start":{"line":32,"column":0},"end":{"line":32,"column":25}}},"fnMap":{"0":{"name":"(anonymous_0)","decl":{"start":{"line":1,"column":10},"end":{"line":1,"column":11}},"loc":{"start":{"line":1,"column":19},"end":{"line":30,"column":1}},"line":1}},"branchMap":{"0":{"loc":{"start":{"line":23,"column":6},"end":{"line":26,"column":7}},"type":"if","locations":[{"start":{"line":23,"column":6},"end":{"line":26,"column":7}},{"start":{"line":23,"column":6},"end":{"line":26,"column":7}}],"line":23},"1":{"loc":{"start":{"line":29,"column":9},"end":{"line":29,"column":58}},"type":"cond-expr","locations":[{"start":{"line":29,"column":26},"end":{"line":29,"column":38}},{"start":{"line":29,"column":41},"end":{"line":29,"column":58}}],"line":29}},"s":{"0":1,"1":2,"2":2,"3":2,"4":2,"5":10,"6":85,"7":85,"8":85,"9":2,"10":2,"11":2,"12":1},"f":{"0":2},"b":{"0":[2,83],"1":[1,1]},"_coverageSchema":"1a1c01bbd47fc00a2c39e90264f33305004495a9","hash":"381a38b00713418056958d233ac7485aff0667f2"}
,"/Users/peter/Projects/JS-Practice/TDD-Exercises-JS/6kyu/findTheMissingLetter/findTheMissingLetter.js": {"path":"/Users/peter/Projects/JS-Practice/TDD-Exercises-JS/6kyu/findTheMissingLetter/findTheMissingLetter.js","statementMap":{"0":{"start":{"line":1,"column":0},"end":{"line":10,"column":2}},"1":{"start":{"line":2,"column":14},"end":{"line":2,"column":26}},"2":{"start":{"line":4,"column":2},"end":{"line":8,"column":3}},"3":{"start":{"line":4,"column":15},"end":{"line":4,"column":16}},"4":{"start":{"line":5,"column":4},"end":{"line":7,"column":5}},"5":{"start":{"line":6,"column":6},"end":{"line":6,"column":65}},"6":{"start":{"line":9,"column":2},"end":{"line":9,"column":23}},"7":{"start":{"line":12,"column":0},"end":{"line":12,"column":35}}},"fnMap":{"0":{"name":"(anonymous_0)","decl":{"start":{"line":1,"column":20},"end":{"line":1,"column":21}},"loc":{"start":{"line":1,"column":29},"end":{"line":10,"column":1}},"line":1}},"branchMap":{"0":{"loc":{"start":{"line":5,"column":4},"end":{"line":7,"column":5}},"type":"if","locations":[{"start":{"line":5,"column":4},"end":{"line":7,"column":5}},{"start":{"line":5,"column":4},"end":{"line":7,"column":5}}],"line":5}},"s":{"0":1,"1":1,"2":1,"3":1,"4":5,"5":1,"6":1,"7":1},"f":{"0":1},"b":{"0":[1,4]},"_coverageSchema":"1a1c01bbd47fc00a2c39e90264f33305004495a9","hash":"0e5226b2e9be9630b225f4e1ac6468948984dc34"}
,"/Users/peter/Projects/JS-Practice/TDD-Exercises-JS/6kyu/findTheOddInt/findTheOddInt.js": {"path":"/Users/peter/Projects/JS-Practice/TDD-Exercises-JS/6kyu/findTheOddInt/findTheOddInt.js","statementMap":{"0":{"start":{"line":1,"column":0},"end":{"line":1,"column":43}},"1":{"start":{"line":1,"column":17},"end":{"line":1,"column":42}},"2":{"start":{"line":1,"column":36},"end":{"line":1,"column":41}},"3":{"start":{"line":3,"column":0},"end":{"line":3,"column":25}}},"fnMap":{"0":{"name":"(anonymous_0)","decl":{"start":{"line":1,"column":10},"end":{"line":1,"column":11}},"loc":{"start":{"line":1,"column":17},"end":{"line":1,"column":42}},"line":1},"1":{"name":"(anonymous_1)","decl":{"start":{"line":1,"column":26},"end":{"line":1,"column":27}},"loc":{"start":{"line":1,"column":36},"end":{"line":1,"column":41}},"line":1}},"branchMap":{},"s":{"0":1,"1":1,"2":16,"3":1},"f":{"0":1,"1":16},"b":{},"_coverageSchema":"1a1c01bbd47fc00a2c39e90264f33305004495a9","hash":"a603aae6fdfa7b05a66665fc8000bca2e650e233"}
,"/Users/peter/Projects/JS-Practice/TDD-Exercises-JS/6kyu/findUniqueNumber/findUniqueNumber.js": {"path":"/Users/peter/Projects/JS-Practice/TDD-Exercises-JS/6kyu/findUniqueNumber/findUniqueNumber.js","statementMap":{"0":{"start":{"line":1,"column":0},"end":{"line":2,"column":75}},"1":{"start":{"line":2,"column":2},"end":{"line":2,"column":74}},"2":{"start":{"line":2,"column":27},"end":{"line":2,"column":63}},"3":{"start":{"line":4,"column":0},"end":{"line":4,"column":26}}},"fnMap":{"0":{"name":"(anonymous_0)","decl":{"start":{"line":1,"column":11},"end":{"line":1,"column":12}},"loc":{"start":{"line":2,"column":2},"end":{"line":2,"column":74}},"line":2},"1":{"name":"(anonymous_1)","decl":{"start":{"line":2,"column":20},"end":{"line":2,"column":21}},"loc":{"start":{"line":2,"column":27},"end":{"line":2,"column":63}},"line":2}},"branchMap":{},"s":{"0":1,"1":1,"2":7,"3":1},"f":{"0":1,"1":7},"b":{},"_coverageSchema":"1a1c01bbd47fc00a2c39e90264f33305004495a9","hash":"45ed2492f26151131bcf21b55058110ee4dbc8c8"}
,"/Users/peter/Projects/JS-Practice/TDD-Exercises-JS/6kyu/findWithinArray/findWithinArray.js": {"path":"/Users/peter/Projects/JS-Practice/TDD-Exercises-JS/6kyu/findWithinArray/findWithinArray.js","statementMap":{"0":{"start":{"line":1,"column":0},"end":{"line":3,"column":2}},"1":{"start":{"line":2,"column":2},"end":{"line":2,"column":41}},"2":{"start":{"line":5,"column":0},"end":{"line":5,"column":29}}},"fnMap":{"0":{"name":"(anonymous_0)","decl":{"start":{"line":1,"column":14},"end":{"line":1,"column":15}},"loc":{"start":{"line":1,"column":33},"end":{"line":3,"column":1}},"line":1}},"branchMap":{},"s":{"0":1,"1":2,"2":1},"f":{"0":2},"b":{},"_coverageSchema":"1a1c01bbd47fc00a2c39e90264f33305004495a9","hash":"f4d498208d5700e48e5821c3cf605118991432d6"}
,"/Users/peter/Projects/JS-Practice/TDD-Exercises-JS/6kyu/formatStringOfNames/formatStringOfNames.js": {"path":"/Users/peter/Projects/JS-Practice/TDD-Exercises-JS/6kyu/formatStringOfNames/formatStringOfNames.js","statementMap":{"0":{"start":{"line":1,"column":0},"end":{"line":19,"column":2}},"1":{"start":{"line":2,"column":16},"end":{"line":2,"column":18}},"2":{"start":{"line":3,"column":2},"end":{"line":5,"column":3}},"3":{"start":{"line":3,"column":15},"end":{"line":3,"column":16}},"4":{"start":{"line":4,"column":4},"end":{"line":4,"column":32}},"5":{"start":{"line":6,"column":20},"end":{"line":6,"column":40}},"6":{"start":{"line":7,"column":22},"end":{"line":7,"column":53}},"7":{"start":{"line":8,"column":20},"end":{"line":8,"column":30}},"8":{"start":{"line":9,"column":21},"end":{"line":9,"column":31}},"9":{"start":{"line":10,"column":2},"end":{"line":18,"column":3}},"10":{"start":{"line":11,"column":4},"end":{"line":11,"column":43}},"11":{"start":{"line":12,"column":9},"end":{"line":18,"column":3}},"12":{"start":{"line":13,"column":4},"end":{"line":13,"column":44}},"13":{"start":{"line":14,"column":9},"end":{"line":18,"column":3}},"14":{"start":{"line":15,"column":4},"end":{"line":15,"column":21}},"15":{"start":{"line":17,"column":4},"end":{"line":17,"column":14}},"16":{"start":{"line":21,"column":0},"end":{"line":21,"column":22}}},"fnMap":{"0":{"name":"(anonymous_0)","decl":{"start":{"line":1,"column":7},"end":{"line":1,"column":8}},"loc":{"start":{"line":1,"column":18},"end":{"line":19,"column":1}},"line":1}},"branchMap":{"0":{"loc":{"start":{"line":10,"column":2},"end":{"line":18,"column":3}},"type":"if","locations":[{"start":{"line":10,"column":2},"end":{"line":18,"column":3}},{"start":{"line":10,"column":2},"end":{"line":18,"column":3}}],"line":10},"1":{"loc":{"start":{"line":12,"column":9},"end":{"line":18,"column":3}},"type":"if","locations":[{"start":{"line":12,"column":9},"end":{"line":18,"column":3}},{"start":{"line":12,"column":9},"end":{"line":18,"column":3}}],"line":12},"2":{"loc":{"start":{"line":14,"column":9},"end":{"line":18,"column":3}},"type":"if","locations":[{"start":{"line":14,"column":9},"end":{"line":18,"column":3}},{"start":{"line":14,"column":9},"end":{"line":18,"column":3}}],"line":14}},"s":{"0":1,"1":4,"2":4,"3":4,"4":6,"5":4,"6":4,"7":4,"8":4,"9":4,"10":1,"11":3,"12":1,"13":2,"14":1,"15":1,"16":1},"f":{"0":4},"b":{"0":[1,3],"1":[1,2],"2":[1,1]},"_coverageSchema":"1a1c01bbd47fc00a2c39e90264f33305004495a9","hash":"cc23527921b1e0cc5e1e1ab871aa49f0ea3e51b7"}
,"/Users/peter/Projects/JS-Practice/TDD-Exercises-JS/6kyu/formatWordsIntoASentence/formatWordsIntoASentence.js": {"path":"/Users/peter/Projects/JS-Practice/TDD-Exercises-JS/6kyu/formatWordsIntoASentence/formatWordsIntoASentence.js","statementMap":{"0":{"start":{"line":1,"column":0},"end":{"line":7,"column":2}},"1":{"start":{"line":2,"column":19},"end":{"line":2,"column":60}},"2":{"start":{"line":2,"column":49},"end":{"line":2,"column":59}},"3":{"start":{"line":3,"column":14},"end":{"line":3,"column":43}},"4":{"start":{"line":4,"column":19},"end":{"line":4,"column":35}},"5":{"start":{"line":5,"column":21},"end":{"line":5,"column":48}},"6":{"start":{"line":6,"column":2},"end":{"line":6,"column":79}},"7":{"start":{"line":9,"column":0},"end":{"line":9,"column":29}}},"fnMap":{"0":{"name":"(anonymous_0)","decl":{"start":{"line":1,"column":14},"end":{"line":1,"column":15}},"loc":{"start":{"line":1,"column":25},"end":{"line":7,"column":1}},"line":1},"1":{"name":"(anonymous_1)","decl":{"start":{"line":2,"column":40},"end":{"line":2,"column":41}},"loc":{"start":{"line":2,"column":49},"end":{"line":2,"column":59}},"line":2}},"branchMap":{"0":{"loc":{"start":{"line":2,"column":20},"end":{"line":2,"column":31}},"type":"binary-expr","locations":[{"start":{"line":2,"column":20},"end":{"line":2,"column":25}},{"start":{"line":2,"column":29},"end":{"line":2,"column":31}}],"line":2},"1":{"loc":{"start":{"line":6,"column":9},"end":{"line":6,"column":78}},"type":"cond-expr","locations":[{"start":{"line":6,"column":32},"end":{"line":6,"column":44}},{"start":{"line":6,"column":47},"end":{"line":6,"column":78}}],"line":6}},"s":{"0":1,"1":3,"2":4,"3":3,"4":3,"5":3,"6":3,"7":1},"f":{"0":3,"1":4},"b":{"0":[3,0],"1":[2,1]},"_coverageSchema":"1a1c01bbd47fc00a2c39e90264f33305004495a9","hash":"bf065b44e386dd436731b88583c61edf8342b494"}
,"/Users/peter/Projects/JS-Practice/TDD-Exercises-JS/6kyu/higherOrderFunctionsSeriesFindTheOddNames/higherOrderFunctionsSeriesFindTheOddNames.js": {"path":"/Users/peter/Projects/JS-Practice/TDD-Exercises-JS/6kyu/higherOrderFunctionsSeriesFindTheOddNames/higherOrderFunctionsSeriesFindTheOddNames.js","statementMap":{"0":{"start":{"line":1,"column":0},"end":{"line":7,"column":2}},"1":{"start":{"line":2,"column":2},"end":{"line":6,"column":5}},"2":{"start":{"line":3,"column":4},"end":{"line":5,"column":6}},"3":{"start":{"line":4,"column":46},"end":{"line":4,"column":65}},"4":{"start":{"line":9,"column":0},"end":{"line":9,"column":30}}},"fnMap":{"0":{"name":"(anonymous_0)","decl":{"start":{"line":1,"column":15},"end":{"line":1,"column":16}},"loc":{"start":{"line":1,"column":25},"end":{"line":7,"column":1}},"line":1},"1":{"name":"(anonymous_1)","decl":{"start":{"line":2,"column":21},"end":{"line":2,"column":22}},"loc":{"start":{"line":2,"column":29},"end":{"line":6,"column":3}},"line":2},"2":{"name":"(anonymous_2)","decl":{"start":{"line":4,"column":36},"end":{"line":4,"column":37}},"loc":{"start":{"line":4,"column":46},"end":{"line":4,"column":65}},"line":4}},"branchMap":{},"s":{"0":1,"1":1,"2":2,"3":6,"4":1},"f":{"0":1,"1":2,"2":6},"b":{},"_coverageSchema":"1a1c01bbd47fc00a2c39e90264f33305004495a9","hash":"97df4ed331c05149796f62164b16ecb9d2f15eff"}
,"/Users/peter/Projects/JS-Practice/TDD-Exercises-JS/6kyu/ifYouCanReadThis/ifYouCanReadThis.js": {"path":"/Users/peter/Projects/JS-Practice/TDD-Exercises-JS/6kyu/ifYouCanReadThis/ifYouCanReadThis.js","statementMap":{"0":{"start":{"line":1,"column":0},"end":{"line":39,"column":2}},"1":{"start":{"line":2,"column":15},"end":{"line":33,"column":3}},"2":{"start":{"line":34,"column":2},"end":{"line":38,"column":15}},"3":{"start":{"line":36,"column":21},"end":{"line":36,"column":47}},"4":{"start":{"line":37,"column":22},"end":{"line":37,"column":33}},"5":{"start":{"line":41,"column":0},"end":{"line":41,"column":24}}},"fnMap":{"0":{"name":"(anonymous_0)","decl":{"start":{"line":1,"column":9},"end":{"line":1,"column":10}},"loc":{"start":{"line":1,"column":20},"end":{"line":39,"column":1}},"line":1},"1":{"name":"(anonymous_1)","decl":{"start":{"line":36,"column":9},"end":{"line":36,"column":10}},"loc":{"start":{"line":36,"column":21},"end":{"line":36,"column":47}},"line":36},"2":{"name":"(anonymous_2)","decl":{"start":{"line":37,"column":12},"end":{"line":37,"column":13}},"loc":{"start":{"line":37,"column":22},"end":{"line":37,"column":33}},"line":37}},"branchMap":{},"s":{"0":1,"1":1,"2":1,"3":15,"4":15,"5":1},"f":{"0":1,"1":15,"2":15},"b":{},"_coverageSchema":"1a1c01bbd47fc00a2c39e90264f33305004495a9","hash":"2b853050e388840a01c187f6ca536ef2d45f6be6"}
,"/Users/peter/Projects/JS-Practice/TDD-Exercises-JS/6kyu/insideOutStrings/insideOutStrings.js": {"path":"/Users/peter/Projects/JS-Practice/TDD-Exercises-JS/6kyu/insideOutStrings/insideOutStrings.js","statementMap":{"0":{"start":{"line":1,"column":0},"end":{"line":19,"column":2}},"1":{"start":{"line":2,"column":2},"end":{"line":18,"column":15}},"2":{"start":{"line":5,"column":29},"end":{"line":5,"column":44}},"3":{"start":{"line":7,"column":20},"end":{"line":7,"column":78}},"4":{"start":{"line":9,"column":21},"end":{"line":9,"column":77}},"5":{"start":{"line":11,"column":18},"end":{"line":15,"column":17}},"6":{"start":{"line":16,"column":6},"end":{"line":16,"column":34}},"7":{"start":{"line":21,"column":0},"end":{"line":21,"column":27}}},"fnMap":{"0":{"name":"(anonymous_0)","decl":{"start":{"line":1,"column":12},"end":{"line":1,"column":13}},"loc":{"start":{"line":1,"column":19},"end":{"line":19,"column":1}},"line":1},"1":{"name":"(anonymous_1)","decl":{"start":{"line":4,"column":9},"end":{"line":4,"column":10}},"loc":{"start":{"line":4,"column":19},"end":{"line":17,"column":5}},"line":4}},"branchMap":{"0":{"loc":{"start":{"line":9,"column":21},"end":{"line":9,"column":77}},"type":"cond-expr","locations":[{"start":{"line":9,"column":45},"end":{"line":9,"column":72}},{"start":{"line":9,"column":75},"end":{"line":9,"column":77}}],"line":9}},"s":{"0":1,"1":1,"2":8,"3":8,"4":8,"5":8,"6":8,"7":1},"f":{"0":1,"1":8},"b":{"0":[3,5]},"_coverageSchema":"1a1c01bbd47fc00a2c39e90264f33305004495a9","hash":"74d53f001dd2eaf25854b43d397dc8aaaab790c6"}
,"/Users/peter/Projects/JS-Practice/TDD-Exercises-JS/6kyu/longestSubstringUniqueCharacters/longestSubStringUniqueCharacters.js": {"path":"/Users/peter/Projects/JS-Practice/TDD-Exercises-JS/6kyu/longestSubstringUniqueCharacters/longestSubStringUniqueCharacters.js","statementMap":{"0":{"start":{"line":1,"column":0},"end":{"line":18,"column":2}},"1":{"start":{"line":2,"column":14},"end":{"line":2,"column":15}},"2":{"start":{"line":4,"column":2},"end":{"line":16,"column":3}},"3":{"start":{"line":4,"column":15},"end":{"line":4,"column":16}},"4":{"start":{"line":5,"column":19},"end":{"line":5,"column":32}},"5":{"start":{"line":7,"column":4},"end":{"line":15,"column":5}},"6":{"start":{"line":7,"column":17},"end":{"line":7,"column":22}},"7":{"start":{"line":8,"column":27},"end":{"line":8,"column":31}},"8":{"start":{"line":9,"column":6},"end":{"line":13,"column":7}},"9":{"start":{"line":10,"column":8},"end":{"line":10,"column":14}},"10":{"start":{"line":12,"column":8},"end":{"line":12,"column":37}},"11":{"start":{"line":14,"column":6},"end":{"line":14,"column":45}},"12":{"start":{"line":17,"column":2},"end":{"line":17,"column":15}},"13":{"start":{"line":20,"column":0},"end":{"line":20,"column":36}}},"fnMap":{"0":{"name":"(anonymous_0)","decl":{"start":{"line":1,"column":21},"end":{"line":1,"column":22}},"loc":{"start":{"line":1,"column":28},"end":{"line":18,"column":1}},"line":1}},"branchMap":{"0":{"loc":{"start":{"line":9,"column":6},"end":{"line":13,"column":7}},"type":"if","locations":[{"start":{"line":9,"column":6},"end":{"line":13,"column":7}},{"start":{"line":9,"column":6},"end":{"line":13,"column":7}}],"line":9}},"s":{"0":1,"1":1,"2":1,"3":1,"4":6,"5":6,"6":6,"7":8,"8":8,"9":3,"10":5,"11":5,"12":1,"13":1},"f":{"0":1},"b":{"0":[3,5]},"_coverageSchema":"1a1c01bbd47fc00a2c39e90264f33305004495a9","hash":"0329d93b853bbc2bc07d6c36d2559b459c84bc76"}
,"/Users/peter/Projects/JS-Practice/TDD-Exercises-JS/6kyu/matrixAddition/matrixAddition.js": {"path":"/Users/peter/Projects/JS-Practice/TDD-Exercises-JS/6kyu/matrixAddition/matrixAddition.js","statementMap":{"0":{"start":{"line":1,"column":0},"end":{"line":13,"column":2}},"1":{"start":{"line":2,"column":15},"end":{"line":2,"column":17}},"2":{"start":{"line":3,"column":13},"end":{"line":3,"column":15}},"3":{"start":{"line":4,"column":2},"end":{"line":8,"column":3}},"4":{"start":{"line":4,"column":15},"end":{"line":4,"column":16}},"5":{"start":{"line":5,"column":4},"end":{"line":7,"column":5}},"6":{"start":{"line":5,"column":17},"end":{"line":5,"column":18}},"7":{"start":{"line":6,"column":6},"end":{"line":6,"column":37}},"8":{"start":{"line":9,"column":2},"end":{"line":11,"column":3}},"9":{"start":{"line":9,"column":15},"end":{"line":9,"column":16}},"10":{"start":{"line":10,"column":4},"end":{"line":10,"column":47}},"11":{"start":{"line":12,"column":2},"end":{"line":12,"column":16}},"12":{"start":{"line":15,"column":0},"end":{"line":15,"column":32}}},"fnMap":{"0":{"name":"(anonymous_0)","decl":{"start":{"line":1,"column":17},"end":{"line":1,"column":18}},"loc":{"start":{"line":1,"column":27},"end":{"line":13,"column":1}},"line":1}},"branchMap":{},"s":{"0":1,"1":1,"2":1,"3":1,"4":1,"5":3,"6":3,"7":9,"8":1,"9":1,"10":3,"11":1,"12":1},"f":{"0":1},"b":{},"_coverageSchema":"1a1c01bbd47fc00a2c39e90264f33305004495a9","hash":"46667c4ff52849c9095674bd1c24dad584038c59"}
,"/Users/peter/Projects/JS-Practice/TDD-Exercises-JS/6kyu/mexicanWave/mexicanWave.js": {"path":"/Users/peter/Projects/JS-Practice/TDD-Exercises-JS/6kyu/mexicanWave/mexicanWave.js","statementMap":{"0":{"start":{"line":1,"column":0},"end":{"line":9,"column":2}},"1":{"start":{"line":2,"column":15},"end":{"line":2,"column":17}},"2":{"start":{"line":3,"column":15},"end":{"line":3,"column":30}},"3":{"start":{"line":4,"column":2},"end":{"line":7,"column":3}},"4":{"start":{"line":5,"column":4},"end":{"line":5,"column":32}},"5":{"start":{"line":5,"column":23},"end":{"line":5,"column":32}},"6":{"start":{"line":6,"column":4},"end":{"line":6,"column":80}},"7":{"start":{"line":6,"column":38},"end":{"line":6,"column":67}},"8":{"start":{"line":8,"column":2},"end":{"line":8,"column":16}},"9":{"start":{"line":11,"column":0},"end":{"line":11,"column":22}}},"fnMap":{"0":{"name":"(anonymous_0)","decl":{"start":{"line":1,"column":7},"end":{"line":1,"column":8}},"loc":{"start":{"line":1,"column":16},"end":{"line":9,"column":1}},"line":1},"1":{"name":"(anonymous_1)","decl":{"start":{"line":6,"column":27},"end":{"line":6,"column":28}},"loc":{"start":{"line":6,"column":38},"end":{"line":6,"column":67}},"line":6}},"branchMap":{"0":{"loc":{"start":{"line":5,"column":4},"end":{"line":5,"column":32}},"type":"if","locations":[{"start":{"line":5,"column":4},"end":{"line":5,"column":32}},{"start":{"line":5,"column":4},"end":{"line":5,"column":32}}],"line":5},"1":{"loc":{"start":{"line":6,"column":38},"end":{"line":6,"column":67}},"type":"cond-expr","locations":[{"start":{"line":6,"column":48},"end":{"line":6,"column":63}},{"start":{"line":6,"column":66},"end":{"line":6,"column":67}}],"line":6}},"s":{"0":1,"1":1,"2":1,"3":1,"4":5,"5":0,"6":5,"7":25,"8":1,"9":1},"f":{"0":1,"1":25},"b":{"0":[0,5],"1":[5,20]},"_coverageSchema":"1a1c01bbd47fc00a2c39e90264f33305004495a9","hash":"8594dee434f308b626613ec4579ed41c7d111cc7"}
,"/Users/peter/Projects/JS-Practice/TDD-Exercises-JS/6kyu/pairsOfBears/pairsOfBears.js": {"path":"/Users/peter/Projects/JS-Practice/TDD-Exercises-JS/6kyu/pairsOfBears/pairsOfBears.js","statementMap":{"0":{"start":{"line":1,"column":0},"end":{"line":4,"column":2}},"1":{"start":{"line":2,"column":16},"end":{"line":2,"column":43}},"2":{"start":{"line":3,"column":2},"end":{"line":3,"column":45}},"3":{"start":{"line":6,"column":0},"end":{"line":6,"column":23}}},"fnMap":{"0":{"name":"(anonymous_0)","decl":{"start":{"line":1,"column":8},"end":{"line":1,"column":9}},"loc":{"start":{"line":1,"column":18},"end":{"line":4,"column":1}},"line":1}},"branchMap":{"0":{"loc":{"start":{"line":2,"column":16},"end":{"line":2,"column":43}},"type":"binary-expr","locations":[{"start":{"line":2,"column":16},"end":{"line":2,"column":37}},{"start":{"line":2,"column":41},"end":{"line":2,"column":43}}],"line":2}},"s":{"0":1,"1":2,"2":2,"3":1},"f":{"0":2},"b":{"0":[2,0]},"_coverageSchema":"1a1c01bbd47fc00a2c39e90264f33305004495a9","hash":"0a450d454e2af8eaf6e647a39dec00ee59df56ed"}
,"/Users/peter/Projects/JS-Practice/TDD-Exercises-JS/6kyu/prettyDate/prettyDate.js": {"path":"/Users/peter/Projects/JS-Practice/TDD-Exercises-JS/6kyu/prettyDate/prettyDate.js","statementMap":{"0":{"start":{"line":1,"column":0},"end":{"line":17,"column":2}},"1":{"start":{"line":2,"column":18},"end":{"line":2,"column":30}},"2":{"start":{"line":3,"column":16},"end":{"line":3,"column":62}},"3":{"start":{"line":4,"column":15},"end":{"line":4,"column":62}},"4":{"start":{"line":5,"column":15},"end":{"line":5,"column":63}},"5":{"start":{"line":6,"column":2},"end":{"line":6,"column":39}},"6":{"start":{"line":6,"column":21},"end":{"line":6,"column":39}},"7":{"start":{"line":7,"column":2},"end":{"line":7,"column":43}},"8":{"start":{"line":7,"column":21},"end":{"line":7,"column":43}},"9":{"start":{"line":8,"column":2},"end":{"line":8,"column":67}},"10":{"start":{"line":8,"column":35},"end":{"line":8,"column":67}},"11":{"start":{"line":9,"column":2},"end":{"line":9,"column":60}},"12":{"start":{"line":9,"column":38},"end":{"line":9,"column":60}},"13":{"start":{"line":10,"column":2},"end":{"line":10,"column":72}},"14":{"start":{"line":10,"column":40},"end":{"line":10,"column":72}},"15":{"start":{"line":11,"column":2},"end":{"line":11,"column":62}},"16":{"start":{"line":11,"column":41},"end":{"line":11,"column":62}},"17":{"start":{"line":12,"column":2},"end":{"line":12,"column":70}},"18":{"start":{"line":12,"column":42},"end":{"line":12,"column":70}},"19":{"start":{"line":13,"column":2},"end":{"line":13,"column":63}},"20":{"start":{"line":13,"column":44},"end":{"line":13,"column":63}},"21":{"start":{"line":14,"column":2},"end":{"line":14,"column":71}},"22":{"start":{"line":14,"column":45},"end":{"line":14,"column":71}},"23":{"start":{"line":15,"column":2},"end":{"line":15,"column":66}},"24":{"start":{"line":15,"column":46},"end":{"line":15,"column":66}},"25":{"start":{"line":16,"column":2},"end":{"line":16,"column":76}},"26":{"start":{"line":16,"column":49},"end":{"line":16,"column":76}},"27":{"start":{"line":19,"column":0},"end":{"line":19,"column":26}}},"fnMap":{"0":{"name":"(anonymous_0)","decl":{"start":{"line":1,"column":11},"end":{"line":1,"column":12}},"loc":{"start":{"line":1,"column":24},"end":{"line":17,"column":1}},"line":1}},"branchMap":{"0":{"loc":{"start":{"line":6,"column":2},"end":{"line":6,"column":39}},"type":"if","locations":[{"start":{"line":6,"column":2},"end":{"line":6,"column":39}},{"start":{"line":6,"column":2},"end":{"line":6,"column":39}}],"line":6},"1":{"loc":{"start":{"line":7,"column":2},"end":{"line":7,"column":43}},"type":"if","locations":[{"start":{"line":7,"column":2},"end":{"line":7,"column":43}},{"start":{"line":7,"column":2},"end":{"line":7,"column":43}}],"line":7},"2":{"loc":{"start":{"line":8,"column":2},"end":{"line":8,"column":67}},"type":"if","locations":[{"start":{"line":8,"column":2},"end":{"line":8,"column":67}},{"start":{"line":8,"column":2},"end":{"line":8,"column":67}}],"line":8},"3":{"loc":{"start":{"line":8,"column":6},"end":{"line":8,"column":33}},"type":"binary-expr","locations":[{"start":{"line":8,"column":6},"end":{"line":8,"column":18}},{"start":{"line":8,"column":22},"end":{"line":8,"column":33}}],"line":8},"4":{"loc":{"start":{"line":9,"column":2},"end":{"line":9,"column":60}},"type":"if","locations":[{"start":{"line":9,"column":2},"end":{"line":9,"column":60}},{"start":{"line":9,"column":2},"end":{"line":9,"column":60}}],"line":9},"5":{"loc":{"start":{"line":9,"column":6},"end":{"line":9,"column":36}},"type":"binary-expr","locations":[{"start":{"line":9,"column":6},"end":{"line":9,"column":19}},{"start":{"line":9,"column":23},"end":{"line":9,"column":36}}],"line":9},"6":{"loc":{"start":{"line":10,"column":2},"end":{"line":10,"column":72}},"type":"if","locations":[{"start":{"line":10,"column":2},"end":{"line":10,"column":72}},{"start":{"line":10,"column":2},"end":{"line":10,"column":72}}],"line":10},"7":{"loc":{"start":{"line":10,"column":6},"end":{"line":10,"column":38}},"type":"binary-expr","locations":[{"start":{"line":10,"column":6},"end":{"line":10,"column":20}},{"start":{"line":10,"column":24},"end":{"line":10,"column":38}}],"line":10},"8":{"loc":{"start":{"line":11,"column":2},"end":{"line":11,"column":62}},"type":"if","locations":[{"start":{"line":11,"column":2},"end":{"line":11,"column":62}},{"start":{"line":11,"column":2},"end":{"line":11,"column":62}}],"line":11},"9":{"loc":{"start":{"line":11,"column":6},"end":{"line":11,"column":39}},"type":"binary-expr","locations":[{"start":{"line":11,"column":6},"end":{"line":11,"column":21}},{"start":{"line":11,"column":25},"end":{"line":11,"column":39}}],"line":11},"10":{"loc":{"start":{"line":12,"column":2},"end":{"line":12,"column":70}},"type":"if","locations":[{"start":{"line":12,"column":2},"end":{"line":12,"column":70}},{"start":{"line":12,"column":2},"end":{"line":12,"column":70}}],"line":12},"11":{"loc":{"start":{"line":12,"column":6},"end":{"line":12,"column":40}},"type":"binary-expr","locations":[{"start":{"line":12,"column":6},"end":{"line":12,"column":21}},{"start":{"line":12,"column":25},"end":{"line":12,"column":40}}],"line":12},"12":{"loc":{"start":{"line":13,"column":2},"end":{"line":13,"column":63}},"type":"if","locations":[{"start":{"line":13,"column":2},"end":{"line":13,"column":63}},{"start":{"line":13,"column":2},"end":{"line":13,"column":63}}],"line":13},"13":{"loc":{"start":{"line":13,"column":6},"end":{"line":13,"column":42}},"type":"binary-expr","locations":[{"start":{"line":13,"column":6},"end":{"line":13,"column":22}},{"start":{"line":13,"column":26},"end":{"line":13,"column":42}}],"line":13},"14":{"loc":{"start":{"line":14,"column":2},"end":{"line":14,"column":71}},"type":"if","locations":[{"start":{"line":14,"column":2},"end":{"line":14,"column":71}},{"start":{"line":14,"column":2},"end":{"line":14,"column":71}}],"line":14},"15":{"loc":{"start":{"line":14,"column":6},"end":{"line":14,"column":43}},"type":"binary-expr","locations":[{"start":{"line":14,"column":6},"end":{"line":14,"column":23}},{"start":{"line":14,"column":27},"end":{"line":14,"column":43}}],"line":14},"16":{"loc":{"start":{"line":15,"column":2},"end":{"line":15,"column":66}},"type":"if","locations":[{"start":{"line":15,"column":2},"end":{"line":15,"column":66}},{"start":{"line":15,"column":2},"end":{"line":15,"column":66}}],"line":15},"17":{"loc":{"start":{"line":15,"column":6},"end":{"line":15,"column":44}},"type":"binary-expr","locations":[{"start":{"line":15,"column":6},"end":{"line":15,"column":23}},{"start":{"line":15,"column":27},"end":{"line":15,"column":44}}],"line":15},"18":{"loc":{"start":{"line":16,"column":2},"end":{"line":16,"column":76}},"type":"if","locations":[{"start":{"line":16,"column":2},"end":{"line":16,"column":76}},{"start":{"line":16,"column":2},"end":{"line":16,"column":76}}],"line":16},"19":{"loc":{"start":{"line":16,"column":6},"end":{"line":16,"column":47}},"type":"binary-expr","locations":[{"start":{"line":16,"column":6},"end":{"line":16,"column":24}},{"start":{"line":16,"column":28},"end":{"line":16,"column":47}}],"line":16}},"s":{"0":1,"1":5,"2":5,"3":5,"4":5,"5":5,"6":0,"7":5,"8":0,"9":5,"10":1,"11":4,"12":0,"13":4,"14":1,"15":3,"16":0,"17":3,"18":1,"19":2,"20":1,"21":1,"22":0,"23":1,"24":0,"25":1,"26":1,"27":1},"f":{"0":5},"b":{"0":[0,5],"1":[0,5],"2":[1,4],"3":[5,1],"4":[0,4],"5":[4,4],"6":[1,3],"7":[4,4],"8":[0,3],"9":[3,3],"10":[1,2],"11":[3,3],"12":[1,1],"13":[2,2],"14":[0,1],"15":[1,1],"16":[0,1],"17":[1,1],"18":[1,0],"19":[1,1]},"_coverageSchema":"1a1c01bbd47fc00a2c39e90264f33305004495a9","hash":"57e1ff312fb1dc2a8fd115fc9e219410bb341e10"}
[...]
,"/Users/peter/Projects/JS-Practice/TDD-Exercises-JS/7kyu/wordToBinary/wordToBinary.js": {"path":"/Users/peter/Projects/JS-Practice/TDD-Exercises-JS/7kyu/wordToBinary/wordToBinary.js","statementMap":{"0":{"start":{"line":1,"column":0},"end":{"line":2,"column":79}},"1":{"start":{"line":2,"column":2},"end":{"line":2,"column":78}},"2":{"start":{"line":2,"column":22},"end":{"line":2,"column":37}},"3":{"start":{"line":2,"column":50},"end":{"line":2,"column":77}},"4":{"start":{"line":4,"column":0},"end":{"line":4,"column":27}}},"fnMap":{"0":{"name":"(anonymous_0)","decl":{"start":{"line":1,"column":12},"end":{"line":1,"column":13}},"loc":{"start":{"line":2,"column":2},"end":{"line":2,"column":78}},"line":2},"1":{"name":"(anonymous_1)","decl":{"start":{"line":2,"column":15},"end":{"line":2,"column":16}},"loc":{"start":{"line":2,"column":22},"end":{"line":2,"column":37}},"line":2},"2":{"name":"(anonymous_2)","decl":{"start":{"line":2,"column":43},"end":{"line":2,"column":44}},"loc":{"start":{"line":2,"column":50},"end":{"line":2,"column":77}},"line":2}},"branchMap":{},"s":{"0":1,"1":1,"2":3,"3":3,"4":1},"f":{"0":1,"1":3,"2":3},"b":{},"_coverageSchema":"1a1c01bbd47fc00a2c39e90264f33305004495a9","hash":"9ff7663ac3fbf0ad606325ee76cc53f7c1e8b946"}
,"/Users/peter/Projects/JS-Practice/TDD-Exercises-JS/8kyu/DivisibleByGivenNumber/divisibleByGivenNumber.js": {"path":"/Users/peter/Projects/JS-Practice/TDD-Exercises-JS/8kyu/DivisibleByGivenNumber/divisibleByGivenNumber.js","statementMap":{"0":{"start":{"line":1,"column":0},"end":{"line":1,"column":76}},"1":{"start":{"line":1,"column":36},"end":{"line":1,"column":75}},"2":{"start":{"line":1,"column":58},"end":{"line":1,"column":74}},"3":{"start":{"line":3,"column":0},"end":{"line":3,"column":29}}},"fnMap":{"0":{"name":"(anonymous_0)","decl":{"start":{"line":1,"column":14},"end":{"line":1,"column":15}},"loc":{"start":{"line":1,"column":36},"end":{"line":1,"column":75}},"line":1},"1":{"name":"(anonymous_1)","decl":{"start":{"line":1,"column":51},"end":{"line":1,"column":52}},"loc":{"start":{"line":1,"column":58},"end":{"line":1,"column":74}},"line":1}},"branchMap":{},"s":{"0":1,"1":1,"2":6,"3":1},"f":{"0":1,"1":6},"b":{},"_coverageSchema":"1a1c01bbd47fc00a2c39e90264f33305004495a9","hash":"a39bc630438b033268a841001935d80c9a75ec07"}
,"/Users/peter/Projects/JS-Practice/TDD-Exercises-JS/8kyu/Plural/Plural.js": {"path":"/Users/peter/Projects/JS-Practice/TDD-Exercises-JS/8kyu/Plural/Plural.js","statementMap":{"0":{"start":{"line":1,"column":0},"end":{"line":1,"column":24}},"1":{"start":{"line":1,"column":16},"end":{"line":1,"column":23}},"2":{"start":{"line":3,"column":0},"end":{"line":3,"column":24}}},"fnMap":{"0":{"name":"(anonymous_0)","decl":{"start":{"line":1,"column":9},"end":{"line":1,"column":10}},"loc":{"start":{"line":1,"column":16},"end":{"line":1,"column":23}},"line":1}},"branchMap":{},"s":{"0":1,"1":2,"2":1},"f":{"0":2},"b":{},"_coverageSchema":"1a1c01bbd47fc00a2c39e90264f33305004495a9","hash":"48181c92e5dd0a030d8dcac9e1ee82cd8641d641"}
,"/Users/peter/Projects/JS-Practice/TDD-Exercises-JS/8kyu/alternatingCase/alternatingCase.js": {"path":"/Users/peter/Projects/JS-Practice/TDD-Exercises-JS/8kyu/alternatingCase/alternatingCase.js","statementMap":{"0":{"start":{"line":1,"column":0},"end":{"line":6,"column":2}},"1":{"start":{"line":2,"column":2},"end":{"line":5,"column":14}},"2":{"start":{"line":4,"column":17},"end":{"line":4,"column":74}},"3":{"start":{"line":8,"column":0},"end":{"line":8,"column":35}}},"fnMap":{"0":{"name":"(anonymous_0)","decl":{"start":{"line":1,"column":20},"end":{"line":1,"column":21}},"loc":{"start":{"line":1,"column":29},"end":{"line":6,"column":1}},"line":1},"1":{"name":"(anonymous_1)","decl":{"start":{"line":4,"column":9},"end":{"line":4,"column":10}},"loc":{"start":{"line":4,"column":17},"end":{"line":4,"column":74}},"line":4}},"branchMap":{"0":{"loc":{"start":{"line":4,"column":17},"end":{"line":4,"column":74}},"type":"cond-expr","locations":[{"start":{"line":4,"column":41},"end":{"line":4,"column":56}},{"start":{"line":4,"column":59},"end":{"line":4,"column":74}}],"line":4}},"s":{"0":1,"1":1,"2":11,"3":1},"f":{"0":1,"1":11},"b":{"0":[11,0]},"_coverageSchema":"1a1c01bbd47fc00a2c39e90264f33305004495a9","hash":"45d1993f5e8a6c72806aaedec6cf38bac414aedc"}
,"/Users/peter/Projects/JS-Practice/TDD-Exercises-JS/8kyu/areaOrPerimeter/areaOrPerimeter.js": {"path":"/Users/peter/Projects/JS-Practice/TDD-Exercises-JS/8kyu/areaOrPerimeter/areaOrPerimeter.js","statementMap":{"0":{"start":{"line":1,"column":0},"end":{"line":3,"column":2}},"1":{"start":{"line":2,"column":2},"end":{"line":2,"column":38}},"2":{"start":{"line":5,"column":0},"end":{"line":5,"column":33}}},"fnMap":{"0":{"name":"(anonymous_0)","decl":{"start":{"line":1,"column":18},"end":{"line":1,"column":19}},"loc":{"start":{"line":1,"column":28},"end":{"line":3,"column":1}},"line":1}},"branchMap":{"0":{"loc":{"start":{"line":2,"column":9},"end":{"line":2,"column":37}},"type":"cond-expr","locations":[{"start":{"line":2,"column":18},"end":{"line":2,"column":23}},{"start":{"line":2,"column":26},"end":{"line":2,"column":37}}],"line":2}},"s":{"0":1,"1":2,"2":1},"f":{"0":2},"b":{"0":[1,1]},"_coverageSchema":"1a1c01bbd47fc00a2c39e90264f33305004495a9","hash":"4c950dfa49eef2387febe30f9f7653a16e2bd716"}
,"/Users/peter/Projects/JS-Practice/TDD-Exercises-JS/8kyu/doubleChar/doubleChar.js": {"path":"/Users/peter/Projects/JS-Practice/TDD-Exercises-JS/8kyu/doubleChar/doubleChar.js","statementMap":{"0":{"start":{"line":1,"column":0},"end":{"line":4,"column":2}},"1":{"start":{"line":2,"column":21},"end":{"line":2,"column":57}},"2":{"start":{"line":2,"column":46},"end":{"line":2,"column":56}},"3":{"start":{"line":3,"column":2},"end":{"line":3,"column":31}},"4":{"start":{"line":6,"column":0},"end":{"line":6,"column":28}}},"fnMap":{"0":{"name":"(anonymous_0)","decl":{"start":{"line":1,"column":13},"end":{"line":1,"column":14}},"loc":{"start":{"line":1,"column":22},"end":{"line":4,"column":1}},"line":1},"1":{"name":"(anonymous_1)","decl":{"start":{"line":2,"column":39},"end":{"line":2,"column":40}},"loc":{"start":{"line":2,"column":46},"end":{"line":2,"column":56}},"line":2}},"branchMap":{},"s":{"0":1,"1":1,"2":4,"3":1,"4":1},"f":{"0":1,"1":4},"b":{},"_coverageSchema":"1a1c01bbd47fc00a2c39e90264f33305004495a9","hash":"37e91283f253edb1973866e7c15f7fb305b78bd5"}
,"/Users/peter/Projects/JS-Practice/TDD-Exercises-JS/8kyu/drinkAbout/drinkAbout.js": {"path":"/Users/peter/Projects/JS-Practice/TDD-Exercises-JS/8kyu/drinkAbout/drinkAbout.js","statementMap":{"0":{"start":{"line":1,"column":0},"end":{"line":3,"column":74}},"1":{"start":{"line":2,"column":2},"end":{"line":3,"column":73}},"2":{"start":{"line":5,"column":0},"end":{"line":5,"column":36}}},"fnMap":{"0":{"name":"(anonymous_0)","decl":{"start":{"line":1,"column":21},"end":{"line":1,"column":22}},"loc":{"start":{"line":2,"column":2},"end":{"line":3,"column":73}},"line":2}},"branchMap":{"0":{"loc":{"start":{"line":3,"column":3},"end":{"line":3,"column":72}},"type":"cond-expr","locations":[{"start":{"line":3,"column":14},"end":{"line":3,"column":21}},{"start":{"line":3,"column":24},"end":{"line":3,"column":72}}],"line":3},"1":{"loc":{"start":{"line":3,"column":24},"end":{"line":3,"column":72}},"type":"cond-expr","locations":[{"start":{"line":3,"column":35},"end":{"line":3,"column":41}},{"start":{"line":3,"column":44},"end":{"line":3,"column":72}}],"line":3},"2":{"loc":{"start":{"line":3,"column":44},"end":{"line":3,"column":72}},"type":"cond-expr","locations":[{"start":{"line":3,"column":55},"end":{"line":3,"column":61}},{"start":{"line":3,"column":64},"end":{"line":3,"column":72}}],"line":3}},"s":{"0":1,"1":4,"2":1},"f":{"0":4},"b":{"0":[1,3],"1":[1,2],"2":[1,1]},"_coverageSchema":"1a1c01bbd47fc00a2c39e90264f33305004495a9","hash":"22d196db70bf2a007cdd84701e80b9d836a569d5"}
,"/Users/peter/Projects/JS-Practice/TDD-Exercises-JS/8kyu/findTheFirstNonConsecutiveNumber/findTheFirstNonConsecutiveNumber.js": {"path":"/Users/peter/Projects/JS-Practice/TDD-Exercises-JS/8kyu/findTheFirstNonConsecutiveNumber/findTheFirstNonConsecutiveNumber.js","statementMap":{"0":{"start":{"line":1,"column":0},"end":{"line":7,"column":2}},"1":{"start":{"line":2,"column":15},"end":{"line":2,"column":17}},"2":{"start":{"line":3,"column":2},"end":{"line":5,"column":3}},"3":{"start":{"line":3,"column":15},"end":{"line":3,"column":16}},"4":{"start":{"line":4,"column":4},"end":{"line":4,"column":59}},"5":{"start":{"line":4,"column":35},"end":{"line":4,"column":59}},"6":{"start":{"line":6,"column":2},"end":{"line":6,"column":51}},"7":{"start":{"line":9,"column":0},"end":{"line":9,"column":37}}},"fnMap":{"0":{"name":"(anonymous_0)","decl":{"start":{"line":1,"column":22},"end":{"line":1,"column":23}},"loc":{"start":{"line":1,"column":31},"end":{"line":7,"column":1}},"line":1}},"branchMap":{"0":{"loc":{"start":{"line":4,"column":4},"end":{"line":4,"column":59}},"type":"if","locations":[{"start":{"line":4,"column":4},"end":{"line":4,"column":59}},{"start":{"line":4,"column":4},"end":{"line":4,"column":59}}],"line":4},"1":{"loc":{"start":{"line":6,"column":9},"end":{"line":6,"column":50}},"type":"cond-expr","locations":[{"start":{"line":6,"column":34},"end":{"line":6,"column":38}},{"start":{"line":6,"column":41},"end":{"line":6,"column":50}}],"line":6}},"s":{"0":1,"1":2,"2":2,"3":2,"4":20,"5":5,"6":2,"7":1},"f":{"0":2},"b":{"0":[5,15],"1":[1,1]},"_coverageSchema":"1a1c01bbd47fc00a2c39e90264f33305004495a9","hash":"be0bccabb560849cd3073aae51899b035299ff84"}
,"/Users/peter/Projects/JS-Practice/TDD-Exercises-JS/8kyu/isThereAVowelInThere/isThereAVowelInThere.js": {"path":"/Users/peter/Projects/JS-Practice/TDD-Exercises-JS/8kyu/isThereAVowelInThere/isThereAVowelInThere.js","statementMap":{"0":{"start":{"line":1,"column":0},"end":{"line":12,"column":2}},"1":{"start":{"line":2,"column":2},"end":{"line":11,"column":37}},"2":{"start":{"line":4,"column":6},"end":{"line":9,"column":28}},"3":{"start":{"line":11,"column":17},"end":{"line":11,"column":34}},"4":{"start":{"line":14,"column":0},"end":{"line":14,"column":23}}},"fnMap":{"0":{"name":"(anonymous_0)","decl":{"start":{"line":1,"column":8},"end":{"line":1,"column":9}},"loc":{"start":{"line":1,"column":15},"end":{"line":12,"column":1}},"line":1},"1":{"name":"(anonymous_1)","decl":{"start":{"line":3,"column":9},"end":{"line":3,"column":10}},"loc":{"start":{"line":4,"column":6},"end":{"line":9,"column":28}},"line":4},"2":{"name":"(anonymous_2)","decl":{"start":{"line":11,"column":9},"end":{"line":11,"column":10}},"loc":{"start":{"line":11,"column":17},"end":{"line":11,"column":34}},"line":11}},"branchMap":{"0":{"loc":{"start":{"line":11,"column":17},"end":{"line":11,"column":34}},"type":"cond-expr","locations":[{"start":{"line":11,"column":28},"end":{"line":11,"column":29}},{"start":{"line":11,"column":32},"end":{"line":11,"column":34}}],"line":11}},"s":{"0":1,"1":1,"2":17,"3":17,"4":1},"f":{"0":1,"1":17,"2":17},"b":{"0":[3,14]},"_coverageSchema":"1a1c01bbd47fc00a2c39e90264f33305004495a9","hash":"45adaed3354a5446d3b07dda5429ffb89398fea5"}
,"/Users/peter/Projects/JS-Practice/TDD-Exercises-JS/8kyu/rockPaperScissors/rockPaperScissors.js": {"path":"/Users/peter/Projects/JS-Practice/TDD-Exercises-JS/8kyu/rockPaperScissors/rockPaperScissors.js","statementMap":{"0":{"start":{"line":1,"column":0},"end":{"line":13,"column":2}},"1":{"start":{"line":2,"column":2},"end":{"line":12,"column":3}},"2":{"start":{"line":3,"column":4},"end":{"line":3,"column":19}},"3":{"start":{"line":4,"column":9},"end":{"line":12,"column":3}},"4":{"start":{"line":9,"column":4},"end":{"line":9,"column":27}},"5":{"start":{"line":11,"column":4},"end":{"line":11,"column":27}},"6":{"start":{"line":27,"column":0},"end":{"line":27,"column":21}}},"fnMap":{"0":{"name":"(anonymous_0)","decl":{"start":{"line":1,"column":6},"end":{"line":1,"column":7}},"loc":{"start":{"line":1,"column":18},"end":{"line":13,"column":1}},"line":1}},"branchMap":{"0":{"loc":{"start":{"line":2,"column":2},"end":{"line":12,"column":3}},"type":"if","locations":[{"start":{"line":2,"column":2},"end":{"line":12,"column":3}},{"start":{"line":2,"column":2},"end":{"line":12,"column":3}}],"line":2},"1":{"loc":{"start":{"line":4,"column":9},"end":{"line":12,"column":3}},"type":"if","locations":[{"start":{"line":4,"column":9},"end":{"line":12,"column":3}},{"start":{"line":4,"column":9},"end":{"line":12,"column":3}}],"line":4},"2":{"loc":{"start":{"line":5,"column":4},"end":{"line":7,"column":35}},"type":"binary-expr","locations":[{"start":{"line":5,"column":5},"end":{"line":5,"column":21}},{"start":{"line":5,"column":25},"end":{"line":5,"column":38}},{"start":{"line":6,"column":5},"end":{"line":6,"column":17}},{"start":{"line":6,"column":21},"end":{"line":6,"column":37}},{"start":{"line":7,"column":5},"end":{"line":7,"column":18}},{"start":{"line":7,"column":22},"end":{"line":7,"column":34}}],"line":5}},"s":{"0":1,"1":3,"2":1,"3":2,"4":1,"5":1,"6":1},"f":{"0":3},"b":{"0":[1,2],"1":[1,1],"2":[2,1,2,1,1,0]},"_coverageSchema":"1a1c01bbd47fc00a2c39e90264f33305004495a9","hash":"f5ab808d175a2bf9b0a36c88047983eb2d46644b"}
,"/Users/peter/Projects/JS-Practice/TDD-Exercises-JS/8kyu/sumOfPositive/sumOfPositive.js": {"path":"/Users/peter/Projects/JS-Practice/TDD-Exercises-JS/8kyu/sumOfPositive/sumOfPositive.js","statementMap":{"0":{"start":{"line":1,"column":0},"end":{"line":1,"column":75}},"1":{"start":{"line":1,"column":23},"end":{"line":1,"column":74}},"2":{"start":{"line":1,"column":41},"end":{"line":1,"column":46}},"3":{"start":{"line":1,"column":65},"end":{"line":1,"column":70}},"4":{"start":{"line":3,"column":0},"end":{"line":3,"column":29}}},"fnMap":{"0":{"name":"(anonymous_0)","decl":{"start":{"line":1,"column":14},"end":{"line":1,"column":15}},"loc":{"start":{"line":1,"column":23},"end":{"line":1,"column":74}},"line":1},"1":{"name":"(anonymous_1)","decl":{"start":{"line":1,"column":34},"end":{"line":1,"column":35}},"loc":{"start":{"line":1,"column":41},"end":{"line":1,"column":46}},"line":1},"2":{"name":"(anonymous_2)","decl":{"start":{"line":1,"column":55},"end":{"line":1,"column":56}},"loc":{"start":{"line":1,"column":65},"end":{"line":1,"column":70}},"line":1}},"branchMap":{},"s":{"0":1,"1":2,"2":10,"3":5,"4":1},"f":{"0":2,"1":10,"2":5},"b":{},"_coverageSchema":"1a1c01bbd47fc00a2c39e90264f33305004495a9","hash":"9d8c23e6115853e21b88ad077449152c797694b2"}
,"/Users/peter/Projects/JS-Practice/TDD-Exercises-JS/8kyu/superDuperEasy/superDuperEasy.js": {"path":"/Users/peter/Projects/JS-Practice/TDD-Exercises-JS/8kyu/superDuperEasy/superDuperEasy.js","statementMap":{"0":{"start":{"line":1,"column":0},"end":{"line":1,"column":63}},"1":{"start":{"line":1,"column":18},"end":{"line":1,"column":61}},"2":{"start":{"line":3,"column":0},"end":{"line":3,"column":25}}},"fnMap":{"0":{"name":"(anonymous_0)","decl":{"start":{"line":1,"column":10},"end":{"line":1,"column":11}},"loc":{"start":{"line":1,"column":18},"end":{"line":1,"column":61}},"line":1}},"branchMap":{"0":{"loc":{"start":{"line":1,"column":18},"end":{"line":1,"column":61}},"type":"cond-expr","locations":[{"start":{"line":1,"column":41},"end":{"line":1,"column":48}},{"start":{"line":1,"column":51},"end":{"line":1,"column":61}}],"line":1}},"s":{"0":1,"1":2,"2":1},"f":{"0":2},"b":{"0":[1,1]},"_coverageSchema":"1a1c01bbd47fc00a2c39e90264f33305004495a9","hash":"0e33c73046f441977a3583c9b43cfa4edc24c7a7"}
,"/Users/peter/Projects/JS-Practice/TDD-Exercises-JS/8kyu/toSquareOrNotToSquare/toSquareOrNotToSquare.js": {"path":"/Users/peter/Projects/JS-Practice/TDD-Exercises-JS/8kyu/toSquareOrNotToSquare/toSquareOrNotToSquare.js","statementMap":{"0":{"start":{"line":1,"column":0},"end":{"line":9,"column":2}},"1":{"start":{"line":2,"column":15},"end":{"line":2,"column":17}},"2":{"start":{"line":3,"column":2},"end":{"line":7,"column":3}},"3":{"start":{"line":3,"column":15},"end":{"line":3,"column":16}},"4":{"start":{"line":4,"column":4},"end":{"line":6,"column":33}},"5":{"start":{"line":8,"column":2},"end":{"line":8,"column":16}},"6":{"start":{"line":11,"column":0},"end":{"line":11,"column":36}}},"fnMap":{"0":{"name":"(anonymous_0)","decl":{"start":{"line":1,"column":21},"end":{"line":1,"column":22}},"loc":{"start":{"line":1,"column":30},"end":{"line":9,"column":1}},"line":1}},"branchMap":{"0":{"loc":{"start":{"line":4,"column":4},"end":{"line":6,"column":32}},"type":"cond-expr","locations":[{"start":{"line":5,"column":8},"end":{"line":5,"column":38}},{"start":{"line":6,"column":8},"end":{"line":6,"column":32}}],"line":4}},"s":{"0":1,"1":1,"2":1,"3":1,"4":6,"5":1,"6":1},"f":{"0":1},"b":{"0":[3,3]},"_coverageSchema":"1a1c01bbd47fc00a2c39e90264f33305004495a9","hash":"e24a7e547cb0a1e9ab3b3418d63017b62e7a82e2"}
,"/Users/peter/Projects/JS-Practice/TDD-Exercises-JS/8kyu/totalAmountOfPoints/totalAmountOfPoints.js": {"path":"/Users/peter/Projects/JS-Practice/TDD-Exercises-JS/8kyu/totalAmountOfPoints/totalAmountOfPoints.js","statementMap":{"0":{"start":{"line":1,"column":0},"end":{"line":10,"column":2}},"1":{"start":{"line":2,"column":14},"end":{"line":2,"column":15}},"2":{"start":{"line":3,"column":2},"end":{"line":8,"column":3}},"3":{"start":{"line":3,"column":15},"end":{"line":3,"column":16}},"4":{"start":{"line":4,"column":14},"end":{"line":4,"column":33}},"5":{"start":{"line":5,"column":10},"end":{"line":5,"column":29}},"6":{"start":{"line":6,"column":4},"end":{"line":6,"column":26}},"7":{"start":{"line":6,"column":15},"end":{"line":6,"column":26}},"8":{"start":{"line":7,"column":4},"end":{"line":7,"column":27}},"9":{"start":{"line":7,"column":16},"end":{"line":7,"column":27}},"10":{"start":{"line":9,"column":2},"end":{"line":9,"column":15}},"11":{"start":{"line":12,"column":0},"end":{"line":12,"column":24}}},"fnMap":{"0":{"name":"(anonymous_0)","decl":{"start":{"line":1,"column":9},"end":{"line":1,"column":10}},"loc":{"start":{"line":1,"column":20},"end":{"line":10,"column":1}},"line":1}},"branchMap":{"0":{"loc":{"start":{"line":6,"column":4},"end":{"line":6,"column":26}},"type":"if","locations":[{"start":{"line":6,"column":4},"end":{"line":6,"column":26}},{"start":{"line":6,"column":4},"end":{"line":6,"column":26}}],"line":6},"1":{"loc":{"start":{"line":7,"column":4},"end":{"line":7,"column":27}},"type":"if","locations":[{"start":{"line":7,"column":4},"end":{"line":7,"column":27}},{"start":{"line":7,"column":4},"end":{"line":7,"column":27}}],"line":7}},"s":{"0":1,"1":1,"2":1,"3":1,"4":10,"5":10,"6":10,"7":3,"8":10,"9":3,"10":1,"11":1},"f":{"0":1},"b":{"0":[3,7],"1":[3,7]},"_coverageSchema":"1a1c01bbd47fc00a2c39e90264f33305004495a9","hash":"7f8c60cc03be8d899ad5b5a2f7b3efa7ece363e9"}
,"/Users/peter/Projects/JS-Practice/TDD-Exercises-JS/8kyu/whoIsGoingToPayForTheWall/whoIsGoingToPayForTheWall.js": {"path":"/Users/peter/Projects/JS-Practice/TDD-Exercises-JS/8kyu/whoIsGoingToPayForTheWall/whoIsGoingToPayForTheWall.js","statementMap":{"0":{"start":{"line":1,"column":0},"end":{"line":3,"column":2}},"1":{"start":{"line":2,"column":2},"end":{"line":2,"column":71}},"2":{"start":{"line":5,"column":0},"end":{"line":5,"column":29}}},"fnMap":{"0":{"name":"(anonymous_0)","decl":{"start":{"line":1,"column":14},"end":{"line":1,"column":15}},"loc":{"start":{"line":1,"column":24},"end":{"line":3,"column":1}},"line":1}},"branchMap":{"0":{"loc":{"start":{"line":2,"column":9},"end":{"line":2,"column":70}},"type":"cond-expr","locations":[{"start":{"line":2,"column":28},"end":{"line":2,"column":43}},{"start":{"line":2,"column":46},"end":{"line":2,"column":70}}],"line":2}},"s":{"0":1,"1":2,"2":1},"f":{"0":2},"b":{"0":[1,1]},"_coverageSchema":"1a1c01bbd47fc00a2c39e90264f33305004495a9","hash":"5e248594c314ede3619fe83931d1f2048c8ddd31"}
}
