{"/Users/peter/Projects/JS-Practice/TDD-Exercises-JS/5kyu/domainName/domainName.js": {"path":"/Users/peter/Projects/JS-Practice/TDD-Exercises-JS/5kyu/domainName/domainName.js","statementMap":{"0":{"start":{"line":1,"column":0},"end":{"line":6,"column":2}},"1":{"start":{"line":2,"column":2},"end":{"line":2,"column":35}},"2":{"start":{"line":3,"column":2},"end":{"line":3,"column":36}},"3":{"start":{"line":4,"column":2},"end":{"line":4,"column":32}},"4":{"start":{"line":5,"column":2},"end":{"line":5,"column":27}},"5":{"start":{"line":8,"column":0},"end":{"line":8,"column":28}}},"fnMap":{"0":{"name":"(anonymous_0)","decl":{"start":{"line":1,"column":13},"end":{"line":1,"column":14}},"loc":{"start":{"line":1,"column":22},"end":{"line":6,"column":1}},"line":1}},"branchMap":{},"s":{"0":1,"1":3,"2":3,"3":3,"4":3,"5":1},"f":{"0":3},"b":{},"_coverageSchema":"1a1c01bbd47fc00a2c39e90264f33305004495a9","hash":"4a9bd108e1fea680b5f425681eb813b46e4842da"}
,"/Users/peter/Projects/JS-Practice/TDD-Exercises-JS/5kyu/jumbleSentence/jumbleSentence.js": {"path":"/Users/peter/Projects/JS-Practice/TDD-Exercises-JS/5kyu/jumbleSentence/jumbleSentence.js","statementMap":{"0":{"start":{"line":1,"column":0},"end":{"line":33,"column":2}},"1":{"start":{"line":3,"column":14},"end":{"line":3,"column":30}},"2":{"start":{"line":4,"column":16},"end":{"line":4,"column":18}},"3":{"start":{"line":5,"column":20},"end":{"line":5,"column":24}},"4":{"start":{"line":6,"column":2},"end":{"line":29,"column":3}},"5":{"start":{"line":6,"column":15},"end":{"line":6,"column":16}},"6":{"start":{"line":7,"column":15},"end":{"line":7,"column":23}},"7":{"start":{"line":8,"column":4},"end":{"line":28,"column":5}},"8":{"start":{"line":8,"column":17},"end":{"line":8,"column":18}},"9":{"start":{"line":9,"column":6},"end":{"line":17,"column":7}},"10":{"start":{"line":10,"column":8},"end":{"line":10,"column":29}},"11":{"start":{"line":11,"column":8},"end":{"line":11,"column":51}},"12":{"start":{"line":12,"column":28},"end":{"line":12,"column":64}},"13":{"start":{"line":13,"column":8},"end":{"line":13,"column":47}},"14":{"start":{"line":14,"column":8},"end":{"line":14,"column":44}},"15":{"start":{"line":15,"column":8},"end":{"line":15,"column":29}},"16":{"start":{"line":16,"column":8},"end":{"line":16,"column":27}},"17":{"start":{"line":18,"column":6},"end":{"line":18,"column":35}},"18":{"start":{"line":19,"column":6},"end":{"line":19,"column":24}},"19":{"start":{"line":20,"column":6},"end":{"line":23,"column":7}},"20":{"start":{"line":21,"column":8},"end":{"line":21,"column":32}},"21":{"start":{"line":22,"column":8},"end":{"line":22,"column":28}},"22":{"start":{"line":24,"column":6},"end":{"line":24,"column":27}},"23":{"start":{"line":25,"column":6},"end":{"line":27,"column":7}},"24":{"start":{"line":26,"column":8},"end":{"line":26,"column":27}},"25":{"start":{"line":30,"column":2},"end":{"line":30,"column":16}},"26":{"start":{"line":31,"column":2},"end":{"line":31,"column":30}},"27":{"start":{"line":32,"column":2},"end":{"line":32,"column":17}},"28":{"start":{"line":35,"column":0},"end":{"line":35,"column":32}}},"fnMap":{"0":{"name":"(anonymous_0)","decl":{"start":{"line":1,"column":17},"end":{"line":1,"column":18}},"loc":{"start":{"line":1,"column":28},"end":{"line":33,"column":1}},"line":1}},"branchMap":{"0":{"loc":{"start":{"line":9,"column":6},"end":{"line":17,"column":7}},"type":"if","locations":[{"start":{"line":9,"column":6},"end":{"line":17,"column":7}},{"start":{"line":9,"column":6},"end":{"line":17,"column":7}}],"line":9},"1":{"loc":{"start":{"line":20,"column":6},"end":{"line":23,"column":7}},"type":"if","locations":[{"start":{"line":20,"column":6},"end":{"line":23,"column":7}},{"start":{"line":20,"column":6},"end":{"line":23,"column":7}}],"line":20},"2":{"loc":{"start":{"line":20,"column":10},"end":{"line":20,"column":43}},"type":"binary-expr","locations":[{"start":{"line":20,"column":10},"end":{"line":20,"column":28}},{"start":{"line":20,"column":32},"end":{"line":20,"column":43}}],"line":20},"3":{"loc":{"start":{"line":25,"column":6},"end":{"line":27,"column":7}},"type":"if","locations":[{"start":{"line":25,"column":6},"end":{"line":27,"column":7}},{"start":{"line":25,"column":6},"end":{"line":27,"column":7}}],"line":25}},"s":{"0":1,"1":1,"2":1,"3":1,"4":1,"5":1,"6":7,"7":7,"8":7,"9":22,"10":2,"11":2,"12":2,"13":2,"14":2,"15":2,"16":2,"17":22,"18":22,"19":22,"20":1,"21":1,"22":22,"23":22,"24":6,"25":1,"26":1,"27":1,"28":1},"f":{"0":1},"b":{"0":[2,20],"1":[1,21],"2":[22,4],"3":[6,16]},"_coverageSchema":"1a1c01bbd47fc00a2c39e90264f33305004495a9","hash":"2523e1d7cb46ec9194d3823bea2f4e421190b0d6"}
,"/Users/peter/Projects/JS-Practice/TDD-Exercises-JS/5kyu/movingZerosToEnd/movingZerosToEnd.js": {"path":"/Users/peter/Projects/JS-Practice/TDD-Exercises-JS/5kyu/movingZerosToEnd/movingZerosToEnd.js","statementMap":{"0":{"start":{"line":1,"column":0},"end":{"line":2,"column":64}},"1":{"start":{"line":2,"column":2},"end":{"line":2,"column":63}},"2":{"start":{"line":2,"column":20},"end":{"line":2,"column":27}},"3":{"start":{"line":2,"column":54},"end":{"line":2,"column":61}},"4":{"start":{"line":4,"column":0},"end":{"line":4,"column":27}}},"fnMap":{"0":{"name":"(anonymous_0)","decl":{"start":{"line":1,"column":12},"end":{"line":1,"column":13}},"loc":{"start":{"line":2,"column":2},"end":{"line":2,"column":63}},"line":2},"1":{"name":"(anonymous_1)","decl":{"start":{"line":2,"column":13},"end":{"line":2,"column":14}},"loc":{"start":{"line":2,"column":20},"end":{"line":2,"column":27}},"line":2},"2":{"name":"(anonymous_2)","decl":{"start":{"line":2,"column":47},"end":{"line":2,"column":48}},"loc":{"start":{"line":2,"column":54},"end":{"line":2,"column":61}},"line":2}},"branchMap":{},"s":{"0":1,"1":1,"2":9,"3":9,"4":1},"f":{"0":1,"1":9,"2":9},"b":{},"_coverageSchema":"1a1c01bbd47fc00a2c39e90264f33305004495a9","hash":"4d0b21f56811f05dce1d9c4a81a7352455c390be"}
,"/Users/peter/Projects/JS-Practice/TDD-Exercises-JS/5kyu/simplePigLatin/simplePigLatin.js": {"path":"/Users/peter/Projects/JS-Practice/TDD-Exercises-JS/5kyu/simplePigLatin/simplePigLatin.js","statementMap":{"0":{"start":{"line":1,"column":0},"end":{"line":15,"column":2}},"1":{"start":{"line":2,"column":12},"end":{"line":2,"column":26}},"2":{"start":{"line":3,"column":19},"end":{"line":8,"column":17}},"3":{"start":{"line":5,"column":6},"end":{"line":5,"column":49}},"4":{"start":{"line":9,"column":18},"end":{"line":13,"column":14}},"5":{"start":{"line":11,"column":6},"end":{"line":11,"column":49}},"6":{"start":{"line":14,"column":2},"end":{"line":14,"column":73}},"7":{"start":{"line":17,"column":0},"end":{"line":17,"column":23}}},"fnMap":{"0":{"name":"(anonymous_0)","decl":{"start":{"line":1,"column":8},"end":{"line":1,"column":9}},"loc":{"start":{"line":1,"column":17},"end":{"line":15,"column":1}},"line":1},"1":{"name":"(anonymous_1)","decl":{"start":{"line":4,"column":9},"end":{"line":4,"column":10}},"loc":{"start":{"line":4,"column":16},"end":{"line":6,"column":5}},"line":4},"2":{"name":"(anonymous_2)","decl":{"start":{"line":10,"column":9},"end":{"line":10,"column":10}},"loc":{"start":{"line":10,"column":16},"end":{"line":12,"column":5}},"line":10}},"branchMap":{"0":{"loc":{"start":{"line":14,"column":9},"end":{"line":14,"column":72}},"type":"cond-expr","locations":[{"start":{"line":14,"column":50},"end":{"line":14,"column":60}},{"start":{"line":14,"column":63},"end":{"line":14,"column":72}}],"line":14},"1":{"loc":{"start":{"line":14,"column":9},"end":{"line":14,"column":47}},"type":"binary-expr","locations":[{"start":{"line":14,"column":9},"end":{"line":14,"column":26}},{"start":{"line":14,"column":30},"end":{"line":14,"column":47}}],"line":14}},"s":{"0":1,"1":2,"2":2,"3":7,"4":2,"5":7,"6":2,"7":1},"f":{"0":2,"1":7,"2":7},"b":{"0":[1,1],"1":[2,2]},"_coverageSchema":"1a1c01bbd47fc00a2c39e90264f33305004495a9","hash":"3ffbd6e806b7547694eb49375a7ac3ad2e03aceb"}
,"/Users/peter/Projects/JS-Practice/TDD-Exercises-JS/6kyu/arrayDiff/arrayDiff.js": {"path":"/Users/peter/Projects/JS-Practice/TDD-Exercises-JS/6kyu/arrayDiff/arrayDiff.js","statementMap":{"0":{"start":{"line":1,"column":0},"end":{"line":1,"column":54}},"1":{"start":{"line":1,"column":22},"end":{"line":1,"column":53}},"2":{"start":{"line":1,"column":38},"end":{"line":1,"column":52}},"3":{"start":{"line":3,"column":0},"end":{"line":3,"column":27}}},"fnMap":{"0":{"name":"(anonymous_0)","decl":{"start":{"line":1,"column":12},"end":{"line":1,"column":13}},"loc":{"start":{"line":1,"column":22},"end":{"line":1,"column":53}},"line":1},"1":{"name":"(anonymous_1)","decl":{"start":{"line":1,"column":31},"end":{"line":1,"column":32}},"loc":{"start":{"line":1,"column":38},"end":{"line":1,"column":52}},"line":1}},"branchMap":{},"s":{"0":1,"1":1,"2":5,"3":1},"f":{"0":1,"1":5},"b":{},"_coverageSchema":"1a1c01bbd47fc00a2c39e90264f33305004495a9","hash":"a792c4bc025f6fe56e15ebba6b6ceb084afdfb57"}
,"/Users/peter/Projects/JS-Practice/TDD-Exercises-JS/6kyu/camelCaseMethod/camelCaseMethod.js": {"path":"/Users/peter/Projects/JS-Practice/TDD-Exercises-JS/6kyu/camelCaseMethod/camelCaseMethod.js","statementMap":{"0":{"start":{"line":1,"column":0},"end":{"line":7,"column":2}},"1":{"start":{"line":2,"column":2},"end":{"line":6,"column":14}},"2":{"start":{"line":4,"column":19},"end":{"line":4,"column":20}},"3":{"start":{"line":5,"column":16},"end":{"line":5,"column":47}},"4":{"start":{"line":9,"column":0},"end":{"line":9,"column":27}}},"fnMap":{"0":{"name":"(anonymous_0)","decl":{"start":{"line":1,"column":12},"end":{"line":1,"column":13}},"loc":{"start":{"line":1,"column":21},"end":{"line":7,"column":1}},"line":1},"1":{"name":"(anonymous_1)","decl":{"start":{"line":4,"column":12},"end":{"line":4,"column":13}},"loc":{"start":{"line":4,"column":19},"end":{"line":4,"column":20}},"line":4},"2":{"name":"(anonymous_2)","decl":{"start":{"line":5,"column":9},"end":{"line":5,"column":10}},"loc":{"start":{"line":5,"column":16},"end":{"line":5,"column":47}},"line":5}},"branchMap":{},"s":{"0":1,"1":1,"2":2,"3":2,"4":1},"f":{"0":1,"1":2,"2":2},"b":{},"_coverageSchema":"1a1c01bbd47fc00a2c39e90264f33305004495a9","hash":"4306e8e693582530cda03c9a2d8b5a5cf32198f4"}
,"/Users/peter/Projects/JS-Practice/TDD-Exercises-JS/6kyu/countCharsInString/countCharsInYourString.js": {"path":"/Users/peter/Projects/JS-Practice/TDD-Exercises-JS/6kyu/countCharsInString/countCharsInYourString.js","statementMap":{"0":{"start":{"line":1,"column":0},"end":{"line":7,"column":2}},"1":{"start":{"line":2,"column":15},"end":{"line":2,"column":17}},"2":{"start":{"line":3,"column":2},"end":{"line":5,"column":5}},"3":{"start":{"line":4,"column":4},"end":{"line":4,"column":33}},"4":{"start":{"line":6,"column":2},"end":{"line":6,"column":14}},"5":{"start":{"line":9,"column":0},"end":{"line":9,"column":23}}},"fnMap":{"0":{"name":"(anonymous_0)","decl":{"start":{"line":1,"column":8},"end":{"line":1,"column":9}},"loc":{"start":{"line":1,"column":17},"end":{"line":7,"column":1}},"line":1},"1":{"name":"(anonymous_1)","decl":{"start":{"line":3,"column":22},"end":{"line":3,"column":23}},"loc":{"start":{"line":3,"column":29},"end":{"line":5,"column":3}},"line":3}},"branchMap":{"0":{"loc":{"start":{"line":4,"column":15},"end":{"line":4,"column":27}},"type":"binary-expr","locations":[{"start":{"line":4,"column":15},"end":{"line":4,"column":22}},{"start":{"line":4,"column":26},"end":{"line":4,"column":27}}],"line":4}},"s":{"0":1,"1":2,"2":2,"3":3,"4":2,"5":1},"f":{"0":2,"1":3},"b":{"0":[3,2]},"_coverageSchema":"1a1c01bbd47fc00a2c39e90264f33305004495a9","hash":"e1060370e006281d4c279c50d40578b215c7f776"}
,"/Users/peter/Projects/JS-Practice/TDD-Exercises-JS/6kyu/countingDuplicates/countingDuplicates.js": {"path":"/Users/peter/Projects/JS-Practice/TDD-Exercises-JS/6kyu/countingDuplicates/countingDuplicates.js","statementMap":{"0":{"start":{"line":1,"column":0},"end":{"line":9,"column":11}},"1":{"start":{"line":2,"column":2},"end":{"line":9,"column":10}},"2":{"start":{"line":11,"column":0},"end":{"line":11,"column":32}}},"fnMap":{"0":{"name":"(anonymous_0)","decl":{"start":{"line":1,"column":17},"end":{"line":1,"column":18}},"loc":{"start":{"line":2,"column":2},"end":{"line":9,"column":10}},"line":2}},"branchMap":{"0":{"loc":{"start":{"line":3,"column":4},"end":{"line":8,"column":31}},"type":"binary-expr","locations":[{"start":{"line":3,"column":4},"end":{"line":8,"column":25}},{"start":{"line":8,"column":29},"end":{"line":8,"column":31}}],"line":3}},"s":{"0":1,"1":2,"2":1},"f":{"0":2},"b":{"0":[2,1]},"_coverageSchema":"1a1c01bbd47fc00a2c39e90264f33305004495a9","hash":"ad4b4a7603b0d6b9d83eb4e7740854ffdcb604a0"}
,"/Users/peter/Projects/JS-Practice/TDD-Exercises-JS/6kyu/findTheMissingLetter/findTheMissingLetter.js": {"path":"/Users/peter/Projects/JS-Practice/TDD-Exercises-JS/6kyu/findTheMissingLetter/findTheMissingLetter.js","statementMap":{"0":{"start":{"line":1,"column":0},"end":{"line":10,"column":2}},"1":{"start":{"line":2,"column":14},"end":{"line":2,"column":26}},"2":{"start":{"line":4,"column":2},"end":{"line":8,"column":3}},"3":{"start":{"line":4,"column":15},"end":{"line":4,"column":16}},"4":{"start":{"line":5,"column":4},"end":{"line":7,"column":5}},"5":{"start":{"line":6,"column":6},"end":{"line":6,"column":65}},"6":{"start":{"line":9,"column":2},"end":{"line":9,"column":23}},"7":{"start":{"line":12,"column":0},"end":{"line":12,"column":35}}},"fnMap":{"0":{"name":"(anonymous_0)","decl":{"start":{"line":1,"column":20},"end":{"line":1,"column":21}},"loc":{"start":{"line":1,"column":29},"end":{"line":10,"column":1}},"line":1}},"branchMap":{"0":{"loc":{"start":{"line":5,"column":4},"end":{"line":7,"column":5}},"type":"if","locations":[{"start":{"line":5,"column":4},"end":{"line":7,"column":5}},{"start":{"line":5,"column":4},"end":{"line":7,"column":5}}],"line":5}},"s":{"0":1,"1":1,"2":1,"3":1,"4":5,"5":1,"6":1,"7":1},"f":{"0":1},"b":{"0":[1,4]},"_coverageSchema":"1a1c01bbd47fc00a2c39e90264f33305004495a9","hash":"0e5226b2e9be9630b225f4e1ac6468948984dc34"}
,"/Users/peter/Projects/JS-Practice/TDD-Exercises-JS/6kyu/findTheOddInt/findTheOddInt.js": {"path":"/Users/peter/Projects/JS-Practice/TDD-Exercises-JS/6kyu/findTheOddInt/findTheOddInt.js","statementMap":{"0":{"start":{"line":1,"column":0},"end":{"line":1,"column":43}},"1":{"start":{"line":1,"column":17},"end":{"line":1,"column":42}},"2":{"start":{"line":1,"column":36},"end":{"line":1,"column":41}},"3":{"start":{"line":3,"column":0},"end":{"line":3,"column":25}}},"fnMap":{"0":{"name":"(anonymous_0)","decl":{"start":{"line":1,"column":10},"end":{"line":1,"column":11}},"loc":{"start":{"line":1,"column":17},"end":{"line":1,"column":42}},"line":1},"1":{"name":"(anonymous_1)","decl":{"start":{"line":1,"column":26},"end":{"line":1,"column":27}},"loc":{"start":{"line":1,"column":36},"end":{"line":1,"column":41}},"line":1}},"branchMap":{},"s":{"0":1,"1":1,"2":16,"3":1},"f":{"0":1,"1":16},"b":{},"_coverageSchema":"1a1c01bbd47fc00a2c39e90264f33305004495a9","hash":"a603aae6fdfa7b05a66665fc8000bca2e650e233"}
,"/Users/peter/Projects/JS-Practice/TDD-Exercises-JS/6kyu/findUniqueNumber/findUniqueNumber.js": {"path":"/Users/peter/Projects/JS-Practice/TDD-Exercises-JS/6kyu/findUniqueNumber/findUniqueNumber.js","statementMap":{"0":{"start":{"line":1,"column":0},"end":{"line":2,"column":75}},"1":{"start":{"line":2,"column":2},"end":{"line":2,"column":74}},"2":{"start":{"line":2,"column":27},"end":{"line":2,"column":63}},"3":{"start":{"line":4,"column":0},"end":{"line":4,"column":26}}},"fnMap":{"0":{"name":"(anonymous_0)","decl":{"start":{"line":1,"column":11},"end":{"line":1,"column":12}},"loc":{"start":{"line":2,"column":2},"end":{"line":2,"column":74}},"line":2},"1":{"name":"(anonymous_1)","decl":{"start":{"line":2,"column":20},"end":{"line":2,"column":21}},"loc":{"start":{"line":2,"column":27},"end":{"line":2,"column":63}},"line":2}},"branchMap":{},"s":{"0":1,"1":1,"2":7,"3":1},"f":{"0":1,"1":7},"b":{},"_coverageSchema":"1a1c01bbd47fc00a2c39e90264f33305004495a9","hash":"45ed2492f26151131bcf21b55058110ee4dbc8c8"}
,"/Users/peter/Projects/JS-Practice/TDD-Exercises-JS/6kyu/mexicanWave/mexicanWave.js": {"path":"/Users/peter/Projects/JS-Practice/TDD-Exercises-JS/6kyu/mexicanWave/mexicanWave.js","statementMap":{"0":{"start":{"line":1,"column":0},"end":{"line":9,"column":2}},"1":{"start":{"line":2,"column":15},"end":{"line":2,"column":17}},"2":{"start":{"line":3,"column":15},"end":{"line":3,"column":30}},"3":{"start":{"line":4,"column":2},"end":{"line":7,"column":3}},"4":{"start":{"line":5,"column":4},"end":{"line":5,"column":32}},"5":{"start":{"line":5,"column":23},"end":{"line":5,"column":32}},"6":{"start":{"line":6,"column":4},"end":{"line":6,"column":80}},"7":{"start":{"line":6,"column":38},"end":{"line":6,"column":67}},"8":{"start":{"line":8,"column":2},"end":{"line":8,"column":16}},"9":{"start":{"line":11,"column":0},"end":{"line":11,"column":22}}},"fnMap":{"0":{"name":"(anonymous_0)","decl":{"start":{"line":1,"column":7},"end":{"line":1,"column":8}},"loc":{"start":{"line":1,"column":16},"end":{"line":9,"column":1}},"line":1},"1":{"name":"(anonymous_1)","decl":{"start":{"line":6,"column":27},"end":{"line":6,"column":28}},"loc":{"start":{"line":6,"column":38},"end":{"line":6,"column":67}},"line":6}},"branchMap":{"0":{"loc":{"start":{"line":5,"column":4},"end":{"line":5,"column":32}},"type":"if","locations":[{"start":{"line":5,"column":4},"end":{"line":5,"column":32}},{"start":{"line":5,"column":4},"end":{"line":5,"column":32}}],"line":5},"1":{"loc":{"start":{"line":6,"column":38},"end":{"line":6,"column":67}},"type":"cond-expr","locations":[{"start":{"line":6,"column":48},"end":{"line":6,"column":63}},{"start":{"line":6,"column":66},"end":{"line":6,"column":67}}],"line":6}},"s":{"0":1,"1":1,"2":1,"3":1,"4":5,"5":0,"6":5,"7":25,"8":1,"9":1},"f":{"0":1,"1":25},"b":{"0":[0,5],"1":[5,20]},"_coverageSchema":"1a1c01bbd47fc00a2c39e90264f33305004495a9","hash":"8594dee434f308b626613ec4579ed41c7d111cc7"}
,"/Users/peter/Projects/JS-Practice/TDD-Exercises-JS/6kyu/replaceWithAlphabetPosition/replaceWithAlphabetPosition.js": {"path":"/Users/peter/Projects/JS-Practice/TDD-Exercises-JS/6kyu/replaceWithAlphabetPosition/replaceWithAlphabetPosition.js","statementMap":{"0":{"start":{"line":1,"column":0},"end":{"line":12,"column":2}},"1":{"start":{"line":2,"column":18},"end":{"line":5,"column":14}},"2":{"start":{"line":6,"column":17},"end":{"line":6,"column":45}},"3":{"start":{"line":7,"column":15},"end":{"line":7,"column":17}},"4":{"start":{"line":8,"column":2},"end":{"line":10,"column":3}},"5":{"start":{"line":8,"column":15},"end":{"line":8,"column":16}},"6":{"start":{"line":9,"column":4},"end":{"line":9,"column":52}},"7":{"start":{"line":11,"column":2},"end":{"line":11,"column":47}},"8":{"start":{"line":11,"column":30},"end":{"line":11,"column":35}},"9":{"start":{"line":14,"column":0},"end":{"line":14,"column":34}}},"fnMap":{"0":{"name":"(anonymous_0)","decl":{"start":{"line":1,"column":19},"end":{"line":1,"column":20}},"loc":{"start":{"line":1,"column":29},"end":{"line":12,"column":1}},"line":1},"1":{"name":"(anonymous_1)","decl":{"start":{"line":11,"column":23},"end":{"line":11,"column":24}},"loc":{"start":{"line":11,"column":30},"end":{"line":11,"column":35}},"line":11}},"branchMap":{},"s":{"0":1,"1":1,"2":1,"3":1,"4":1,"5":1,"6":33,"7":1,"8":33,"9":1},"f":{"0":1,"1":33},"b":{},"_coverageSchema":"1a1c01bbd47fc00a2c39e90264f33305004495a9","hash":"2001702b885fb959c2e03a1522c70425d0d792c6"}
,"/Users/peter/Projects/JS-Practice/TDD-Exercises-JS/6kyu/selectiveArrayReversing/selectiveReversing.js": {"path":"/Users/peter/Projects/JS-Practice/TDD-Exercises-JS/6kyu/selectiveArrayReversing/selectiveReversing.js","statementMap":{"0":{"start":{"line":1,"column":0},"end":{"line":10,"column":2}},"1":{"start":{"line":2,"column":2},"end":{"line":4,"column":3}},"2":{"start":{"line":3,"column":4},"end":{"line":3,"column":17}},"3":{"start":{"line":5,"column":15},"end":{"line":5,"column":17}},"4":{"start":{"line":6,"column":2},"end":{"line":8,"column":3}},"5":{"start":{"line":6,"column":15},"end":{"line":6,"column":16}},"6":{"start":{"line":7,"column":4},"end":{"line":7,"column":57}},"7":{"start":{"line":9,"column":2},"end":{"line":9,"column":16}},"8":{"start":{"line":12,"column":0},"end":{"line":12,"column":28}}},"fnMap":{"0":{"name":"(anonymous_0)","decl":{"start":{"line":1,"column":13},"end":{"line":1,"column":14}},"loc":{"start":{"line":1,"column":32},"end":{"line":10,"column":1}},"line":1}},"branchMap":{"0":{"loc":{"start":{"line":2,"column":2},"end":{"line":4,"column":3}},"type":"if","locations":[{"start":{"line":2,"column":2},"end":{"line":4,"column":3}},{"start":{"line":2,"column":2},"end":{"line":4,"column":3}}],"line":2}},"s":{"0":1,"1":2,"2":1,"3":1,"4":1,"5":1,"6":3,"7":1,"8":1},"f":{"0":2},"b":{"0":[1,1]},"_coverageSchema":"1a1c01bbd47fc00a2c39e90264f33305004495a9","hash":"e82140a65156586476f94093083eacdc836d5f92"}
,"/Users/peter/Projects/JS-Practice/TDD-Exercises-JS/6kyu/splitStrings/splitStrings.js": {"path":"/Users/peter/Projects/JS-Practice/TDD-Exercises-JS/6kyu/splitStrings/splitStrings.js","statementMap":{"0":{"start":{"line":1,"column":0},"end":{"line":3,"column":2}},"1":{"start":{"line":2,"column":2},"end":{"line":2,"column":49}},"2":{"start":{"line":5,"column":0},"end":{"line":5,"column":26}}},"fnMap":{"0":{"name":"(anonymous_0)","decl":{"start":{"line":1,"column":11},"end":{"line":1,"column":12}},"loc":{"start":{"line":1,"column":20},"end":{"line":3,"column":1}},"line":1}},"branchMap":{"0":{"loc":{"start":{"line":2,"column":9},"end":{"line":2,"column":48}},"type":"cond-expr","locations":[{"start":{"line":2,"column":21},"end":{"line":2,"column":23}},{"start":{"line":2,"column":26},"end":{"line":2,"column":48}}],"line":2}},"s":{"0":1,"1":1,"2":1},"f":{"0":1},"b":{"0":[0,1]},"_coverageSchema":"1a1c01bbd47fc00a2c39e90264f33305004495a9","hash":"dff8b6351207ebcd011e7cbbecaa0ba861d6365f"}
,"/Users/peter/Projects/JS-Practice/TDD-Exercises-JS/6kyu/stopGninnipSMySdroW/stopGninnipSMySdroW.js": {"path":"/Users/peter/Projects/JS-Practice/TDD-Exercises-JS/6kyu/stopGninnipSMySdroW/stopGninnipSMySdroW.js","statementMap":{"0":{"start":{"line":1,"column":0},"end":{"line":11,"column":2}},"1":{"start":{"line":2,"column":2},"end":{"line":10,"column":14}},"2":{"start":{"line":5,"column":18},"end":{"line":5,"column":29}},"3":{"start":{"line":6,"column":6},"end":{"line":6,"column":49}},"4":{"start":{"line":13,"column":0},"end":{"line":13,"column":27}}},"fnMap":{"0":{"name":"(anonymous_0)","decl":{"start":{"line":1,"column":12},"end":{"line":1,"column":13}},"loc":{"start":{"line":1,"column":22},"end":{"line":11,"column":1}},"line":1},"1":{"name":"(anonymous_1)","decl":{"start":{"line":4,"column":9},"end":{"line":4,"column":10}},"loc":{"start":{"line":4,"column":16},"end":{"line":7,"column":5}},"line":4}},"branchMap":{"0":{"loc":{"start":{"line":6,"column":13},"end":{"line":6,"column":48}},"type":"cond-expr","locations":[{"start":{"line":6,"column":29},"end":{"line":6,"column":42}},{"start":{"line":6,"column":45},"end":{"line":6,"column":48}}],"line":6}},"s":{"0":1,"1":1,"2":3,"3":3,"4":1},"f":{"0":1,"1":3},"b":{"0":[2,1]},"_coverageSchema":"1a1c01bbd47fc00a2c39e90264f33305004495a9","hash":"7b95fdac5c55df802feb6b995a3276a66bd54c38"}
,"/Users/peter/Projects/JS-Practice/TDD-Exercises-JS/6kyu/stringToCamelCase/stringToCamelCase.js": {"path":"/Users/peter/Projects/JS-Practice/TDD-Exercises-JS/6kyu/stringToCamelCase/stringToCamelCase.js","statementMap":{"0":{"start":{"line":1,"column":0},"end":{"line":3,"column":2}},"1":{"start":{"line":2,"column":2},"end":{"line":2,"column":62}},"2":{"start":{"line":2,"column":41},"end":{"line":2,"column":60}},"3":{"start":{"line":5,"column":0},"end":{"line":5,"column":29}}},"fnMap":{"0":{"name":"(anonymous_0)","decl":{"start":{"line":1,"column":14},"end":{"line":1,"column":15}},"loc":{"start":{"line":1,"column":23},"end":{"line":3,"column":1}},"line":1},"1":{"name":"(anonymous_1)","decl":{"start":{"line":2,"column":33},"end":{"line":2,"column":34}},"loc":{"start":{"line":2,"column":41},"end":{"line":2,"column":60}},"line":2}},"branchMap":{},"s":{"0":1,"1":2,"2":2,"3":1},"f":{"0":2,"1":2},"b":{},"_coverageSchema":"1a1c01bbd47fc00a2c39e90264f33305004495a9","hash":"cd36d0099f31231439c8ff76cf1d2b8a1d0a6068"}
,"/Users/peter/Projects/JS-Practice/TDD-Exercises-JS/6kyu/sumOfDigits/sumOfDigits.js": {"path":"/Users/peter/Projects/JS-Practice/TDD-Exercises-JS/6kyu/sumOfDigits/sumOfDigits.js","statementMap":{"0":{"start":{"line":1,"column":0},"end":{"line":10,"column":2}},"1":{"start":{"line":2,"column":2},"end":{"line":8,"column":3}},"2":{"start":{"line":3,"column":4},"end":{"line":7,"column":31}},"3":{"start":{"line":6,"column":18},"end":{"line":6,"column":20}},"4":{"start":{"line":7,"column":24},"end":{"line":7,"column":29}},"5":{"start":{"line":9,"column":2},"end":{"line":9,"column":11}},"6":{"start":{"line":12,"column":0},"end":{"line":12,"column":29}}},"fnMap":{"0":{"name":"(anonymous_0)","decl":{"start":{"line":1,"column":14},"end":{"line":1,"column":15}},"loc":{"start":{"line":1,"column":21},"end":{"line":10,"column":1}},"line":1},"1":{"name":"(anonymous_1)","decl":{"start":{"line":6,"column":11},"end":{"line":6,"column":12}},"loc":{"start":{"line":6,"column":18},"end":{"line":6,"column":20}},"line":6},"2":{"name":"(anonymous_2)","decl":{"start":{"line":7,"column":14},"end":{"line":7,"column":15}},"loc":{"start":{"line":7,"column":24},"end":{"line":7,"column":29}},"line":7}},"branchMap":{},"s":{"0":1,"1":2,"2":3,"3":7,"4":4,"5":2,"6":1},"f":{"0":2,"1":7,"2":4},"b":{},"_coverageSchema":"1a1c01bbd47fc00a2c39e90264f33305004495a9","hash":"897a080d0ff06ad5946c547c6882ade397c8a668"}
,"/Users/peter/Projects/JS-Practice/TDD-Exercises-JS/6kyu/sumOfTwoIntegers/sumOfTwoIntegers.js": {"path":"/Users/peter/Projects/JS-Practice/TDD-Exercises-JS/6kyu/sumOfTwoIntegers/sumOfTwoIntegers.js","statementMap":{"0":{"start":{"line":1,"column":0},"end":{"line":3,"column":2}},"1":{"start":{"line":2,"column":2},"end":{"line":2,"column":47}},"2":{"start":{"line":5,"column":0},"end":{"line":5,"column":21}}},"fnMap":{"0":{"name":"(anonymous_0)","decl":{"start":{"line":1,"column":6},"end":{"line":1,"column":7}},"loc":{"start":{"line":1,"column":16},"end":{"line":3,"column":1}},"line":1}},"branchMap":{"0":{"loc":{"start":{"line":2,"column":9},"end":{"line":2,"column":46}},"type":"cond-expr","locations":[{"start":{"line":2,"column":18},"end":{"line":2,"column":19}},{"start":{"line":2,"column":22},"end":{"line":2,"column":46}}],"line":2}},"s":{"0":1,"1":4,"2":1},"f":{"0":4},"b":{"0":[1,3]},"_coverageSchema":"1a1c01bbd47fc00a2c39e90264f33305004495a9","hash":"9d8393090fbff6876e0f16e81a48fe8eb7078131"}
,"/Users/peter/Projects/JS-Practice/TDD-Exercises-JS/6kyu/sumTwoArrays/sumTwoArrays.js": {"path":"/Users/peter/Projects/JS-Practice/TDD-Exercises-JS/6kyu/sumTwoArrays/sumTwoArrays.js","statementMap":{"0":{"start":{"line":1,"column":0},"end":{"line":14,"column":2}},"1":{"start":{"line":2,"column":23},"end":{"line":2,"column":48}},"2":{"start":{"line":3,"column":23},"end":{"line":3,"column":48}},"3":{"start":{"line":4,"column":20},"end":{"line":4,"column":51}},"4":{"start":{"line":5,"column":2},"end":{"line":13,"column":3}},"5":{"start":{"line":6,"column":4},"end":{"line":6,"column":14}},"6":{"start":{"line":7,"column":9},"end":{"line":13,"column":3}},"7":{"start":{"line":8,"column":4},"end":{"line":8,"column":18}},"8":{"start":{"line":9,"column":9},"end":{"line":13,"column":3}},"9":{"start":{"line":10,"column":4},"end":{"line":10,"column":18}},"10":{"start":{"line":12,"column":4},"end":{"line":12,"column":61}},"11":{"start":{"line":16,"column":0},"end":{"line":16,"column":27}}},"fnMap":{"0":{"name":"(anonymous_0)","decl":{"start":{"line":1,"column":12},"end":{"line":1,"column":13}},"loc":{"start":{"line":1,"column":32},"end":{"line":14,"column":1}},"line":1}},"branchMap":{"0":{"loc":{"start":{"line":5,"column":2},"end":{"line":13,"column":3}},"type":"if","locations":[{"start":{"line":5,"column":2},"end":{"line":13,"column":3}},{"start":{"line":5,"column":2},"end":{"line":13,"column":3}}],"line":5},"1":{"loc":{"start":{"line":5,"column":6},"end":{"line":5,"column":46}},"type":"binary-expr","locations":[{"start":{"line":5,"column":6},"end":{"line":5,"column":24}},{"start":{"line":5,"column":28},"end":{"line":5,"column":46}}],"line":5},"2":{"loc":{"start":{"line":7,"column":9},"end":{"line":13,"column":3}},"type":"if","locations":[{"start":{"line":7,"column":9},"end":{"line":13,"column":3}},{"start":{"line":7,"column":9},"end":{"line":13,"column":3}}],"line":7},"3":{"loc":{"start":{"line":9,"column":9},"end":{"line":13,"column":3}},"type":"if","locations":[{"start":{"line":9,"column":9},"end":{"line":13,"column":3}},{"start":{"line":9,"column":9},"end":{"line":13,"column":3}}],"line":9}},"s":{"0":1,"1":3,"2":3,"3":3,"4":3,"5":1,"6":2,"7":0,"8":2,"9":0,"10":2,"11":1},"f":{"0":3},"b":{"0":[1,2],"1":[3,1],"2":[0,2],"3":[0,2]},"_coverageSchema":"1a1c01bbd47fc00a2c39e90264f33305004495a9","hash":"f2f5c63c7de74c01be5014aeb6f54bc7adcde11c"}
,"/Users/peter/Projects/JS-Practice/TDD-Exercises-JS/6kyu/tenMinuteWalk/tenMinuteWalk.js": {"path":"/Users/peter/Projects/JS-Practice/TDD-Exercises-JS/6kyu/tenMinuteWalk/tenMinuteWalk.js","statementMap":{"0":{"start":{"line":1,"column":0},"end":{"line":17,"column":2}},"1":{"start":{"line":2,"column":10},"end":{"line":4,"column":4}},"2":{"start":{"line":3,"column":4},"end":{"line":3,"column":24}},"3":{"start":{"line":5,"column":10},"end":{"line":7,"column":4}},"4":{"start":{"line":6,"column":4},"end":{"line":6,"column":24}},"5":{"start":{"line":8,"column":10},"end":{"line":10,"column":4}},"6":{"start":{"line":9,"column":4},"end":{"line":9,"column":24}},"7":{"start":{"line":11,"column":10},"end":{"line":13,"column":4}},"8":{"start":{"line":12,"column":4},"end":{"line":12,"column":24}},"9":{"start":{"line":14,"column":2},"end":{"line":16,"column":12}},"10":{"start":{"line":19,"column":0},"end":{"line":19,"column":31}}},"fnMap":{"0":{"name":"(anonymous_0)","decl":{"start":{"line":1,"column":16},"end":{"line":1,"column":17}},"loc":{"start":{"line":1,"column":26},"end":{"line":17,"column":1}},"line":1},"1":{"name":"(anonymous_1)","decl":{"start":{"line":2,"column":22},"end":{"line":2,"column":23}},"loc":{"start":{"line":2,"column":32},"end":{"line":4,"column":3}},"line":2},"2":{"name":"(anonymous_2)","decl":{"start":{"line":5,"column":22},"end":{"line":5,"column":23}},"loc":{"start":{"line":5,"column":32},"end":{"line":7,"column":3}},"line":5},"3":{"name":"(anonymous_3)","decl":{"start":{"line":8,"column":22},"end":{"line":8,"column":23}},"loc":{"start":{"line":8,"column":32},"end":{"line":10,"column":3}},"line":8},"4":{"name":"(anonymous_4)","decl":{"start":{"line":11,"column":22},"end":{"line":11,"column":23}},"loc":{"start":{"line":11,"column":32},"end":{"line":13,"column":3}},"line":11}},"branchMap":{"0":{"loc":{"start":{"line":14,"column":9},"end":{"line":16,"column":11}},"type":"cond-expr","locations":[{"start":{"line":15,"column":6},"end":{"line":15,"column":10}},{"start":{"line":16,"column":6},"end":{"line":16,"column":11}}],"line":14},"1":{"loc":{"start":{"line":14,"column":9},"end":{"line":14,"column":74}},"type":"binary-expr","locations":[{"start":{"line":14,"column":9},"end":{"line":14,"column":26}},{"start":{"line":14,"column":30},"end":{"line":14,"column":50}},{"start":{"line":14,"column":54},"end":{"line":14,"column":74}}],"line":14}},"s":{"0":1,"1":6,"2":50,"3":6,"4":50,"5":6,"6":50,"7":6,"8":50,"9":6,"10":1},"f":{"0":6,"1":50,"2":50,"3":50,"4":50},"b":{"0":[2,4],"1":[6,3,3]},"_coverageSchema":"1a1c01bbd47fc00a2c39e90264f33305004495a9","hash":"3cced4b270697b05071d11d2a30772b0121e617d"}
,"/Users/peter/Projects/JS-Practice/TDD-Exercises-JS/6kyu/timeLikeStringFormat/timeLikeStringFormat.js": {"path":"/Users/peter/Projects/JS-Practice/TDD-Exercises-JS/6kyu/timeLikeStringFormat/timeLikeStringFormat.js","statementMap":{"0":{"start":{"line":1,"column":0},"end":{"line":13,"column":2}},"1":{"start":{"line":2,"column":15},"end":{"line":2,"column":40}},"2":{"start":{"line":3,"column":19},"end":{"line":3,"column":26}},"3":{"start":{"line":4,"column":19},"end":{"line":4,"column":44}},"4":{"start":{"line":5,"column":18},"end":{"line":5,"column":41}},"5":{"start":{"line":6,"column":2},"end":{"line":12,"column":3}},"6":{"start":{"line":7,"column":4},"end":{"line":7,"column":16}},"7":{"start":{"line":8,"column":9},"end":{"line":12,"column":3}},"8":{"start":{"line":9,"column":4},"end":{"line":9,"column":36}},"9":{"start":{"line":11,"column":4},"end":{"line":11,"column":36}},"10":{"start":{"line":15,"column":0},"end":{"line":15,"column":26}}},"fnMap":{"0":{"name":"(anonymous_0)","decl":{"start":{"line":1,"column":11},"end":{"line":1,"column":12}},"loc":{"start":{"line":1,"column":21},"end":{"line":13,"column":1}},"line":1}},"branchMap":{"0":{"loc":{"start":{"line":6,"column":2},"end":{"line":12,"column":3}},"type":"if","locations":[{"start":{"line":6,"column":2},"end":{"line":12,"column":3}},{"start":{"line":6,"column":2},"end":{"line":12,"column":3}}],"line":6},"1":{"loc":{"start":{"line":6,"column":6},"end":{"line":6,"column":40}},"type":"binary-expr","locations":[{"start":{"line":6,"column":6},"end":{"line":6,"column":21}},{"start":{"line":6,"column":25},"end":{"line":6,"column":40}}],"line":6},"2":{"loc":{"start":{"line":8,"column":9},"end":{"line":12,"column":3}},"type":"if","locations":[{"start":{"line":8,"column":9},"end":{"line":12,"column":3}},{"start":{"line":8,"column":9},"end":{"line":12,"column":3}}],"line":8}},"s":{"0":1,"1":2,"2":2,"3":2,"4":2,"5":2,"6":1,"7":1,"8":1,"9":0,"10":1},"f":{"0":2},"b":{"0":[1,1],"1":[2,1],"2":[1,0]},"_coverageSchema":"1a1c01bbd47fc00a2c39e90264f33305004495a9","hash":"7ad1894f0f5db76a6264350c07d3906d099a7e21"}
,"/Users/peter/Projects/JS-Practice/TDD-Exercises-JS/6kyu/twoSum/twoSum.js": {"path":"/Users/peter/Projects/JS-Practice/TDD-Exercises-JS/6kyu/twoSum/twoSum.js","statementMap":{"0":{"start":{"line":1,"column":0},"end":{"line":10,"column":2}},"1":{"start":{"line":2,"column":20},"end":{"line":2,"column":34}},"2":{"start":{"line":3,"column":2},"end":{"line":9,"column":3}},"3":{"start":{"line":3,"column":15},"end":{"line":3,"column":16}},"4":{"start":{"line":4,"column":4},"end":{"line":8,"column":5}},"5":{"start":{"line":4,"column":17},"end":{"line":4,"column":18}},"6":{"start":{"line":5,"column":6},"end":{"line":7,"column":7}},"7":{"start":{"line":6,"column":8},"end":{"line":6,"column":22}},"8":{"start":{"line":12,"column":0},"end":{"line":12,"column":24}}},"fnMap":{"0":{"name":"(anonymous_0)","decl":{"start":{"line":1,"column":9},"end":{"line":1,"column":10}},"loc":{"start":{"line":1,"column":30},"end":{"line":10,"column":1}},"line":1}},"branchMap":{"0":{"loc":{"start":{"line":5,"column":6},"end":{"line":7,"column":7}},"type":"if","locations":[{"start":{"line":5,"column":6},"end":{"line":7,"column":7}},{"start":{"line":5,"column":6},"end":{"line":7,"column":7}}],"line":5}},"s":{"0":1,"1":1,"2":1,"3":1,"4":2,"5":2,"6":4,"7":1,"8":1},"f":{"0":1},"b":{"0":[1,3]},"_coverageSchema":"1a1c01bbd47fc00a2c39e90264f33305004495a9","hash":"706e4d3744a31dcecb49c5b65c6f79d57c9c84dd"}
,"/Users/peter/Projects/JS-Practice/TDD-Exercises-JS/6kyu/uniqueInOrder/uniqueInOrder.js": {"path":"/Users/peter/Projects/JS-Practice/TDD-Exercises-JS/6kyu/uniqueInOrder/uniqueInOrder.js","statementMap":{"0":{"start":{"line":1,"column":0},"end":{"line":3,"column":2}},"1":{"start":{"line":2,"column":2},"end":{"line":2,"column":53}},"2":{"start":{"line":2,"column":35},"end":{"line":2,"column":51}},"3":{"start":{"line":5,"column":0},"end":{"line":5,"column":31}}},"fnMap":{"0":{"name":"(anonymous_0)","decl":{"start":{"line":1,"column":16},"end":{"line":1,"column":17}},"loc":{"start":{"line":1,"column":25},"end":{"line":3,"column":1}},"line":1},"1":{"name":"(anonymous_1)","decl":{"start":{"line":2,"column":25},"end":{"line":2,"column":26}},"loc":{"start":{"line":2,"column":35},"end":{"line":2,"column":51}},"line":2}},"branchMap":{},"s":{"0":1,"1":1,"2":5,"3":1},"f":{"0":1,"1":5},"b":{},"_coverageSchema":"1a1c01bbd47fc00a2c39e90264f33305004495a9","hash":"b4ce992886e2817af785ce21d4e8505f348d4e71"}
,"/Users/peter/Projects/JS-Practice/TDD-Exercises-JS/6kyu/validBraces/validBraces.js": {"path":"/Users/peter/Projects/JS-Practice/TDD-Exercises-JS/6kyu/validBraces/validBraces.js","statementMap":{"0":{"start":{"line":1,"column":0},"end":{"line":6,"column":2}},"1":{"start":{"line":2,"column":2},"end":{"line":4,"column":3}},"2":{"start":{"line":2,"column":15},"end":{"line":2,"column":16}},"3":{"start":{"line":3,"column":4},"end":{"line":3,"column":74}},"4":{"start":{"line":5,"column":2},"end":{"line":5,"column":43}},"5":{"start":{"line":8,"column":0},"end":{"line":8,"column":29}}},"fnMap":{"0":{"name":"(anonymous_0)","decl":{"start":{"line":1,"column":14},"end":{"line":1,"column":15}},"loc":{"start":{"line":1,"column":26},"end":{"line":6,"column":1}},"line":1}},"branchMap":{"0":{"loc":{"start":{"line":5,"column":9},"end":{"line":5,"column":42}},"type":"cond-expr","locations":[{"start":{"line":5,"column":30},"end":{"line":5,"column":34}},{"start":{"line":5,"column":37},"end":{"line":5,"column":42}}],"line":5}},"s":{"0":1,"1":2,"2":2,"3":13,"4":2,"5":1},"f":{"0":2},"b":{"0":[1,1]},"_coverageSchema":"1a1c01bbd47fc00a2c39e90264f33305004495a9","hash":"d66299721b9d7c14c10eeab8997fe2719f35eda0"}
,"/Users/peter/Projects/JS-Practice/TDD-Exercises-JS/6kyu/weirdStringCase/weirdStringCase.js": {"path":"/Users/peter/Projects/JS-Practice/TDD-Exercises-JS/6kyu/weirdStringCase/weirdStringCase.js","statementMap":{"0":{"start":{"line":1,"column":0},"end":{"line":13,"column":2}},"1":{"start":{"line":2,"column":2},"end":{"line":12,"column":15}},"2":{"start":{"line":5,"column":6},"end":{"line":10,"column":18}},"3":{"start":{"line":8,"column":10},"end":{"line":8,"column":78}},"4":{"start":{"line":15,"column":0},"end":{"line":15,"column":29}}},"fnMap":{"0":{"name":"(anonymous_0)","decl":{"start":{"line":1,"column":14},"end":{"line":1,"column":15}},"loc":{"start":{"line":1,"column":26},"end":{"line":13,"column":1}},"line":1},"1":{"name":"(anonymous_1)","decl":{"start":{"line":4,"column":9},"end":{"line":4,"column":10}},"loc":{"start":{"line":4,"column":19},"end":{"line":11,"column":5}},"line":4},"2":{"name":"(anonymous_2)","decl":{"start":{"line":7,"column":13},"end":{"line":7,"column":14}},"loc":{"start":{"line":7,"column":32},"end":{"line":9,"column":9}},"line":7}},"branchMap":{"0":{"loc":{"start":{"line":8,"column":17},"end":{"line":8,"column":77}},"type":"cond-expr","locations":[{"start":{"line":8,"column":34},"end":{"line":8,"column":54}},{"start":{"line":8,"column":57},"end":{"line":8,"column":77}}],"line":8}},"s":{"0":1,"1":1,"2":3,"3":15,"4":1},"f":{"0":1,"1":3,"2":15},"b":{"0":[8,7]},"_coverageSchema":"1a1c01bbd47fc00a2c39e90264f33305004495a9","hash":"b38b3ff46297ac7d4110dd680203caff0ec65971"}
,"/Users/peter/Projects/JS-Practice/TDD-Exercises-JS/6kyu/whatCentury/whatCentury.js": {"path":"/Users/peter/Projects/JS-Practice/TDD-Exercises-JS/6kyu/whatCentury/whatCentury.js","statementMap":{"0":{"start":{"line":1,"column":0},"end":{"line":7,"column":2}},"1":{"start":{"line":2,"column":16},"end":{"line":2,"column":37}},"2":{"start":{"line":3,"column":2},"end":{"line":6,"column":4}},"3":{"start":{"line":9,"column":0},"end":{"line":9,"column":29}}},"fnMap":{"0":{"name":"(anonymous_0)","decl":{"start":{"line":1,"column":14},"end":{"line":1,"column":15}},"loc":{"start":{"line":1,"column":24},"end":{"line":7,"column":1}},"line":1}},"branchMap":{"0":{"loc":{"start":{"line":5,"column":5},"end":{"line":5,"column":73}},"type":"cond-expr","locations":[{"start":{"line":5,"column":20},"end":{"line":5,"column":24}},{"start":{"line":5,"column":27},"end":{"line":5,"column":73}}],"line":5},"1":{"loc":{"start":{"line":5,"column":27},"end":{"line":5,"column":73}},"type":"binary-expr","locations":[{"start":{"line":5,"column":27},"end":{"line":5,"column":65}},{"start":{"line":5,"column":69},"end":{"line":5,"column":73}}],"line":5}},"s":{"0":1,"1":5,"2":5,"3":1},"f":{"0":5},"b":{"0":[1,4],"1":[4,0]},"_coverageSchema":"1a1c01bbd47fc00a2c39e90264f33305004495a9","hash":"75bb294050f4f83ea474309d12a847e5e8fd14b5"}
,"/Users/peter/Projects/JS-Practice/TDD-Exercises-JS/6kyu/whoLikesIt/whoLikesIt.js": {"path":"/Users/peter/Projects/JS-Practice/TDD-Exercises-JS/6kyu/whoLikesIt/whoLikesIt.js","statementMap":{"0":{"start":{"line":1,"column":0},"end":{"line":9,"column":2}},"1":{"start":{"line":2,"column":2},"end":{"line":2,"column":52}},"2":{"start":{"line":2,"column":25},"end":{"line":2,"column":52}},"3":{"start":{"line":3,"column":2},"end":{"line":3,"column":57}},"4":{"start":{"line":3,"column":25},"end":{"line":3,"column":57}},"5":{"start":{"line":4,"column":2},"end":{"line":4,"column":72}},"6":{"start":{"line":4,"column":25},"end":{"line":4,"column":72}},"7":{"start":{"line":5,"column":2},"end":{"line":6,"column":64}},"8":{"start":{"line":6,"column":4},"end":{"line":6,"column":64}},"9":{"start":{"line":7,"column":2},"end":{"line":8,"column":79}},"10":{"start":{"line":8,"column":4},"end":{"line":8,"column":79}},"11":{"start":{"line":11,"column":0},"end":{"line":11,"column":23}}},"fnMap":{"0":{"name":"(anonymous_0)","decl":{"start":{"line":1,"column":8},"end":{"line":1,"column":9}},"loc":{"start":{"line":1,"column":19},"end":{"line":9,"column":1}},"line":1}},"branchMap":{"0":{"loc":{"start":{"line":2,"column":2},"end":{"line":2,"column":52}},"type":"if","locations":[{"start":{"line":2,"column":2},"end":{"line":2,"column":52}},{"start":{"line":2,"column":2},"end":{"line":2,"column":52}}],"line":2},"1":{"loc":{"start":{"line":3,"column":2},"end":{"line":3,"column":57}},"type":"if","locations":[{"start":{"line":3,"column":2},"end":{"line":3,"column":57}},{"start":{"line":3,"column":2},"end":{"line":3,"column":57}}],"line":3},"2":{"loc":{"start":{"line":4,"column":2},"end":{"line":4,"column":72}},"type":"if","locations":[{"start":{"line":4,"column":2},"end":{"line":4,"column":72}},{"start":{"line":4,"column":2},"end":{"line":4,"column":72}}],"line":4},"3":{"loc":{"start":{"line":5,"column":2},"end":{"line":6,"column":64}},"type":"if","locations":[{"start":{"line":5,"column":2},"end":{"line":6,"column":64}},{"start":{"line":5,"column":2},"end":{"line":6,"column":64}}],"line":5},"4":{"loc":{"start":{"line":7,"column":2},"end":{"line":8,"column":79}},"type":"if","locations":[{"start":{"line":7,"column":2},"end":{"line":8,"column":79}},{"start":{"line":7,"column":2},"end":{"line":8,"column":79}}],"line":7}},"s":{"0":1,"1":5,"2":1,"3":4,"4":1,"5":3,"6":1,"7":2,"8":1,"9":1,"10":1,"11":1},"f":{"0":5},"b":{"0":[1,4],"1":[1,3],"2":[1,2],"3":[1,1],"4":[1,0]},"_coverageSchema":"1a1c01bbd47fc00a2c39e90264f33305004495a9","hash":"2584c9902106764279e5b61f5cf23c3fe741b54c"}
,"/Users/peter/Projects/JS-Practice/TDD-Exercises-JS/6kyu/yourOrderPlease/yourOrderPlease.js": {"path":"/Users/peter/Projects/JS-Practice/TDD-Exercises-JS/6kyu/yourOrderPlease/yourOrderPlease.js","statementMap":{"0":{"start":{"line":1,"column":0},"end":{"line":6,"column":2}},"1":{"start":{"line":2,"column":21},"end":{"line":4,"column":3}},"2":{"start":{"line":3,"column":4},"end":{"line":3,"column":71}},"3":{"start":{"line":5,"column":2},"end":{"line":5,"column":53}},"4":{"start":{"line":8,"column":0},"end":{"line":8,"column":23}}},"fnMap":{"0":{"name":"(anonymous_0)","decl":{"start":{"line":1,"column":8},"end":{"line":1,"column":9}},"loc":{"start":{"line":1,"column":19},"end":{"line":6,"column":1}},"line":1},"1":{"name":"(anonymous_1)","decl":{"start":{"line":2,"column":21},"end":{"line":2,"column":22}},"loc":{"start":{"line":2,"column":31},"end":{"line":4,"column":3}},"line":2}},"branchMap":{},"s":{"0":1,"1":2,"2":15,"3":2,"4":1},"f":{"0":2,"1":15},"b":{},"_coverageSchema":"1a1c01bbd47fc00a2c39e90264f33305004495a9","hash":"39a7a502b2bc8f40a1e2ad2fe906478bf5d2cca0"}
,"/Users/peter/Projects/JS-Practice/TDD-Exercises-JS/7kyu/alternateCase/alternateCase.js": {"path":"/Users/peter/Projects/JS-Practice/TDD-Exercises-JS/7kyu/alternateCase/alternateCase.js","statementMap":{"0":{"start":{"line":1,"column":0},"end":{"line":9,"column":2}},"1":{"start":{"line":2,"column":12},"end":{"line":2,"column":25}},"2":{"start":{"line":3,"column":12},"end":{"line":7,"column":13}},"3":{"start":{"line":5,"column":6},"end":{"line":5,"column":70}},"4":{"start":{"line":8,"column":2},"end":{"line":8,"column":13}},"5":{"start":{"line":11,"column":0},"end":{"line":11,"column":33}}},"fnMap":{"0":{"name":"(anonymous_0)","decl":{"start":{"line":1,"column":18},"end":{"line":1,"column":19}},"loc":{"start":{"line":1,"column":27},"end":{"line":9,"column":1}},"line":1},"1":{"name":"(anonymous_1)","decl":{"start":{"line":4,"column":9},"end":{"line":4,"column":10}},"loc":{"start":{"line":4,"column":16},"end":{"line":6,"column":5}},"line":4}},"branchMap":{"0":{"loc":{"start":{"line":5,"column":13},"end":{"line":5,"column":69}},"type":"cond-expr","locations":[{"start":{"line":5,"column":36},"end":{"line":5,"column":51}},{"start":{"line":5,"column":54},"end":{"line":5,"column":69}}],"line":5}},"s":{"0":1,"1":3,"2":3,"3":17,"4":3,"5":1},"f":{"0":3,"1":17},"b":{"0":[6,11]},"_coverageSchema":"1a1c01bbd47fc00a2c39e90264f33305004495a9","hash":"af945aa0135100f3b89d94ca30f41654ae8f5f1d"}
,"/Users/peter/Projects/JS-Practice/TDD-Exercises-JS/7kyu/arrayFilter/arrayFilter.js": {"path":"/Users/peter/Projects/JS-Practice/TDD-Exercises-JS/7kyu/arrayFilter/arrayFilter.js","statementMap":{"0":{"start":{"line":1,"column":0},"end":{"line":1,"column":75}},"1":{"start":{"line":1,"column":35},"end":{"line":1,"column":74}},"2":{"start":{"line":1,"column":62},"end":{"line":1,"column":73}},"3":{"start":{"line":3,"column":0},"end":{"line":3,"column":32}}},"fnMap":{"0":{"name":"(anonymous_0)","decl":{"start":{"line":1,"column":17},"end":{"line":1,"column":18}},"loc":{"start":{"line":1,"column":35},"end":{"line":1,"column":74}},"line":1},"1":{"name":"(anonymous_1)","decl":{"start":{"line":1,"column":55},"end":{"line":1,"column":56}},"loc":{"start":{"line":1,"column":62},"end":{"line":1,"column":73}},"line":1}},"branchMap":{},"s":{"0":1,"1":1,"2":4,"3":1},"f":{"0":1,"1":4},"b":{},"_coverageSchema":"1a1c01bbd47fc00a2c39e90264f33305004495a9","hash":"54078e185bb0b4660ec494244aa717a3f08b614c"}
,"/Users/peter/Projects/JS-Practice/TDD-Exercises-JS/7kyu/automorphicNumber/automorphicNumber.js": {"path":"/Users/peter/Projects/JS-Practice/TDD-Exercises-JS/7kyu/automorphicNumber/automorphicNumber.js","statementMap":{"0":{"start":{"line":1,"column":0},"end":{"line":7,"column":2}},"1":{"start":{"line":2,"column":24},"end":{"line":2,"column":33}},"2":{"start":{"line":3,"column":22},"end":{"line":3,"column":44}},"3":{"start":{"line":4,"column":2},"end":{"line":6,"column":14}},"4":{"start":{"line":9,"column":0},"end":{"line":9,"column":29}}},"fnMap":{"0":{"name":"(anonymous_0)","decl":{"start":{"line":1,"column":14},"end":{"line":1,"column":15}},"loc":{"start":{"line":1,"column":21},"end":{"line":7,"column":1}},"line":1}},"branchMap":{"0":{"loc":{"start":{"line":4,"column":9},"end":{"line":6,"column":13}},"type":"cond-expr","locations":[{"start":{"line":5,"column":6},"end":{"line":5,"column":19}},{"start":{"line":6,"column":6},"end":{"line":6,"column":13}}],"line":4},"1":{"loc":{"start":{"line":4,"column":9},"end":{"line":4,"column":59}},"type":"binary-expr","locations":[{"start":{"line":4,"column":9},"end":{"line":4,"column":48}},{"start":{"line":4,"column":52},"end":{"line":4,"column":59}}],"line":4}},"s":{"0":1,"1":2,"2":2,"3":2,"4":1},"f":{"0":2},"b":{"0":[1,1],"1":[2,1]},"_coverageSchema":"1a1c01bbd47fc00a2c39e90264f33305004495a9","hash":"1f81a27b22f5c54f72e0b82d22a31ab769d99385"}
,"/Users/peter/Projects/JS-Practice/TDD-Exercises-JS/7kyu/categorizeNewMember/categorizeNewMember.js": {"path":"/Users/peter/Projects/JS-Practice/TDD-Exercises-JS/7kyu/categorizeNewMember/categorizeNewMember.js","statementMap":{"0":{"start":{"line":1,"column":0},"end":{"line":2,"column":80}},"1":{"start":{"line":2,"column":2},"end":{"line":2,"column":79}},"2":{"start":{"line":2,"column":33},"end":{"line":2,"column":77}},"3":{"start":{"line":4,"column":0},"end":{"line":4,"column":30}}},"fnMap":{"0":{"name":"(anonymous_0)","decl":{"start":{"line":1,"column":15},"end":{"line":1,"column":16}},"loc":{"start":{"line":2,"column":2},"end":{"line":2,"column":79}},"line":2},"1":{"name":"(anonymous_1)","decl":{"start":{"line":2,"column":11},"end":{"line":2,"column":12}},"loc":{"start":{"line":2,"column":33},"end":{"line":2,"column":77}},"line":2}},"branchMap":{"0":{"loc":{"start":{"line":2,"column":33},"end":{"line":2,"column":77}},"type":"cond-expr","locations":[{"start":{"line":2,"column":60},"end":{"line":2,"column":68}},{"start":{"line":2,"column":71},"end":{"line":2,"column":77}}],"line":2},"1":{"loc":{"start":{"line":2,"column":33},"end":{"line":2,"column":57}},"type":"binary-expr","locations":[{"start":{"line":2,"column":33},"end":{"line":2,"column":41}},{"start":{"line":2,"column":45},"end":{"line":2,"column":57}}],"line":2}},"s":{"0":1,"1":1,"2":4,"3":1},"f":{"0":1,"1":4},"b":{"0":[2,2],"1":[4,2]},"_coverageSchema":"1a1c01bbd47fc00a2c39e90264f33305004495a9","hash":"e8f994db9db4330674f7f0fbadaf91c797e940fc"}
,"/Users/peter/Projects/JS-Practice/TDD-Exercises-JS/7kyu/creditCardMask/creditCardMask.js": {"path":"/Users/peter/Projects/JS-Practice/TDD-Exercises-JS/7kyu/creditCardMask/creditCardMask.js","statementMap":{"0":{"start":{"line":1,"column":0},"end":{"line":7,"column":2}},"1":{"start":{"line":2,"column":20},"end":{"line":2,"column":29}},"2":{"start":{"line":3,"column":25},"end":{"line":3,"column":41}},"3":{"start":{"line":4,"column":2},"end":{"line":6,"column":54}},"4":{"start":{"line":9,"column":0},"end":{"line":9,"column":25}}},"fnMap":{"0":{"name":"(anonymous_0)","decl":{"start":{"line":1,"column":10},"end":{"line":1,"column":11}},"loc":{"start":{"line":1,"column":18},"end":{"line":7,"column":1}},"line":1}},"branchMap":{"0":{"loc":{"start":{"line":4,"column":9},"end":{"line":6,"column":53}},"type":"cond-expr","locations":[{"start":{"line":5,"column":6},"end":{"line":5,"column":20}},{"start":{"line":6,"column":6},"end":{"line":6,"column":53}}],"line":4}},"s":{"0":1,"1":2,"2":2,"3":2,"4":1},"f":{"0":2},"b":{"0":[1,1]},"_coverageSchema":"1a1c01bbd47fc00a2c39e90264f33305004495a9","hash":"87c4ce071a943fe6ae076934646c1065385bfb6f"}
,"/Users/peter/Projects/JS-Practice/TDD-Exercises-JS/7kyu/descendingOrder/descendingOrder.js": {"path":"/Users/peter/Projects/JS-Practice/TDD-Exercises-JS/7kyu/descendingOrder/descendingOrder.js","statementMap":{"0":{"start":{"line":1,"column":0},"end":{"line":4,"column":2}},"1":{"start":{"line":2,"column":14},"end":{"line":2,"column":41}},"2":{"start":{"line":3,"column":2},"end":{"line":3,"column":66}},"3":{"start":{"line":3,"column":39},"end":{"line":3,"column":54}},"4":{"start":{"line":6,"column":0},"end":{"line":6,"column":33}}},"fnMap":{"0":{"name":"(anonymous_0)","decl":{"start":{"line":1,"column":18},"end":{"line":1,"column":19}},"loc":{"start":{"line":1,"column":30},"end":{"line":4,"column":1}},"line":1},"1":{"name":"(anonymous_1)","decl":{"start":{"line":3,"column":29},"end":{"line":3,"column":30}},"loc":{"start":{"line":3,"column":39},"end":{"line":3,"column":54}},"line":3}},"branchMap":{},"s":{"0":1,"1":3,"2":3,"3":19,"4":1},"f":{"0":3,"1":19},"b":{},"_coverageSchema":"1a1c01bbd47fc00a2c39e90264f33305004495a9","hash":"e7ffb50e52acebd3cc2846780c23e51cbe7322e9"}
,"/Users/peter/Projects/JS-Practice/TDD-Exercises-JS/7kyu/disemvowelTrolls/disemvowelTrolls.js": {"path":"/Users/peter/Projects/JS-Practice/TDD-Exercises-JS/7kyu/disemvowelTrolls/disemvowelTrolls.js","statementMap":{"0":{"start":{"line":1,"column":0},"end":{"line":1,"column":51}},"1":{"start":{"line":1,"column":22},"end":{"line":1,"column":50}},"2":{"start":{"line":3,"column":0},"end":{"line":3,"column":28}}},"fnMap":{"0":{"name":"(anonymous_0)","decl":{"start":{"line":1,"column":13},"end":{"line":1,"column":14}},"loc":{"start":{"line":1,"column":22},"end":{"line":1,"column":50}},"line":1}},"branchMap":{},"s":{"0":1,"1":1,"2":1},"f":{"0":1},"b":{},"_coverageSchema":"1a1c01bbd47fc00a2c39e90264f33305004495a9","hash":"c654b2ffdd7248ab88a585e60438eae75a2b37e8"}
,"/Users/peter/Projects/JS-Practice/TDD-Exercises-JS/7kyu/dontGiveMeFive/dontGiveMeFive.js": {"path":"/Users/peter/Projects/JS-Practice/TDD-Exercises-JS/7kyu/dontGiveMeFive/dontGiveMeFive.js","statementMap":{"0":{"start":{"line":1,"column":0},"end":{"line":7,"column":2}},"1":{"start":{"line":2,"column":12},"end":{"line":2,"column":14}},"2":{"start":{"line":3,"column":2},"end":{"line":5,"column":3}},"3":{"start":{"line":3,"column":15},"end":{"line":3,"column":20}},"4":{"start":{"line":4,"column":4},"end":{"line":4,"column":16}},"5":{"start":{"line":6,"column":2},"end":{"line":6,"column":63}},"6":{"start":{"line":6,"column":27},"end":{"line":6,"column":54}},"7":{"start":{"line":9,"column":0},"end":{"line":9,"column":32}}},"fnMap":{"0":{"name":"(anonymous_0)","decl":{"start":{"line":1,"column":17},"end":{"line":1,"column":18}},"loc":{"start":{"line":1,"column":33},"end":{"line":7,"column":1}},"line":1},"1":{"name":"(anonymous_1)","decl":{"start":{"line":6,"column":20},"end":{"line":6,"column":21}},"loc":{"start":{"line":6,"column":27},"end":{"line":6,"column":54}},"line":6}},"branchMap":{},"s":{"0":1,"1":1,"2":1,"3":1,"4":14,"5":1,"6":14,"7":1},"f":{"0":1,"1":14},"b":{},"_coverageSchema":"1a1c01bbd47fc00a2c39e90264f33305004495a9","hash":"c2b3e2604c33d73168e83e3d9dda1a09c6126a6e"}
,"/Users/peter/Projects/JS-Practice/TDD-Exercises-JS/7kyu/exesAndOhs/exesAndOhs.js": {"path":"/Users/peter/Projects/JS-Practice/TDD-Exercises-JS/7kyu/exesAndOhs/exesAndOhs.js","statementMap":{"0":{"start":{"line":1,"column":0},"end":{"line":11,"column":2}},"1":{"start":{"line":2,"column":11},"end":{"line":5,"column":36}},"2":{"start":{"line":5,"column":19},"end":{"line":5,"column":28}},"3":{"start":{"line":6,"column":11},"end":{"line":9,"column":36}},"4":{"start":{"line":9,"column":19},"end":{"line":9,"column":28}},"5":{"start":{"line":10,"column":2},"end":{"line":10,"column":33}},"6":{"start":{"line":13,"column":0},"end":{"line":13,"column":20}}},"fnMap":{"0":{"name":"(anonymous_0)","decl":{"start":{"line":1,"column":5},"end":{"line":1,"column":6}},"loc":{"start":{"line":1,"column":14},"end":{"line":11,"column":1}},"line":1},"1":{"name":"(anonymous_1)","decl":{"start":{"line":5,"column":12},"end":{"line":5,"column":13}},"loc":{"start":{"line":5,"column":19},"end":{"line":5,"column":28}},"line":5},"2":{"name":"(anonymous_2)","decl":{"start":{"line":9,"column":12},"end":{"line":9,"column":13}},"loc":{"start":{"line":9,"column":19},"end":{"line":9,"column":28}},"line":9}},"branchMap":{"0":{"loc":{"start":{"line":10,"column":9},"end":{"line":10,"column":32}},"type":"cond-expr","locations":[{"start":{"line":10,"column":20},"end":{"line":10,"column":24}},{"start":{"line":10,"column":27},"end":{"line":10,"column":32}}],"line":10}},"s":{"0":1,"1":2,"2":8,"3":2,"4":8,"5":2,"6":1},"f":{"0":2,"1":8,"2":8},"b":{"0":[1,1]},"_coverageSchema":"1a1c01bbd47fc00a2c39e90264f33305004495a9","hash":"e50888ed5c11d70109b2f069decc68c46083b6c2"}
,"/Users/peter/Projects/JS-Practice/TDD-Exercises-JS/7kyu/findTheCapitals/findTheCapitals.js": {"path":"/Users/peter/Projects/JS-Practice/TDD-Exercises-JS/7kyu/findTheCapitals/findTheCapitals.js","statementMap":{"0":{"start":{"line":1,"column":0},"end":{"line":7,"column":2}},"1":{"start":{"line":2,"column":12},"end":{"line":2,"column":14}},"2":{"start":{"line":3,"column":2},"end":{"line":5,"column":3}},"3":{"start":{"line":3,"column":15},"end":{"line":3,"column":16}},"4":{"start":{"line":4,"column":4},"end":{"line":4,"column":44}},"5":{"start":{"line":4,"column":32},"end":{"line":4,"column":44}},"6":{"start":{"line":6,"column":2},"end":{"line":6,"column":13}},"7":{"start":{"line":9,"column":0},"end":{"line":9,"column":26}}},"fnMap":{"0":{"name":"(anonymous_0)","decl":{"start":{"line":1,"column":11},"end":{"line":1,"column":12}},"loc":{"start":{"line":1,"column":21},"end":{"line":7,"column":1}},"line":1}},"branchMap":{"0":{"loc":{"start":{"line":4,"column":4},"end":{"line":4,"column":44}},"type":"if","locations":[{"start":{"line":4,"column":4},"end":{"line":4,"column":44}},{"start":{"line":4,"column":4},"end":{"line":4,"column":44}}],"line":4}},"s":{"0":1,"1":1,"2":1,"3":1,"4":8,"5":4,"6":1,"7":1},"f":{"0":1},"b":{"0":[4,4]},"_coverageSchema":"1a1c01bbd47fc00a2c39e90264f33305004495a9","hash":"4df0b3cffa1eb238fd96b9c89420856695dc84cb"}
,"/Users/peter/Projects/JS-Practice/TDD-Exercises-JS/7kyu/findTheDivisors/findTheDivisors.js": {"path":"/Users/peter/Projects/JS-Practice/TDD-Exercises-JS/7kyu/findTheDivisors/findTheDivisors.js","statementMap":{"0":{"start":{"line":1,"column":0},"end":{"line":7,"column":2}},"1":{"start":{"line":2,"column":15},"end":{"line":2,"column":17}},"2":{"start":{"line":3,"column":2},"end":{"line":5,"column":3}},"3":{"start":{"line":3,"column":15},"end":{"line":3,"column":16}},"4":{"start":{"line":4,"column":4},"end":{"line":4,"column":41}},"5":{"start":{"line":4,"column":26},"end":{"line":4,"column":41}},"6":{"start":{"line":6,"column":2},"end":{"line":6,"column":61}},"7":{"start":{"line":9,"column":0},"end":{"line":9,"column":26}}},"fnMap":{"0":{"name":"(anonymous_0)","decl":{"start":{"line":1,"column":11},"end":{"line":1,"column":12}},"loc":{"start":{"line":1,"column":24},"end":{"line":7,"column":1}},"line":1}},"branchMap":{"0":{"loc":{"start":{"line":4,"column":4},"end":{"line":4,"column":41}},"type":"if","locations":[{"start":{"line":4,"column":4},"end":{"line":4,"column":41}},{"start":{"line":4,"column":4},"end":{"line":4,"column":41}}],"line":4},"1":{"loc":{"start":{"line":6,"column":9},"end":{"line":6,"column":60}},"type":"cond-expr","locations":[{"start":{"line":6,"column":30},"end":{"line":6,"column":51}},{"start":{"line":6,"column":54},"end":{"line":6,"column":60}}],"line":6}},"s":{"0":1,"1":2,"2":2,"3":2,"4":21,"5":4,"6":2,"7":1},"f":{"0":2},"b":{"0":[4,17],"1":[1,1]},"_coverageSchema":"1a1c01bbd47fc00a2c39e90264f33305004495a9","hash":"0cbec10613161f1e6c25608797dcc78854c2d462"}
,"/Users/peter/Projects/JS-Practice/TDD-Exercises-JS/7kyu/getNames/getNames.js": {"path":"/Users/peter/Projects/JS-Practice/TDD-Exercises-JS/7kyu/getNames/getNames.js","statementMap":{"0":{"start":{"line":1,"column":0},"end":{"line":5,"column":2}},"1":{"start":{"line":2,"column":2},"end":{"line":4,"column":5}},"2":{"start":{"line":3,"column":4},"end":{"line":3,"column":21}},"3":{"start":{"line":7,"column":0},"end":{"line":7,"column":26}}},"fnMap":{"0":{"name":"(anonymous_0)","decl":{"start":{"line":1,"column":11},"end":{"line":1,"column":12}},"loc":{"start":{"line":1,"column":21},"end":{"line":5,"column":1}},"line":1},"1":{"name":"(anonymous_1)","decl":{"start":{"line":2,"column":18},"end":{"line":2,"column":19}},"loc":{"start":{"line":2,"column":28},"end":{"line":4,"column":3}},"line":2}},"branchMap":{},"s":{"0":1,"1":1,"2":3,"3":1},"f":{"0":1,"1":3},"b":{},"_coverageSchema":"1a1c01bbd47fc00a2c39e90264f33305004495a9","hash":"6cfc52e69a9a31d2ff556fa5e664872bdbd9b34a"}
,"/Users/peter/Projects/JS-Practice/TDD-Exercises-JS/7kyu/getTheMiddleCharacter/getMiddleCharacter.js": {"path":"/Users/peter/Projects/JS-Practice/TDD-Exercises-JS/7kyu/getTheMiddleCharacter/getMiddleCharacter.js","statementMap":{"0":{"start":{"line":1,"column":0},"end":{"line":7,"column":2}},"1":{"start":{"line":2,"column":13},"end":{"line":2,"column":24}},"2":{"start":{"line":3,"column":17},"end":{"line":3,"column":23}},"3":{"start":{"line":4,"column":2},"end":{"line":6,"column":41}},"4":{"start":{"line":9,"column":0},"end":{"line":9,"column":27}}},"fnMap":{"0":{"name":"(anonymous_0)","decl":{"start":{"line":1,"column":12},"end":{"line":1,"column":13}},"loc":{"start":{"line":1,"column":22},"end":{"line":7,"column":1}},"line":1}},"branchMap":{"0":{"loc":{"start":{"line":4,"column":9},"end":{"line":6,"column":40}},"type":"cond-expr","locations":[{"start":{"line":5,"column":6},"end":{"line":5,"column":36}},{"start":{"line":6,"column":6},"end":{"line":6,"column":40}}],"line":4}},"s":{"0":1,"1":2,"2":2,"3":2,"4":1},"f":{"0":2},"b":{"0":[1,1]},"_coverageSchema":"1a1c01bbd47fc00a2c39e90264f33305004495a9","hash":"ef1aae97c7e00dc082042e7741f031fdf2cd6aac"}
,"/Users/peter/Projects/JS-Practice/TDD-Exercises-JS/7kyu/highestAndLowest/highestAndLowest.js": {"path":"/Users/peter/Projects/JS-Practice/TDD-Exercises-JS/7kyu/highestAndLowest/highestAndLowest.js","statementMap":{"0":{"start":{"line":1,"column":0},"end":{"line":6,"column":2}},"1":{"start":{"line":2,"column":12},"end":{"line":2,"column":45}},"2":{"start":{"line":2,"column":42},"end":{"line":2,"column":44}},"3":{"start":{"line":3,"column":12},"end":{"line":3,"column":37}},"4":{"start":{"line":4,"column":12},"end":{"line":4,"column":37}},"5":{"start":{"line":5,"column":2},"end":{"line":5,"column":25}},"6":{"start":{"line":8,"column":0},"end":{"line":8,"column":28}}},"fnMap":{"0":{"name":"(anonymous_0)","decl":{"start":{"line":1,"column":13},"end":{"line":1,"column":14}},"loc":{"start":{"line":1,"column":26},"end":{"line":6,"column":1}},"line":1},"1":{"name":"(anonymous_1)","decl":{"start":{"line":2,"column":35},"end":{"line":2,"column":36}},"loc":{"start":{"line":2,"column":42},"end":{"line":2,"column":44}},"line":2}},"branchMap":{},"s":{"0":1,"1":3,"2":15,"3":3,"4":3,"5":3,"6":1},"f":{"0":3,"1":15},"b":{},"_coverageSchema":"1a1c01bbd47fc00a2c39e90264f33305004495a9","hash":"846a37cf05f4986bcdebce22b010549d963053a5"}
,"/Users/peter/Projects/JS-Practice/TDD-Exercises-JS/7kyu/highestProfitWins/highestProfitWins.js": {"path":"/Users/peter/Projects/JS-Practice/TDD-Exercises-JS/7kyu/highestProfitWins/highestProfitWins.js","statementMap":{"0":{"start":{"line":1,"column":0},"end":{"line":5,"column":2}},"1":{"start":{"line":2,"column":14},"end":{"line":2,"column":39}},"2":{"start":{"line":3,"column":14},"end":{"line":3,"column":39}},"3":{"start":{"line":4,"column":2},"end":{"line":4,"column":57}},"4":{"start":{"line":7,"column":0},"end":{"line":7,"column":24}}},"fnMap":{"0":{"name":"(anonymous_0)","decl":{"start":{"line":1,"column":9},"end":{"line":1,"column":10}},"loc":{"start":{"line":1,"column":18},"end":{"line":5,"column":1}},"line":1}},"branchMap":{"0":{"loc":{"start":{"line":4,"column":9},"end":{"line":4,"column":56}},"type":"cond-expr","locations":[{"start":{"line":4,"column":27},"end":{"line":4,"column":43}},{"start":{"line":4,"column":46},"end":{"line":4,"column":56}}],"line":4}},"s":{"0":1,"1":2,"2":2,"3":2,"4":1},"f":{"0":2},"b":{"0":[1,1]},"_coverageSchema":"1a1c01bbd47fc00a2c39e90264f33305004495a9","hash":"44be71d994d55437192e6436a87f9131707d5db3"}
,"/Users/peter/Projects/JS-Practice/TDD-Exercises-JS/7kyu/largeProductOrSum/largerProductOrSum.js": {"path":"/Users/peter/Projects/JS-Practice/TDD-Exercises-JS/7kyu/largeProductOrSum/largerProductOrSum.js","statementMap":{"0":{"start":{"line":1,"column":0},"end":{"line":21,"column":2}},"1":{"start":{"line":2,"column":16},"end":{"line":6,"column":16}},"2":{"start":{"line":4,"column":6},"end":{"line":4,"column":19}},"3":{"start":{"line":7,"column":16},"end":{"line":11,"column":16}},"4":{"start":{"line":9,"column":6},"end":{"line":9,"column":19}},"5":{"start":{"line":12,"column":12},"end":{"line":12,"column":43}},"6":{"start":{"line":12,"column":37},"end":{"line":12,"column":42}},"7":{"start":{"line":13,"column":16},"end":{"line":13,"column":47}},"8":{"start":{"line":13,"column":41},"end":{"line":13,"column":46}},"9":{"start":{"line":14,"column":2},"end":{"line":20,"column":3}},"10":{"start":{"line":15,"column":4},"end":{"line":15,"column":17}},"11":{"start":{"line":16,"column":9},"end":{"line":20,"column":3}},"12":{"start":{"line":17,"column":4},"end":{"line":17,"column":21}},"13":{"start":{"line":18,"column":9},"end":{"line":20,"column":3}},"14":{"start":{"line":19,"column":4},"end":{"line":19,"column":18}},"15":{"start":{"line":23,"column":0},"end":{"line":23,"column":30}}},"fnMap":{"0":{"name":"(anonymous_0)","decl":{"start":{"line":1,"column":15},"end":{"line":1,"column":16}},"loc":{"start":{"line":1,"column":29},"end":{"line":21,"column":1}},"line":1},"1":{"name":"(anonymous_1)","decl":{"start":{"line":3,"column":10},"end":{"line":3,"column":11}},"loc":{"start":{"line":3,"column":20},"end":{"line":5,"column":5}},"line":3},"2":{"name":"(anonymous_2)","decl":{"start":{"line":8,"column":10},"end":{"line":8,"column":11}},"loc":{"start":{"line":8,"column":20},"end":{"line":10,"column":5}},"line":8},"3":{"name":"(anonymous_3)","decl":{"start":{"line":12,"column":27},"end":{"line":12,"column":28}},"loc":{"start":{"line":12,"column":37},"end":{"line":12,"column":42}},"line":12},"4":{"name":"(anonymous_4)","decl":{"start":{"line":13,"column":31},"end":{"line":13,"column":32}},"loc":{"start":{"line":13,"column":41},"end":{"line":13,"column":46}},"line":13}},"branchMap":{"0":{"loc":{"start":{"line":14,"column":2},"end":{"line":20,"column":3}},"type":"if","locations":[{"start":{"line":14,"column":2},"end":{"line":20,"column":3}},{"start":{"line":14,"column":2},"end":{"line":20,"column":3}}],"line":14},"1":{"loc":{"start":{"line":16,"column":9},"end":{"line":20,"column":3}},"type":"if","locations":[{"start":{"line":16,"column":9},"end":{"line":20,"column":3}},{"start":{"line":16,"column":9},"end":{"line":20,"column":3}}],"line":16},"2":{"loc":{"start":{"line":18,"column":9},"end":{"line":20,"column":3}},"type":"if","locations":[{"start":{"line":18,"column":9},"end":{"line":20,"column":3}},{"start":{"line":18,"column":9},"end":{"line":20,"column":3}}],"line":18}},"s":{"0":1,"1":3,"2":39,"3":3,"4":35,"5":3,"6":7,"7":3,"8":7,"9":3,"10":1,"11":2,"12":1,"13":1,"14":1,"15":1},"f":{"0":3,"1":39,"2":35,"3":7,"4":7},"b":{"0":[1,2],"1":[1,1],"2":[1,0]},"_coverageSchema":"1a1c01bbd47fc00a2c39e90264f33305004495a9","hash":"1c22d5546a84724bb42eea819bb76c6af4099523"}
,"/Users/peter/Projects/JS-Practice/TDD-Exercises-JS/7kyu/lostNumberInSequence/lostNumberInSequence.js": {"path":"/Users/peter/Projects/JS-Practice/TDD-Exercises-JS/7kyu/lostNumberInSequence/lostNumberInSequence.js","statementMap":{"0":{"start":{"line":1,"column":0},"end":{"line":4,"column":2}},"1":{"start":{"line":2,"column":21},"end":{"line":2,"column":54}},"2":{"start":{"line":2,"column":45},"end":{"line":2,"column":50}},"3":{"start":{"line":3,"column":2},"end":{"line":3,"column":73}},"4":{"start":{"line":3,"column":51},"end":{"line":3,"column":56}},"5":{"start":{"line":6,"column":0},"end":{"line":6,"column":35}}},"fnMap":{"0":{"name":"(anonymous_0)","decl":{"start":{"line":1,"column":20},"end":{"line":1,"column":21}},"loc":{"start":{"line":1,"column":37},"end":{"line":4,"column":1}},"line":1},"1":{"name":"(anonymous_1)","decl":{"start":{"line":2,"column":35},"end":{"line":2,"column":36}},"loc":{"start":{"line":2,"column":45},"end":{"line":2,"column":50}},"line":2},"2":{"name":"(anonymous_2)","decl":{"start":{"line":3,"column":41},"end":{"line":3,"column":42}},"loc":{"start":{"line":3,"column":51},"end":{"line":3,"column":56}},"line":3}},"branchMap":{"0":{"loc":{"start":{"line":3,"column":9},"end":{"line":3,"column":72}},"type":"cond-expr","locations":[{"start":{"line":3,"column":26},"end":{"line":3,"column":27}},{"start":{"line":3,"column":30},"end":{"line":3,"column":72}}],"line":3}},"s":{"0":1,"1":1,"2":4,"3":1,"4":4,"5":1},"f":{"0":1,"1":4,"2":4},"b":{"0":[0,1]},"_coverageSchema":"1a1c01bbd47fc00a2c39e90264f33305004495a9","hash":"66b4a0cdc5cf2c160b9dacd4cc70dd25164e40dc"}
,"/Users/peter/Projects/JS-Practice/TDD-Exercises-JS/7kyu/middleCharacter/middleCharacter.js": {"path":"/Users/peter/Projects/JS-Practice/TDD-Exercises-JS/7kyu/middleCharacter/middleCharacter.js","statementMap":{"0":{"start":{"line":1,"column":0},"end":{"line":7,"column":2}},"1":{"start":{"line":2,"column":15},"end":{"line":2,"column":30}},"2":{"start":{"line":3,"column":11},"end":{"line":3,"column":22}},"3":{"start":{"line":4,"column":2},"end":{"line":6,"column":41}},"4":{"start":{"line":9,"column":0},"end":{"line":9,"column":33}}},"fnMap":{"0":{"name":"(anonymous_0)","decl":{"start":{"line":1,"column":18},"end":{"line":1,"column":19}},"loc":{"start":{"line":1,"column":28},"end":{"line":7,"column":1}},"line":1}},"branchMap":{"0":{"loc":{"start":{"line":4,"column":9},"end":{"line":6,"column":40}},"type":"cond-expr","locations":[{"start":{"line":5,"column":6},"end":{"line":5,"column":36}},{"start":{"line":6,"column":6},"end":{"line":6,"column":40}}],"line":4}},"s":{"0":1,"1":2,"2":2,"3":2,"4":1},"f":{"0":2},"b":{"0":[1,1]},"_coverageSchema":"1a1c01bbd47fc00a2c39e90264f33305004495a9","hash":"7a61d6ed5d419d138d4b3f86c9e745de2fe55bc4"}
,"/Users/peter/Projects/JS-Practice/TDD-Exercises-JS/7kyu/mumbling/mumbling.js": {"path":"/Users/peter/Projects/JS-Practice/TDD-Exercises-JS/7kyu/mumbling/mumbling.js","statementMap":{"0":{"start":{"line":1,"column":0},"end":{"line":6,"column":2}},"1":{"start":{"line":2,"column":2},"end":{"line":5,"column":15}},"2":{"start":{"line":4,"column":19},"end":{"line":4,"column":62}},"3":{"start":{"line":8,"column":0},"end":{"line":8,"column":23}}},"fnMap":{"0":{"name":"(anonymous_0)","decl":{"start":{"line":1,"column":8},"end":{"line":1,"column":9}},"loc":{"start":{"line":1,"column":15},"end":{"line":6,"column":1}},"line":1},"1":{"name":"(anonymous_1)","decl":{"start":{"line":4,"column":9},"end":{"line":4,"column":10}},"loc":{"start":{"line":4,"column":19},"end":{"line":4,"column":62}},"line":4}},"branchMap":{},"s":{"0":1,"1":1,"2":11,"3":1},"f":{"0":1,"1":11},"b":{},"_coverageSchema":"1a1c01bbd47fc00a2c39e90264f33305004495a9","hash":"ea665bedeacea42b238922c452043b6cdf48585a"}
,"/Users/peter/Projects/JS-Practice/TDD-Exercises-JS/7kyu/nextPerfectSquare/nextPerfectSquare.js": {"path":"/Users/peter/Projects/JS-Practice/TDD-Exercises-JS/7kyu/nextPerfectSquare/nextPerfectSquare.js","statementMap":{"0":{"start":{"line":1,"column":0},"end":{"line":4,"column":2}},"1":{"start":{"line":2,"column":24},"end":{"line":2,"column":52}},"2":{"start":{"line":3,"column":2},"end":{"line":3,"column":48}},"3":{"start":{"line":6,"column":0},"end":{"line":6,"column":32}}},"fnMap":{"0":{"name":"(anonymous_0)","decl":{"start":{"line":1,"column":17},"end":{"line":1,"column":18}},"loc":{"start":{"line":1,"column":25},"end":{"line":4,"column":1}},"line":1}},"branchMap":{"0":{"loc":{"start":{"line":3,"column":9},"end":{"line":3,"column":47}},"type":"cond-expr","locations":[{"start":{"line":3,"column":29},"end":{"line":3,"column":31}},{"start":{"line":3,"column":34},"end":{"line":3,"column":47}}],"line":3}},"s":{"0":1,"1":2,"2":2,"3":1},"f":{"0":2},"b":{"0":[1,1]},"_coverageSchema":"1a1c01bbd47fc00a2c39e90264f33305004495a9","hash":"c145ab461f3644621f7840c69b236b0adeaf45db"}
,"/Users/peter/Projects/JS-Practice/TDD-Exercises-JS/7kyu/numberOfPeopleInTheBus/numberOfPeopleInTheBus.js": {"path":"/Users/peter/Projects/JS-Practice/TDD-Exercises-JS/7kyu/numberOfPeopleInTheBus/numberOfPeopleInTheBus.js","statementMap":{"0":{"start":{"line":1,"column":0},"end":{"line":8,"column":2}},"1":{"start":{"line":2,"column":19},"end":{"line":2,"column":20}},"2":{"start":{"line":3,"column":2},"end":{"line":6,"column":3}},"3":{"start":{"line":4,"column":4},"end":{"line":4,"column":33}},"4":{"start":{"line":5,"column":4},"end":{"line":5,"column":33}},"5":{"start":{"line":7,"column":2},"end":{"line":7,"column":20}},"6":{"start":{"line":10,"column":0},"end":{"line":10,"column":24}}},"fnMap":{"0":{"name":"(anonymous_0)","decl":{"start":{"line":1,"column":9},"end":{"line":1,"column":10}},"loc":{"start":{"line":1,"column":23},"end":{"line":8,"column":1}},"line":1}},"branchMap":{},"s":{"0":1,"1":1,"2":1,"3":3,"4":3,"5":1,"6":1},"f":{"0":1},"b":{},"_coverageSchema":"1a1c01bbd47fc00a2c39e90264f33305004495a9","hash":"c72ad17c3bf51b2b73bc6bf37ff4fab0a102defa"}
,"/Users/peter/Projects/JS-Practice/TDD-Exercises-JS/7kyu/onesAndZeros/onesAndZeros.js": {"path":"/Users/peter/Projects/JS-Practice/TDD-Exercises-JS/7kyu/onesAndZeros/onesAndZeros.js","statementMap":{"0":{"start":{"line":1,"column":0},"end":{"line":4,"column":5}},"1":{"start":{"line":2,"column":2},"end":{"line":4,"column":4}},"2":{"start":{"line":3,"column":4},"end":{"line":3,"column":24}},"3":{"start":{"line":6,"column":0},"end":{"line":6,"column":37}}},"fnMap":{"0":{"name":"(anonymous_0)","decl":{"start":{"line":1,"column":22},"end":{"line":1,"column":23}},"loc":{"start":{"line":2,"column":2},"end":{"line":4,"column":4}},"line":2},"1":{"name":"(anonymous_1)","decl":{"start":{"line":2,"column":13},"end":{"line":2,"column":14}},"loc":{"start":{"line":2,"column":23},"end":{"line":4,"column":3}},"line":2}},"branchMap":{},"s":{"0":1,"1":2,"2":7,"3":1},"f":{"0":2,"1":7},"b":{},"_coverageSchema":"1a1c01bbd47fc00a2c39e90264f33305004495a9","hash":"e45273dd2c301d131d8ff0bd7ac82b06a479c538"}
,"/Users/peter/Projects/JS-Practice/TDD-Exercises-JS/7kyu/powerOfTwo/powerOfTwo.js": {"path":"/Users/peter/Projects/JS-Practice/TDD-Exercises-JS/7kyu/powerOfTwo/powerOfTwo.js","statementMap":{"0":{"start":{"line":1,"column":0},"end":{"line":1,"column":44}},"1":{"start":{"line":1,"column":22},"end":{"line":1,"column":43}},"2":{"start":{"line":3,"column":0},"end":{"line":3,"column":30}}},"fnMap":{"0":{"name":"(anonymous_0)","decl":{"start":{"line":1,"column":15},"end":{"line":1,"column":16}},"loc":{"start":{"line":1,"column":22},"end":{"line":1,"column":43}},"line":1}},"branchMap":{},"s":{"0":1,"1":2,"2":1},"f":{"0":2},"b":{},"_coverageSchema":"1a1c01bbd47fc00a2c39e90264f33305004495a9","hash":"d4b626db82c607b8abaac2c3523f86b65a345756"}
,"/Users/peter/Projects/JS-Practice/TDD-Exercises-JS/7kyu/removeTheMinimum/removeTheMinimum.js": {"path":"/Users/peter/Projects/JS-Practice/TDD-Exercises-JS/7kyu/removeTheMinimum/removeTheMinimum.js","statementMap":{"0":{"start":{"line":1,"column":0},"end":{"line":5,"column":2}},"1":{"start":{"line":2,"column":20},"end":{"line":2,"column":49}},"2":{"start":{"line":3,"column":19},"end":{"line":3,"column":45}},"3":{"start":{"line":4,"column":2},"end":{"line":4,"column":72}},"4":{"start":{"line":7,"column":0},"end":{"line":7,"column":32}}},"fnMap":{"0":{"name":"(anonymous_0)","decl":{"start":{"line":1,"column":17},"end":{"line":1,"column":18}},"loc":{"start":{"line":1,"column":30},"end":{"line":5,"column":1}},"line":1}},"branchMap":{},"s":{"0":1,"1":1,"2":1,"3":1,"4":1},"f":{"0":1},"b":{},"_coverageSchema":"1a1c01bbd47fc00a2c39e90264f33305004495a9","hash":"e563f0ee417534c9e00bb04ea37f32af08b76d86"}
,"/Users/peter/Projects/JS-Practice/TDD-Exercises-JS/7kyu/reverser/reverser.js": {"path":"/Users/peter/Projects/JS-Practice/TDD-Exercises-JS/7kyu/reverser/reverser.js","statementMap":{"0":{"start":{"line":1,"column":0},"end":{"line":8,"column":2}},"1":{"start":{"line":2,"column":15},"end":{"line":2,"column":16}},"2":{"start":{"line":3,"column":2},"end":{"line":6,"column":3}},"3":{"start":{"line":4,"column":4},"end":{"line":4,"column":36}},"4":{"start":{"line":5,"column":4},"end":{"line":5,"column":27}},"5":{"start":{"line":7,"column":2},"end":{"line":7,"column":16}},"6":{"start":{"line":10,"column":0},"end":{"line":10,"column":25}}},"fnMap":{"0":{"name":"(anonymous_0)","decl":{"start":{"line":1,"column":10},"end":{"line":1,"column":11}},"loc":{"start":{"line":1,"column":17},"end":{"line":8,"column":1}},"line":1}},"branchMap":{},"s":{"0":1,"1":3,"2":3,"3":13,"4":13,"5":3,"6":1},"f":{"0":3},"b":{},"_coverageSchema":"1a1c01bbd47fc00a2c39e90264f33305004495a9","hash":"3f0f34610de3dc22c9c58df97c8c3fdf81c60949"}
,"/Users/peter/Projects/JS-Practice/TDD-Exercises-JS/7kyu/sortTheOdd/sortTheOdd.js": {"path":"/Users/peter/Projects/JS-Practice/TDD-Exercises-JS/7kyu/sortTheOdd/sortTheOdd.js","statementMap":{"0":{"start":{"line":1,"column":0},"end":{"line":4,"column":2}},"1":{"start":{"line":2,"column":13},"end":{"line":2,"column":59}},"2":{"start":{"line":2,"column":31},"end":{"line":2,"column":36}},"3":{"start":{"line":2,"column":53},"end":{"line":2,"column":58}},"4":{"start":{"line":3,"column":2},"end":{"line":3,"column":57}},"5":{"start":{"line":3,"column":25},"end":{"line":3,"column":54}},"6":{"start":{"line":6,"column":0},"end":{"line":6,"column":27}}},"fnMap":{"0":{"name":"(anonymous_0)","decl":{"start":{"line":1,"column":12},"end":{"line":1,"column":13}},"loc":{"start":{"line":1,"column":21},"end":{"line":4,"column":1}},"line":1},"1":{"name":"(anonymous_1)","decl":{"start":{"line":2,"column":24},"end":{"line":2,"column":25}},"loc":{"start":{"line":2,"column":31},"end":{"line":2,"column":36}},"line":2},"2":{"name":"(anonymous_2)","decl":{"start":{"line":2,"column":43},"end":{"line":2,"column":44}},"loc":{"start":{"line":2,"column":53},"end":{"line":2,"column":58}},"line":2},"3":{"name":"(anonymous_3)","decl":{"start":{"line":3,"column":17},"end":{"line":3,"column":18}},"loc":{"start":{"line":3,"column":25},"end":{"line":3,"column":54}},"line":3}},"branchMap":{"0":{"loc":{"start":{"line":3,"column":25},"end":{"line":3,"column":54}},"type":"cond-expr","locations":[{"start":{"line":3,"column":38},"end":{"line":3,"column":50}},{"start":{"line":3,"column":53},"end":{"line":3,"column":54}}],"line":3}},"s":{"0":1,"1":2,"2":11,"3":4,"4":2,"5":11,"6":1},"f":{"0":2,"1":11,"2":4,"3":11},"b":{"0":[6,5]},"_coverageSchema":"1a1c01bbd47fc00a2c39e90264f33305004495a9","hash":"6e16bdf5b5b676e1b8a54f52caad1c2782613798"}
,"/Users/peter/Projects/JS-Practice/TDD-Exercises-JS/7kyu/squareEvenRootOdd/squareEvenRootOdd.js": {"path":"/Users/peter/Projects/JS-Practice/TDD-Exercises-JS/7kyu/squareEvenRootOdd/squareEvenRootOdd.js","statementMap":{"0":{"start":{"line":1,"column":0},"end":{"line":5,"column":2}},"1":{"start":{"line":2,"column":2},"end":{"line":4,"column":4}},"2":{"start":{"line":3,"column":24},"end":{"line":3,"column":55}},"3":{"start":{"line":7,"column":0},"end":{"line":7,"column":38}}},"fnMap":{"0":{"name":"(anonymous_0)","decl":{"start":{"line":1,"column":23},"end":{"line":1,"column":24}},"loc":{"start":{"line":1,"column":31},"end":{"line":5,"column":1}},"line":1},"1":{"name":"(anonymous_1)","decl":{"start":{"line":3,"column":14},"end":{"line":3,"column":15}},"loc":{"start":{"line":3,"column":24},"end":{"line":3,"column":55}},"line":3}},"branchMap":{"0":{"loc":{"start":{"line":3,"column":29},"end":{"line":3,"column":54}},"type":"cond-expr","locations":[{"start":{"line":3,"column":37},"end":{"line":3,"column":45}},{"start":{"line":3,"column":48},"end":{"line":3,"column":54}}],"line":3}},"s":{"0":1,"1":1,"2":8,"3":1},"f":{"0":1,"1":8},"b":{"0":[4,4]},"_coverageSchema":"1a1c01bbd47fc00a2c39e90264f33305004495a9","hash":"86ef8b1c45653856aca9c8e317e8334fd8a14487"}
,"/Users/peter/Projects/JS-Practice/TDD-Exercises-JS/7kyu/squareEveryDigit/squareEveryDigit.js": {"path":"/Users/peter/Projects/JS-Practice/TDD-Exercises-JS/7kyu/squareEveryDigit/squareEveryDigit.js","statementMap":{"0":{"start":{"line":1,"column":0},"end":{"line":8,"column":4}},"1":{"start":{"line":2,"column":2},"end":{"line":8,"column":3}},"2":{"start":{"line":6,"column":18},"end":{"line":6,"column":32}},"3":{"start":{"line":10,"column":0},"end":{"line":10,"column":30}}},"fnMap":{"0":{"name":"(anonymous_0)","decl":{"start":{"line":1,"column":15},"end":{"line":1,"column":16}},"loc":{"start":{"line":2,"column":2},"end":{"line":8,"column":3}},"line":2},"1":{"name":"(anonymous_1)","decl":{"start":{"line":6,"column":11},"end":{"line":6,"column":12}},"loc":{"start":{"line":6,"column":18},"end":{"line":6,"column":32}},"line":6}},"branchMap":{},"s":{"0":1,"1":1,"2":4,"3":1},"f":{"0":1,"1":4},"b":{},"_coverageSchema":"1a1c01bbd47fc00a2c39e90264f33305004495a9","hash":"fcce17674c8a5f0fbb7d8175c0b36461ed34aeec"}
,"/Users/peter/Projects/JS-Practice/TDD-Exercises-JS/7kyu/stringMatchup/stringMatchup.js": {"path":"/Users/peter/Projects/JS-Practice/TDD-Exercises-JS/7kyu/stringMatchup/stringMatchup.js","statementMap":{"0":{"start":{"line":1,"column":0},"end":{"line":1,"column":64}},"1":{"start":{"line":1,"column":18},"end":{"line":1,"column":63}},"2":{"start":{"line":1,"column":31},"end":{"line":1,"column":62}},"3":{"start":{"line":1,"column":47},"end":{"line":1,"column":54}},"4":{"start":{"line":3,"column":0},"end":{"line":3,"column":23}}},"fnMap":{"0":{"name":"(anonymous_0)","decl":{"start":{"line":1,"column":8},"end":{"line":1,"column":9}},"loc":{"start":{"line":1,"column":18},"end":{"line":1,"column":63}},"line":1},"1":{"name":"(anonymous_1)","decl":{"start":{"line":1,"column":24},"end":{"line":1,"column":25}},"loc":{"start":{"line":1,"column":31},"end":{"line":1,"column":62}},"line":1},"2":{"name":"(anonymous_2)","decl":{"start":{"line":1,"column":40},"end":{"line":1,"column":41}},"loc":{"start":{"line":1,"column":47},"end":{"line":1,"column":54}},"line":1}},"branchMap":{},"s":{"0":1,"1":1,"2":3,"3":15,"4":1},"f":{"0":1,"1":3,"2":15},"b":{},"_coverageSchema":"1a1c01bbd47fc00a2c39e90264f33305004495a9","hash":"2fa895e0a8e16b7f2b2eb346386e9bf985d8ae5a"}
,"/Users/peter/Projects/JS-Practice/TDD-Exercises-JS/7kyu/stringsToNumbers/stringsToNumbers.js": {"path":"/Users/peter/Projects/JS-Practice/TDD-Exercises-JS/7kyu/stringsToNumbers/stringsToNumbers.js","statementMap":{"0":{"start":{"line":1,"column":0},"end":{"line":1,"column":34}},"1":{"start":{"line":1,"column":17},"end":{"line":1,"column":33}},"2":{"start":{"line":1,"column":30},"end":{"line":1,"column":32}},"3":{"start":{"line":3,"column":0},"end":{"line":3,"column":25}}},"fnMap":{"0":{"name":"(anonymous_0)","decl":{"start":{"line":1,"column":10},"end":{"line":1,"column":11}},"loc":{"start":{"line":1,"column":17},"end":{"line":1,"column":33}},"line":1},"1":{"name":"(anonymous_1)","decl":{"start":{"line":1,"column":23},"end":{"line":1,"column":24}},"loc":{"start":{"line":1,"column":30},"end":{"line":1,"column":32}},"line":1}},"branchMap":{},"s":{"0":1,"1":1,"2":3,"3":1},"f":{"0":1,"1":3},"b":{},"_coverageSchema":"1a1c01bbd47fc00a2c39e90264f33305004495a9","hash":"10eb77958b2308e49c907b644a094cbabb2bb86f"}
,"/Users/peter/Projects/JS-Practice/TDD-Exercises-JS/7kyu/validatePinCode/validatePinCode.js": {"path":"/Users/peter/Projects/JS-Practice/TDD-Exercises-JS/7kyu/validatePinCode/validatePinCode.js","statementMap":{"0":{"start":{"line":1,"column":0},"end":{"line":1,"column":51}},"1":{"start":{"line":1,"column":23},"end":{"line":1,"column":50}},"2":{"start":{"line":3,"column":0},"end":{"line":3,"column":29}}},"fnMap":{"0":{"name":"(anonymous_0)","decl":{"start":{"line":1,"column":14},"end":{"line":1,"column":15}},"loc":{"start":{"line":1,"column":23},"end":{"line":1,"column":50}},"line":1}},"branchMap":{},"s":{"0":1,"1":2,"2":1},"f":{"0":2},"b":{},"_coverageSchema":"1a1c01bbd47fc00a2c39e90264f33305004495a9","hash":"8d2cf363d34361f7efce0bb8067442884ce98601"}
,"/Users/peter/Projects/JS-Practice/TDD-Exercises-JS/8kyu/alternatingCase/alternatingCase.js": {"path":"/Users/peter/Projects/JS-Practice/TDD-Exercises-JS/8kyu/alternatingCase/alternatingCase.js","statementMap":{"0":{"start":{"line":1,"column":0},"end":{"line":6,"column":2}},"1":{"start":{"line":2,"column":2},"end":{"line":5,"column":14}},"2":{"start":{"line":4,"column":17},"end":{"line":4,"column":74}},"3":{"start":{"line":8,"column":0},"end":{"line":8,"column":35}}},"fnMap":{"0":{"name":"(anonymous_0)","decl":{"start":{"line":1,"column":20},"end":{"line":1,"column":21}},"loc":{"start":{"line":1,"column":29},"end":{"line":6,"column":1}},"line":1},"1":{"name":"(anonymous_1)","decl":{"start":{"line":4,"column":9},"end":{"line":4,"column":10}},"loc":{"start":{"line":4,"column":17},"end":{"line":4,"column":74}},"line":4}},"branchMap":{"0":{"loc":{"start":{"line":4,"column":17},"end":{"line":4,"column":74}},"type":"cond-expr","locations":[{"start":{"line":4,"column":41},"end":{"line":4,"column":56}},{"start":{"line":4,"column":59},"end":{"line":4,"column":74}}],"line":4}},"s":{"0":1,"1":1,"2":11,"3":1},"f":{"0":1,"1":11},"b":{"0":[11,0]},"_coverageSchema":"1a1c01bbd47fc00a2c39e90264f33305004495a9","hash":"45d1993f5e8a6c72806aaedec6cf38bac414aedc"}
,"/Users/peter/Projects/JS-Practice/TDD-Exercises-JS/8kyu/areaOrPerimeter/areaOrPerimeter.js": {"path":"/Users/peter/Projects/JS-Practice/TDD-Exercises-JS/8kyu/areaOrPerimeter/areaOrPerimeter.js","statementMap":{"0":{"start":{"line":1,"column":0},"end":{"line":3,"column":2}},"1":{"start":{"line":2,"column":2},"end":{"line":2,"column":38}},"2":{"start":{"line":5,"column":0},"end":{"line":5,"column":33}}},"fnMap":{"0":{"name":"(anonymous_0)","decl":{"start":{"line":1,"column":18},"end":{"line":1,"column":19}},"loc":{"start":{"line":1,"column":28},"end":{"line":3,"column":1}},"line":1}},"branchMap":{"0":{"loc":{"start":{"line":2,"column":9},"end":{"line":2,"column":37}},"type":"cond-expr","locations":[{"start":{"line":2,"column":18},"end":{"line":2,"column":23}},{"start":{"line":2,"column":26},"end":{"line":2,"column":37}}],"line":2}},"s":{"0":1,"1":2,"2":1},"f":{"0":2},"b":{"0":[1,1]},"_coverageSchema":"1a1c01bbd47fc00a2c39e90264f33305004495a9","hash":"4c950dfa49eef2387febe30f9f7653a16e2bd716"}
,"/Users/peter/Projects/JS-Practice/TDD-Exercises-JS/8kyu/doubleChar/doubleChar.js": {"path":"/Users/peter/Projects/JS-Practice/TDD-Exercises-JS/8kyu/doubleChar/doubleChar.js","statementMap":{"0":{"start":{"line":1,"column":0},"end":{"line":4,"column":2}},"1":{"start":{"line":2,"column":21},"end":{"line":2,"column":57}},"2":{"start":{"line":2,"column":46},"end":{"line":2,"column":56}},"3":{"start":{"line":3,"column":2},"end":{"line":3,"column":31}},"4":{"start":{"line":6,"column":0},"end":{"line":6,"column":28}}},"fnMap":{"0":{"name":"(anonymous_0)","decl":{"start":{"line":1,"column":13},"end":{"line":1,"column":14}},"loc":{"start":{"line":1,"column":22},"end":{"line":4,"column":1}},"line":1},"1":{"name":"(anonymous_1)","decl":{"start":{"line":2,"column":39},"end":{"line":2,"column":40}},"loc":{"start":{"line":2,"column":46},"end":{"line":2,"column":56}},"line":2}},"branchMap":{},"s":{"0":1,"1":1,"2":4,"3":1,"4":1},"f":{"0":1,"1":4},"b":{},"_coverageSchema":"1a1c01bbd47fc00a2c39e90264f33305004495a9","hash":"37e91283f253edb1973866e7c15f7fb305b78bd5"}
,"/Users/peter/Projects/JS-Practice/TDD-Exercises-JS/8kyu/rockPaperScissors/rockPaperScissors.js": {"path":"/Users/peter/Projects/JS-Practice/TDD-Exercises-JS/8kyu/rockPaperScissors/rockPaperScissors.js","statementMap":{"0":{"start":{"line":1,"column":0},"end":{"line":13,"column":2}},"1":{"start":{"line":2,"column":2},"end":{"line":12,"column":3}},"2":{"start":{"line":3,"column":4},"end":{"line":3,"column":19}},"3":{"start":{"line":4,"column":9},"end":{"line":12,"column":3}},"4":{"start":{"line":9,"column":4},"end":{"line":9,"column":27}},"5":{"start":{"line":11,"column":4},"end":{"line":11,"column":27}},"6":{"start":{"line":27,"column":0},"end":{"line":27,"column":21}}},"fnMap":{"0":{"name":"(anonymous_0)","decl":{"start":{"line":1,"column":6},"end":{"line":1,"column":7}},"loc":{"start":{"line":1,"column":18},"end":{"line":13,"column":1}},"line":1}},"branchMap":{"0":{"loc":{"start":{"line":2,"column":2},"end":{"line":12,"column":3}},"type":"if","locations":[{"start":{"line":2,"column":2},"end":{"line":12,"column":3}},{"start":{"line":2,"column":2},"end":{"line":12,"column":3}}],"line":2},"1":{"loc":{"start":{"line":4,"column":9},"end":{"line":12,"column":3}},"type":"if","locations":[{"start":{"line":4,"column":9},"end":{"line":12,"column":3}},{"start":{"line":4,"column":9},"end":{"line":12,"column":3}}],"line":4},"2":{"loc":{"start":{"line":5,"column":4},"end":{"line":7,"column":35}},"type":"binary-expr","locations":[{"start":{"line":5,"column":5},"end":{"line":5,"column":21}},{"start":{"line":5,"column":25},"end":{"line":5,"column":38}},{"start":{"line":6,"column":5},"end":{"line":6,"column":17}},{"start":{"line":6,"column":21},"end":{"line":6,"column":37}},{"start":{"line":7,"column":5},"end":{"line":7,"column":18}},{"start":{"line":7,"column":22},"end":{"line":7,"column":34}}],"line":5}},"s":{"0":1,"1":3,"2":1,"3":2,"4":1,"5":1,"6":1},"f":{"0":3},"b":{"0":[1,2],"1":[1,1],"2":[2,1,2,1,1,0]},"_coverageSchema":"1a1c01bbd47fc00a2c39e90264f33305004495a9","hash":"f5ab808d175a2bf9b0a36c88047983eb2d46644b"}
,"/Users/peter/Projects/JS-Practice/TDD-Exercises-JS/8kyu/sumOfPositive/sumOfPositive.js": {"path":"/Users/peter/Projects/JS-Practice/TDD-Exercises-JS/8kyu/sumOfPositive/sumOfPositive.js","statementMap":{"0":{"start":{"line":1,"column":0},"end":{"line":1,"column":75}},"1":{"start":{"line":1,"column":23},"end":{"line":1,"column":74}},"2":{"start":{"line":1,"column":41},"end":{"line":1,"column":46}},"3":{"start":{"line":1,"column":65},"end":{"line":1,"column":70}},"4":{"start":{"line":3,"column":0},"end":{"line":3,"column":29}}},"fnMap":{"0":{"name":"(anonymous_0)","decl":{"start":{"line":1,"column":14},"end":{"line":1,"column":15}},"loc":{"start":{"line":1,"column":23},"end":{"line":1,"column":74}},"line":1},"1":{"name":"(anonymous_1)","decl":{"start":{"line":1,"column":34},"end":{"line":1,"column":35}},"loc":{"start":{"line":1,"column":41},"end":{"line":1,"column":46}},"line":1},"2":{"name":"(anonymous_2)","decl":{"start":{"line":1,"column":55},"end":{"line":1,"column":56}},"loc":{"start":{"line":1,"column":65},"end":{"line":1,"column":70}},"line":1}},"branchMap":{},"s":{"0":1,"1":2,"2":10,"3":5,"4":1},"f":{"0":2,"1":10,"2":5},"b":{},"_coverageSchema":"1a1c01bbd47fc00a2c39e90264f33305004495a9","hash":"9d8c23e6115853e21b88ad077449152c797694b2"}
,"/Users/peter/Projects/JS-Practice/TDD-Exercises-JS/8kyu/superDuperEasy/superDuperEasy.js": {"path":"/Users/peter/Projects/JS-Practice/TDD-Exercises-JS/8kyu/superDuperEasy/superDuperEasy.js","statementMap":{"0":{"start":{"line":1,"column":0},"end":{"line":1,"column":63}},"1":{"start":{"line":1,"column":18},"end":{"line":1,"column":61}},"2":{"start":{"line":3,"column":0},"end":{"line":3,"column":25}}},"fnMap":{"0":{"name":"(anonymous_0)","decl":{"start":{"line":1,"column":10},"end":{"line":1,"column":11}},"loc":{"start":{"line":1,"column":18},"end":{"line":1,"column":61}},"line":1}},"branchMap":{"0":{"loc":{"start":{"line":1,"column":18},"end":{"line":1,"column":61}},"type":"cond-expr","locations":[{"start":{"line":1,"column":41},"end":{"line":1,"column":48}},{"start":{"line":1,"column":51},"end":{"line":1,"column":61}}],"line":1}},"s":{"0":1,"1":2,"2":1},"f":{"0":2},"b":{"0":[1,1]},"_coverageSchema":"1a1c01bbd47fc00a2c39e90264f33305004495a9","hash":"0e33c73046f441977a3583c9b43cfa4edc24c7a7"}
}
