TN:
SF:4kyu/mostFrequentlyUsedWordsInAText/mostFrequentlyUsedWordsInAText.js
FN:1,(anonymous_0)
FN:5,(anonymous_1)
FN:6,(anonymous_2)
FN:7,(anonymous_3)
FN:8,(anonymous_4)
FN:15,(anonymous_5)
FN:16,(anonymous_6)
FNF:7
FNH:7
FNDA:2,(anonymous_0)
FNDA:23,(anonymous_1)
FNDA:23,(anonymous_2)
FNDA:19,(anonymous_3)
FNDA:19,(anonymous_4)
FNDA:6,(anonymous_5)
FNDA:6,(anonymous_6)
DA:1,1
DA:2,2
DA:3,2
DA:5,23
DA:6,23
DA:7,19
DA:8,2
DA:9,19
DA:10,6
DA:12,19
DA:14,2
DA:15,6
DA:16,6
DA:17,2
DA:20,1
LF:15
LH:15
BRDA:9,0,0,6
BRDA:9,0,1,13
BRDA:17,1,0,1
BRDA:17,1,1,1
BRF:4
BRH:4
end_of_record
TN:
SF:5kyu/Flatten/Flatten.js
FN:1,(anonymous_0)
FNF:1
FNH:1
FNDA:1,(anonymous_0)
DA:1,1
DA:2,1
DA:5,1
LF:3
LH:3
BRF:0
BRH:0
end_of_record
TN:
SF:5kyu/convertPascalCaseStringIntoSnakeCase/convertPascalCaseStringIntoSnakeCase.js
FN:1,(anonymous_0)
FN:4,(anonymous_1)
FNF:2
FNH:2
FNDA:1,(anonymous_0)
FNDA:2,(anonymous_1)
DA:1,1
DA:2,1
DA:4,2
DA:8,1
LF:4
LH:4
BRF:0
BRH:0
end_of_record
TN:
SF:5kyu/countIPAddresses/countIPAddresses.js
FN:1,(anonymous_0)
FN:2,(anonymous_1)
FN:5,(anonymous_2)
FN:6,(anonymous_3)
FNF:4
FNH:4
FNDA:1,(anonymous_0)
FNDA:2,(anonymous_1)
FNDA:8,(anonymous_2)
FNDA:6,(anonymous_3)
DA:1,1
DA:2,1
DA:3,2
DA:5,8
DA:6,6
DA:7,1
DA:10,1
LF:7
LH:7
BRF:0
BRH:0
end_of_record
TN:
SF:5kyu/domainName/domainName.js
FN:1,(anonymous_0)
FNF:1
FNH:1
FNDA:3,(anonymous_0)
DA:1,1
DA:2,3
DA:3,3
DA:4,3
DA:5,3
DA:8,1
LF:6
LH:6
BRF:0
BRH:0
end_of_record
TN:
SF:5kyu/gapInPrimes/gapInPrimes.js
FN:1,(anonymous_0)
FN:3,(anonymous_1)
FNF:2
FNH:2
FNDA:2,(anonymous_0)
FNDA:59,(anonymous_1)
DA:1,1
DA:2,2
DA:3,2
DA:5,59
DA:6,265
DA:8,11
DA:11,2
DA:12,59
DA:14,11
DA:15,10
DA:17,1
DA:20,1
LF:12
LH:12
BRDA:6,0,0,48
BRDA:6,0,1,217
BRDA:12,1,0,11
BRDA:12,1,1,48
BRDA:14,2,0,1
BRDA:14,2,1,10
BRF:6
BRH:6
end_of_record
TN:
SF:5kyu/hashtagGenerator/hashtagGenerator.js
FN:1,(anonymous_0)
FN:2,(anonymous_1)
FN:5,(anonymous_2)
FNF:3
FNH:3
FNDA:2,(anonymous_0)
FNDA:14,(anonymous_1)
FNDA:2,(anonymous_2)
DA:1,1
DA:2,14
DA:3,2
DA:5,2
DA:6,2
DA:9,1
LF:6
LH:6
BRDA:6,0,0,1
BRDA:6,0,1,1
BRDA:6,1,0,2
BRDA:6,1,1,2
BRF:4
BRH:4
end_of_record
TN:
SF:5kyu/humanReadableTime/humanReadableTime.js
FN:1,(anonymous_0)
FNF:1
FNH:1
FNDA:1,(anonymous_0)
DA:1,1
DA:2,1
DA:3,1
DA:4,1
DA:5,1
DA:8,1
LF:6
LH:6
BRF:0
BRH:0
end_of_record
TN:
SF:5kyu/jumbleSentence/jumbleSentence.js
FN:1,(anonymous_0)
FNF:1
FNH:1
FNDA:1,(anonymous_0)
DA:1,1
DA:3,1
DA:4,1
DA:5,1
DA:6,1
DA:7,7
DA:8,7
DA:9,22
DA:10,2
DA:11,2
DA:12,2
DA:13,2
DA:14,2
DA:15,2
DA:16,2
DA:18,22
DA:19,22
DA:20,22
DA:21,1
DA:22,1
DA:24,22
DA:25,22
DA:26,6
DA:30,1
DA:31,1
DA:32,1
DA:35,1
LF:27
LH:27
BRDA:9,0,0,2
BRDA:9,0,1,20
BRDA:20,1,0,1
BRDA:20,1,1,21
BRDA:20,2,0,22
BRDA:20,2,1,4
BRDA:25,3,0,6
BRDA:25,3,1,16
BRF:8
BRH:8
end_of_record
TN:
SF:5kyu/maximumSubarraySum/maximumSubarraySum.js
FN:1,(anonymous_0)
FNF:1
FNH:1
FNDA:1,(anonymous_0)
DA:1,1
DA:2,1
DA:3,1
DA:4,1
DA:5,9
DA:6,9
DA:7,9
DA:9,1
DA:12,1
LF:9
LH:9
BRF:0
BRH:0
end_of_record
TN:
SF:5kyu/meanSqaureError/meanSquareError.js
FN:1,(anonymous_0)
FN:7,(anonymous_1)
FN:7,(anonymous_2)
FNF:3
FNH:3
FNDA:1,(anonymous_0)
FNDA:4,(anonymous_1)
FNDA:3,(anonymous_2)
DA:1,1
DA:2,1
DA:3,1
DA:4,4
DA:6,1
DA:7,4
DA:11,1
LF:7
LH:7
BRF:0
BRH:0
end_of_record
TN:
SF:5kyu/mergeSortFunction/mergeSortFunction.js
FN:1,(anonymous_0)
FNF:1
FNH:1
FNDA:1,(anonymous_0)
DA:1,1
DA:2,1
DA:3,1
DA:4,1
DA:5,6
DA:6,36
DA:7,9
DA:8,9
DA:9,9
DA:13,1
DA:16,1
LF:11
LH:11
BRDA:6,0,0,9
BRDA:6,0,1,27
BRF:2
BRH:2
end_of_record
TN:
SF:5kyu/movingZerosToEnd/movingZerosToEnd.js
FN:1,(anonymous_0)
FN:2,(anonymous_1)
FN:2,(anonymous_2)
FNF:3
FNH:3
FNDA:1,(anonymous_0)
FNDA:9,(anonymous_1)
FNDA:9,(anonymous_2)
DA:1,1
DA:2,9
DA:4,1
LF:3
LH:3
BRF:0
BRH:0
end_of_record
TN:
SF:5kyu/numberOfTrailingZerosOfN!/numberOfTrailingZerosOfN.js
FN:1,(anonymous_0)
FNF:1
FNH:1
FNDA:1,(anonymous_0)
DA:1,1
DA:2,1
DA:3,1
DA:4,2
DA:5,2
DA:7,1
DA:10,1
LF:7
LH:7
BRF:0
BRH:0
end_of_record
TN:
SF:5kyu/simplePigLatin/simplePigLatin.js
FN:1,(anonymous_0)
FN:4,(anonymous_1)
FN:10,(anonymous_2)
FNF:3
FNH:3
FNDA:2,(anonymous_0)
FNDA:7,(anonymous_1)
FNDA:7,(anonymous_2)
DA:1,1
DA:2,2
DA:3,2
DA:5,7
DA:9,2
DA:11,7
DA:14,2
DA:17,1
LF:8
LH:8
BRDA:14,0,0,1
BRDA:14,0,1,1
BRDA:14,1,0,2
BRDA:14,1,1,2
BRF:4
BRH:4
end_of_record
TN:
SF:5kyu/weightForWeight/weightForWeight.js
FN:1,(anonymous_0)
FN:2,(anonymous_1)
FN:3,(anonymous_2)
FN:6,(anonymous_3)
FNF:4
FNH:4
FNDA:1,(anonymous_0)
FNDA:14,(anonymous_1)
FNDA:47,(anonymous_2)
FNDA:7,(anonymous_3)
DA:1,1
DA:2,1
DA:3,47
DA:4,1
DA:6,7
DA:10,1
LF:6
LH:6
BRDA:6,0,0,7
BRDA:6,0,1,0
BRDA:6,0,2,0
BRF:3
BRH:1
end_of_record
TN:
SF:6kyu/1RMCalculator/1RMCalculator.js
FN:1,(anonymous_0)
FNF:1
FNH:1
FNDA:2,(anonymous_0)
DA:1,1
DA:2,2
DA:3,2
DA:4,2
DA:5,2
DA:8,1
LF:6
LH:6
BRDA:5,0,0,1
BRDA:5,0,1,1
BRF:2
BRH:2
end_of_record
TN:
SF:6kyu/HigherOrderFunctionsSeriesIsTheMeetupAgeDiverse/HigherOrderFunctionsSeriesIsTheMeetupAgeDiverse.js
FN:1,(anonymous_0)
FN:2,(anonymous_1)
FN:4,(anonymous_2)
FN:5,(anonymous_3)
FN:6,(anonymous_4)
FN:7,(anonymous_5)
FN:8,(anonymous_6)
FN:9,(anonymous_7)
FN:10,(anonymous_8)
FN:11,(anonymous_9)
FN:12,(anonymous_10)
FN:13,(anonymous_11)
FN:17,(anonymous_12)
FNF:13
FNH:12
FNDA:2,(anonymous_0)
FNDA:12,(anonymous_1)
FNDA:3,(anonymous_2)
FNDA:2,(anonymous_3)
FNDA:3,(anonymous_4)
FNDA:4,(anonymous_5)
FNDA:5,(anonymous_6)
FNDA:6,(anonymous_7)
FNDA:7,(anonymous_8)
FNDA:8,(anonymous_9)
FNDA:9,(anonymous_10)
FNDA:10,(anonymous_11)
FNDA:0,(anonymous_12)
DA:1,1
DA:2,12
DA:3,2
DA:4,3
DA:5,2
DA:6,3
DA:7,4
DA:8,5
DA:9,6
DA:10,7
DA:11,8
DA:12,9
DA:13,10
DA:17,1
DA:18,0
DA:21,1
LF:16
LH:15
BRDA:4,0,0,2
BRDA:4,0,1,1
BRDA:4,0,2,1
BRDA:4,0,3,1
BRDA:4,0,4,1
BRDA:4,0,5,1
BRDA:4,0,6,1
BRDA:4,0,7,1
BRDA:4,0,8,1
BRDA:4,0,9,1
BRDA:4,1,0,3
BRDA:4,1,1,1
BRDA:5,2,0,2
BRDA:5,2,1,2
BRDA:6,3,0,3
BRDA:6,3,1,3
BRDA:7,4,0,4
BRDA:7,4,1,4
BRDA:8,5,0,5
BRDA:8,5,1,5
BRDA:9,6,0,6
BRDA:9,6,1,6
BRDA:10,7,0,7
BRDA:10,7,1,7
BRDA:11,8,0,8
BRDA:11,8,1,8
BRDA:12,9,0,9
BRDA:12,9,1,9
BRF:28
BRH:28
end_of_record
TN:
SF:6kyu/IPValidation/IPValidation.js
FN:1,(anonymous_0)
FN:3,(anonymous_1)
FNF:2
FNH:2
FNDA:2,(anonymous_0)
FNDA:7,(anonymous_1)
DA:1,1
DA:2,2
DA:4,7
DA:9,1
LF:4
LH:4
BRDA:4,0,0,7
BRDA:4,0,1,7
BRDA:4,0,2,7
BRF:3
BRH:3
end_of_record
TN:
SF:6kyu/SearchInMultidimensionalArray/SearchInMultidimensionalArray.js
FN:1,(anonymous_0)
FN:2,(anonymous_1)
FNF:2
FNH:2
FNDA:2,(anonymous_0)
FNDA:32,(anonymous_1)
DA:1,1
DA:2,2
DA:3,32
DA:5,2
DA:6,32
DA:8,2
DA:11,1
LF:7
LH:7
BRF:0
BRH:0
end_of_record
TN:
SF:6kyu/SequencesAndSeries/SequencesAndSeries.js
FN:1,(anonymous_0)
FNF:1
FNH:1
FNDA:2,(anonymous_0)
DA:1,2
DA:3,1
LF:2
LH:2
BRF:0
BRH:0
end_of_record
TN:
SF:6kyu/arabianString/arabianString.js
FN:1,(anonymous_0)
FN:3,(anonymous_1)
FNF:2
FNH:2
FNDA:2,(anonymous_0)
FNDA:3,(anonymous_1)
DA:1,1
DA:2,2
DA:4,3
DA:9,1
LF:4
LH:4
BRDA:2,0,0,2
BRDA:2,0,1,1
BRF:2
BRH:2
end_of_record
TN:
SF:6kyu/arrayDiff/arrayDiff.js
FN:1,(anonymous_0)
FN:1,(anonymous_1)
FNF:2
FNH:2
FNDA:1,(anonymous_0)
FNDA:5,(anonymous_1)
DA:1,5
DA:3,1
LF:2
LH:2
BRF:0
BRH:0
end_of_record
TN:
SF:6kyu/binaryString/binaryString.js
FN:1,(anonymous_0)
FNF:1
FNH:1
FNDA:2,(anonymous_0)
DA:1,1
DA:2,2
DA:3,2
DA:4,4
DA:5,4
DA:7,2
DA:10,1
LF:7
LH:7
BRDA:7,0,0,2
BRDA:7,0,1,1
BRF:2
BRH:2
end_of_record
TN:
SF:6kyu/buildTower/buildTower.js
FN:1,(anonymous_0)
FNF:1
FNH:1
FNDA:1,(anonymous_0)
DA:1,1
DA:2,1
DA:3,1
DA:4,3
DA:5,3
DA:7,1
DA:10,1
LF:7
LH:7
BRF:0
BRH:0
end_of_record
TN:
SF:6kyu/camelCaseMethod/camelCaseMethod.js
FN:1,(anonymous_0)
FN:4,(anonymous_1)
FN:5,(anonymous_2)
FNF:3
FNH:3
FNDA:1,(anonymous_0)
FNDA:2,(anonymous_1)
FNDA:2,(anonymous_2)
DA:1,1
DA:2,1
DA:4,2
DA:5,2
DA:9,1
LF:5
LH:5
BRF:0
BRH:0
end_of_record
TN:
SF:6kyu/countCharsInString/countCharsInYourString.js
FN:1,(anonymous_0)
FN:3,(anonymous_1)
FNF:2
FNH:2
FNDA:2,(anonymous_0)
FNDA:3,(anonymous_1)
DA:1,1
DA:2,2
DA:3,2
DA:4,3
DA:6,2
DA:9,1
LF:6
LH:6
BRDA:4,0,0,3
BRDA:4,0,1,2
BRF:2
BRH:2
end_of_record
TN:
SF:6kyu/countSmileyFaces/countSmileyFaces.js
FN:1,(anonymous_0)
FN:2,(anonymous_1)
FNF:2
FNH:2
FNDA:1,(anonymous_0)
FNDA:5,(anonymous_1)
DA:1,1
DA:2,5
DA:5,1
LF:3
LH:3
BRF:0
BRH:0
end_of_record
TN:
SF:6kyu/countingDuplicates/countingDuplicates.js
FN:1,(anonymous_0)
FNF:1
FNH:1
FNDA:2,(anonymous_0)
DA:1,1
DA:2,2
DA:11,1
LF:3
LH:3
BRDA:3,0,0,2
BRDA:3,0,1,1
BRF:2
BRH:2
end_of_record
TN:
SF:6kyu/dataReverse/dataReverse.js
FN:1,(anonymous_0)
FNF:1
FNH:1
FNDA:1,(anonymous_0)
DA:1,1
DA:2,1
DA:3,1
DA:4,4
DA:6,1
DA:9,1
LF:6
LH:6
BRF:0
BRH:0
end_of_record
TN:
SF:6kyu/digitRecovery/DigitRecovery.js
FN:1,(anonymous_0)
FNF:1
FNH:1
FNDA:2,(anonymous_0)
DA:1,1
DA:2,2
DA:14,2
DA:15,2
DA:16,10
DA:17,85
DA:22,85
DA:23,85
DA:24,2
DA:25,2
DA:29,2
DA:32,1
LF:12
LH:12
BRDA:23,0,0,2
BRDA:23,0,1,83
BRDA:29,1,0,1
BRDA:29,1,1,1
BRF:4
BRH:4
end_of_record
TN:
SF:6kyu/findTheMissingLetter/findTheMissingLetter.js
FN:1,(anonymous_0)
FNF:1
FNH:1
FNDA:1,(anonymous_0)
DA:1,1
DA:2,1
DA:4,1
DA:5,5
DA:6,1
DA:9,1
DA:12,1
LF:7
LH:7
BRDA:5,0,0,1
BRDA:5,0,1,4
BRF:2
BRH:2
end_of_record
TN:
SF:6kyu/findTheOddInt/findTheOddInt.js
FN:1,(anonymous_0)
FN:1,(anonymous_1)
FNF:2
FNH:2
FNDA:1,(anonymous_0)
FNDA:16,(anonymous_1)
DA:1,16
DA:3,1
LF:2
LH:2
BRF:0
BRH:0
end_of_record
TN:
SF:6kyu/findUniqueNumber/findUniqueNumber.js
FN:1,(anonymous_0)
FN:2,(anonymous_1)
FNF:2
FNH:2
FNDA:1,(anonymous_0)
FNDA:7,(anonymous_1)
DA:1,1
DA:2,7
DA:4,1
LF:3
LH:3
BRF:0
BRH:0
end_of_record
TN:
SF:6kyu/findWithinArray/findWithinArray.js
FN:1,(anonymous_0)
FNF:1
FNH:1
FNDA:2,(anonymous_0)
DA:1,1
DA:2,2
DA:5,1
LF:3
LH:3
BRF:0
BRH:0
end_of_record
TN:
SF:6kyu/formatStringOfNames/formatStringOfNames.js
FN:1,(anonymous_0)
FNF:1
FNH:1
FNDA:4,(anonymous_0)
DA:1,1
DA:2,4
DA:3,4
DA:4,6
DA:6,4
DA:7,4
DA:8,4
DA:9,4
DA:10,4
DA:11,1
DA:12,3
DA:13,1
DA:14,2
DA:15,1
DA:17,1
DA:21,1
LF:16
LH:16
BRDA:10,0,0,1
BRDA:10,0,1,3
BRDA:12,1,0,1
BRDA:12,1,1,2
BRDA:14,2,0,1
BRDA:14,2,1,1
BRF:6
BRH:6
end_of_record
TN:
SF:6kyu/formatWordsIntoASentence/formatWordsIntoASentence.js
FN:1,(anonymous_0)
FN:2,(anonymous_1)
FNF:2
FNH:2
FNDA:3,(anonymous_0)
FNDA:4,(anonymous_1)
DA:1,1
DA:2,4
DA:3,3
DA:4,3
DA:5,3
DA:6,3
DA:9,1
LF:7
LH:7
BRDA:2,0,0,3
BRDA:2,0,1,0
BRDA:6,1,0,2
BRDA:6,1,1,1
BRF:4
BRH:3
end_of_record
TN:
SF:6kyu/higherOrderFunctionsSeriesFindTheOddNames/higherOrderFunctionsSeriesFindTheOddNames.js
FN:1,(anonymous_0)
FN:2,(anonymous_1)
FN:4,(anonymous_2)
FNF:3
FNH:3
FNDA:1,(anonymous_0)
FNDA:2,(anonymous_1)
FNDA:6,(anonymous_2)
DA:1,1
DA:2,1
DA:3,2
DA:4,6
DA:9,1
LF:5
LH:5
BRF:0
BRH:0
end_of_record
TN:
SF:6kyu/ifYouCanReadThis/ifYouCanReadThis.js
FN:1,(anonymous_0)
FN:36,(anonymous_1)
FN:37,(anonymous_2)
FNF:3
FNH:3
FNDA:1,(anonymous_0)
FNDA:15,(anonymous_1)
FNDA:15,(anonymous_2)
DA:1,1
DA:2,1
DA:34,1
DA:36,15
DA:37,15
DA:41,1
LF:6
LH:6
BRF:0
BRH:0
end_of_record
TN:
SF:6kyu/insideOutStrings/insideOutStrings.js
FN:1,(anonymous_0)
FN:4,(anonymous_1)
FNF:2
FNH:2
FNDA:1,(anonymous_0)
FNDA:8,(anonymous_1)
DA:1,1
DA:2,1
DA:5,8
DA:7,8
DA:9,8
DA:11,8
DA:16,8
DA:21,1
LF:8
LH:8
BRDA:9,0,0,3
BRDA:9,0,1,5
BRF:2
BRH:2
end_of_record
TN:
SF:6kyu/longestSubstringUniqueCharacters/longestSubStringUniqueCharacters.js
FN:1,(anonymous_0)
FNF:1
FNH:1
FNDA:1,(anonymous_0)
DA:1,1
DA:2,1
DA:4,1
DA:5,6
DA:7,6
DA:8,8
DA:9,8
DA:10,3
DA:12,5
DA:14,5
DA:17,1
DA:20,1
LF:12
LH:12
BRDA:9,0,0,3
BRDA:9,0,1,5
BRF:2
BRH:2
end_of_record
TN:
SF:6kyu/matrixAddition/matrixAddition.js
FN:1,(anonymous_0)
FNF:1
FNH:1
FNDA:1,(anonymous_0)
DA:1,1
DA:2,1
DA:3,1
DA:4,1
DA:5,3
DA:6,9
DA:9,1
DA:10,3
DA:12,1
DA:15,1
LF:10
LH:10
BRF:0
BRH:0
end_of_record
TN:
SF:6kyu/mexicanWave/mexicanWave.js
FN:1,(anonymous_0)
FN:6,(anonymous_1)
FNF:2
FNH:2
FNDA:1,(anonymous_0)
FNDA:25,(anonymous_1)
DA:1,1
DA:2,1
DA:3,1
DA:4,1
DA:5,5
DA:6,25
DA:8,1
DA:11,1
LF:8
LH:8
BRDA:5,0,0,0
BRDA:5,0,1,5
BRDA:6,1,0,5
BRDA:6,1,1,20
BRF:4
BRH:3
end_of_record
TN:
SF:6kyu/pairsOfBears/pairsOfBears.js
FN:1,(anonymous_0)
FNF:1
FNH:1
FNDA:2,(anonymous_0)
DA:1,1
DA:2,2
DA:3,2
DA:6,1
LF:4
LH:4
BRDA:2,0,0,2
BRDA:2,0,1,0
BRF:2
BRH:1
end_of_record
TN:
SF:6kyu/pyramidArray/pyramidArray.js
FN:1,(anonymous_0)
FNF:1
FNH:1
FNDA:1,(anonymous_0)
DA:1,1
DA:2,1
DA:3,1
DA:4,3
DA:6,1
DA:9,1
LF:6
LH:6
BRF:0
BRH:0
end_of_record
TN:
SF:6kyu/replaceWithAlphabetPosition/replaceWithAlphabetPosition.js
FN:1,(anonymous_0)
FN:11,(anonymous_1)
FNF:2
FNH:2
FNDA:1,(anonymous_0)
FNDA:33,(anonymous_1)
DA:1,1
DA:2,1
DA:6,1
DA:7,1
DA:8,1
DA:9,33
DA:11,33
DA:14,1
LF:8
LH:8
BRF:0
BRH:0
end_of_record
TN:
SF:6kyu/romanNumeralsDecoder/romanNumeralsDecoder.js
FN:1,(anonymous_0)
FNF:1
FNH:1
FNDA:1,(anonymous_0)
DA:1,1
DA:2,1
DA:3,1
DA:4,1
DA:5,1
DA:6,1
DA:8,3
DA:9,3
DA:12,0
DA:15,3
DA:17,1
DA:20,1
LF:12
LH:11
BRDA:8,0,0,3
BRDA:8,0,1,0
BRF:2
BRH:1
end_of_record
TN:
SF:6kyu/romanNumeralsEncoder/romanNumeralsEncoder.js
FN:1,(anonymous_0)
FNF:1
FNH:1
FNDA:1,(anonymous_0)
DA:1,1
DA:2,1
DA:3,1
DA:18,1
DA:19,13
DA:20,4
DA:21,4
DA:24,1
DA:27,1
LF:9
LH:9
BRF:0
BRH:0
end_of_record
TN:
SF:6kyu/roundBy0.5Steps/roundBy0.5Steps.js
FN:1,(anonymous_0)
FNF:1
FNH:1
FNDA:1,(anonymous_0)
DA:1,1
DA:3,1
LF:2
LH:2
BRF:0
BRH:0
end_of_record
TN:
SF:6kyu/selectiveArrayReversing/selectiveReversing.js
FN:1,(anonymous_0)
FNF:1
FNH:1
FNDA:2,(anonymous_0)
DA:1,1
DA:2,2
DA:3,1
DA:5,1
DA:6,1
DA:7,3
DA:9,1
DA:12,1
LF:8
LH:8
BRDA:2,0,0,1
BRDA:2,0,1,1
BRF:2
BRH:2
end_of_record
TN:
SF:6kyu/simpleFunTheJanitorAndHisMop/simpleFunTheJanitorAndHisMop.js
FN:1,(anonymous_0)
FN:3,(anonymous_1)
FNF:2
FNH:2
FNDA:1,(anonymous_0)
FNDA:26,(anonymous_1)
DA:1,1
DA:2,1
DA:3,1
DA:4,26
DA:5,26
DA:6,26
DA:10,1
LF:7
LH:7
BRDA:6,0,0,3
BRDA:6,0,1,23
BRF:2
BRH:2
end_of_record
TN:
SF:6kyu/simpleSentences/simpleSentences.js
FN:1,(anonymous_0)
FN:2,(anonymous_1)
FNF:2
FNH:2
FNDA:1,(anonymous_0)
FNDA:4,(anonymous_1)
DA:1,1
DA:2,4
DA:3,1
DA:4,4
DA:6,1
DA:9,1
LF:6
LH:6
BRF:0
BRH:0
end_of_record
TN:
SF:6kyu/splitStrings/splitStrings.js
FN:1,(anonymous_0)
FNF:1
FNH:1
FNDA:1,(anonymous_0)
DA:1,1
DA:2,1
DA:5,1
LF:3
LH:3
BRDA:2,0,0,0
BRDA:2,0,1,1
BRF:2
BRH:1
end_of_record
TN:
SF:6kyu/stopGninnipSMySdroW/stopGninnipSMySdroW.js
FN:1,(anonymous_0)
FN:4,(anonymous_1)
FNF:2
FNH:2
FNDA:1,(anonymous_0)
FNDA:3,(anonymous_1)
DA:1,1
DA:2,1
DA:5,3
DA:6,3
DA:13,1
LF:5
LH:5
BRDA:6,0,0,2
BRDA:6,0,1,1
BRF:2
BRH:2
end_of_record
TN:
SF:6kyu/stringArrayDuplicates/stringArrayDuplicates.js
FN:1,(anonymous_0)
FNF:1
FNH:1
FNDA:1,(anonymous_0)
DA:1,1
DA:2,1
DA:3,1
DA:4,1
DA:5,21
DA:6,15
DA:8,1
DA:11,1
LF:8
LH:8
BRDA:5,0,0,6
BRDA:5,0,1,15
BRF:2
BRH:2
end_of_record
TN:
SF:6kyu/stringToCamelCase/stringToCamelCase.js
FN:1,(anonymous_0)
FN:2,(anonymous_1)
FNF:2
FNH:2
FNDA:2,(anonymous_0)
FNDA:2,(anonymous_1)
DA:1,1
DA:2,2
DA:5,1
LF:3
LH:3
BRF:0
BRH:0
end_of_record
TN:
SF:6kyu/sumOfDigits/sumOfDigits.js
FN:1,(anonymous_0)
FN:6,(anonymous_1)
FN:7,(anonymous_2)
FNF:3
FNH:3
FNDA:2,(anonymous_0)
FNDA:7,(anonymous_1)
FNDA:4,(anonymous_2)
DA:1,1
DA:2,2
DA:3,3
DA:6,7
DA:7,4
DA:9,2
DA:12,1
LF:7
LH:7
BRF:0
BRH:0
end_of_record
TN:
SF:6kyu/sumOfTwoIntegers/sumOfTwoIntegers.js
FN:1,(anonymous_0)
FNF:1
FNH:1
FNDA:4,(anonymous_0)
DA:1,1
DA:2,4
DA:5,1
LF:3
LH:3
BRDA:2,0,0,1
BRDA:2,0,1,3
BRF:2
BRH:2
end_of_record
TN:
SF:6kyu/sumTwoArrays/sumTwoArrays.js
FN:1,(anonymous_0)
FNF:1
FNH:1
FNDA:3,(anonymous_0)
DA:1,1
DA:2,3
DA:3,3
DA:4,3
DA:5,3
DA:6,1
DA:7,2
DA:8,0
DA:9,2
DA:10,0
DA:12,2
DA:16,1
LF:12
LH:10
BRDA:5,0,0,1
BRDA:5,0,1,2
BRDA:5,1,0,3
BRDA:5,1,1,1
BRDA:7,2,0,0
BRDA:7,2,1,2
BRDA:9,3,0,0
BRDA:9,3,1,2
BRF:8
BRH:6
end_of_record
TN:
SF:6kyu/tenMinuteWalk/tenMinuteWalk.js
FN:1,(anonymous_0)
FN:2,(anonymous_1)
FN:3,(anonymous_2)
FN:4,(anonymous_3)
FN:5,(anonymous_4)
FNF:5
FNH:5
FNDA:6,(anonymous_0)
FNDA:50,(anonymous_1)
FNDA:50,(anonymous_2)
FNDA:50,(anonymous_3)
FNDA:50,(anonymous_4)
DA:1,1
DA:2,50
DA:3,50
DA:4,50
DA:5,50
DA:6,6
DA:9,1
LF:7
LH:7
BRDA:6,0,0,6
BRDA:6,0,1,3
BRDA:6,0,2,3
BRF:3
BRH:3
end_of_record
TN:
SF:6kyu/throwingDarts/throwingDarts.js
FN:1,(anonymous_0)
FN:7,(anonymous_1)
FNF:2
FNH:2
FNDA:3,(anonymous_0)
FNDA:7,(anonymous_1)
DA:1,1
DA:2,3
DA:3,3
DA:4,7
DA:5,7
DA:7,7
DA:12,1
LF:7
LH:7
BRDA:4,0,0,1
BRDA:4,0,1,6
BRDA:4,1,0,7
BRDA:4,1,1,2
BRDA:5,2,0,5
BRDA:5,2,1,2
BRDA:7,3,0,2
BRDA:7,3,1,1
BRDA:7,4,0,3
BRDA:7,4,1,2
BRF:10
BRH:10
end_of_record
TN:
SF:6kyu/timeLikeStringFormat/timeLikeStringFormat.js
FN:1,(anonymous_0)
FNF:1
FNH:1
FNDA:2,(anonymous_0)
DA:1,1
DA:2,2
DA:3,2
DA:4,2
DA:5,2
DA:6,2
DA:7,1
DA:8,1
DA:9,1
DA:11,0
DA:15,1
LF:11
LH:10
BRDA:6,0,0,1
BRDA:6,0,1,1
BRDA:6,1,0,2
BRDA:6,1,1,1
BRDA:8,2,0,1
BRDA:8,2,1,0
BRF:6
BRH:5
end_of_record
TN:
SF:6kyu/turnStringInputIntoHash/turnStringInputIntoHash.js
FN:1,(anonymous_0)
FN:5,(anonymous_1)
FNF:2
FNH:2
FNDA:1,(anonymous_0)
FNDA:4,(anonymous_1)
DA:1,1
DA:2,1
DA:3,1
DA:4,1
DA:5,1
DA:6,4
DA:7,4
DA:10,1
DA:13,1
LF:9
LH:9
BRDA:3,0,0,1
BRDA:3,0,1,0
BRF:2
BRH:1
end_of_record
TN:
SF:6kyu/twistedSum/twistedSum.js
FN:1,(anonymous_0)
FN:2,(anonymous_1)
FN:6,(anonymous_2)
FN:9,(anonymous_3)
FN:10,(anonymous_4)
FNF:5
FNH:5
FNDA:1,(anonymous_0)
FNDA:13,(anonymous_1)
FNDA:13,(anonymous_2)
FNDA:16,(anonymous_3)
FNDA:15,(anonymous_4)
DA:1,1
DA:2,1
DA:3,13
DA:5,1
DA:6,13
DA:9,16
DA:10,15
DA:13,1
LF:8
LH:8
BRF:0
BRH:0
end_of_record
TN:
SF:6kyu/twoArraysNthElement/twoArraysNthElement.js
FN:1,(anonymous_0)
FNF:1
FNH:1
FNDA:1,(anonymous_0)
DA:1,1
DA:2,1
DA:3,1
DA:4,1
DA:5,1
DA:6,1
DA:7,5
DA:9,1
DA:12,1
LF:9
LH:9
BRDA:7,0,0,3
BRDA:7,0,1,2
BRF:2
BRH:2
end_of_record
TN:
SF:6kyu/twoSum/twoSum.js
FN:1,(anonymous_0)
FNF:1
FNH:1
FNDA:1,(anonymous_0)
DA:1,1
DA:2,1
DA:3,1
DA:4,2
DA:5,4
DA:6,1
DA:12,1
LF:7
LH:7
BRDA:5,0,0,1
BRDA:5,0,1,3
BRF:2
BRH:2
end_of_record
TN:
SF:6kyu/uniqueInOrder/uniqueInOrder.js
FN:1,(anonymous_0)
FN:2,(anonymous_1)
FNF:2
FNH:2
FNDA:1,(anonymous_0)
FNDA:5,(anonymous_1)
DA:1,1
DA:2,5
DA:5,1
LF:3
LH:3
BRF:0
BRH:0
end_of_record
TN:
SF:6kyu/validBraces/validBraces.js
FN:1,(anonymous_0)
FNF:1
FNH:1
FNDA:2,(anonymous_0)
DA:1,1
DA:2,2
DA:3,13
DA:5,2
DA:8,1
LF:5
LH:5
BRDA:5,0,0,1
BRDA:5,0,1,1
BRF:2
BRH:2
end_of_record
TN:
SF:6kyu/validateCreditCardNumber/validateCreditCardNumber.js
FN:1,(anonymous_0)
FN:5,(anonymous_1)
FN:8,(anonymous_2)
FN:16,(anonymous_3)
FN:20,(anonymous_4)
FNF:5
FNH:5
FNDA:2,(anonymous_0)
FNDA:7,(anonymous_1)
FNDA:7,(anonymous_2)
FNDA:7,(anonymous_3)
FNDA:7,(anonymous_4)
DA:1,1
DA:2,2
DA:3,2
DA:5,7
DA:6,2
DA:7,2
DA:8,2
DA:9,7
DA:10,7
DA:11,7
DA:12,7
DA:14,2
DA:15,2
DA:16,2
DA:17,7
DA:18,7
DA:20,7
DA:21,2
DA:24,1
LF:19
LH:19
BRDA:9,0,0,2
BRDA:9,0,1,5
BRDA:9,1,0,7
BRDA:9,1,1,4
BRDA:10,2,0,2
BRDA:10,2,1,5
BRDA:10,3,0,7
BRDA:10,3,1,4
BRDA:11,4,0,2
BRDA:11,4,1,5
BRDA:11,5,0,7
BRDA:11,5,1,3
BRDA:12,6,0,1
BRDA:12,6,1,6
BRDA:12,7,0,7
BRDA:12,7,1,3
BRDA:17,8,0,0
BRDA:17,8,1,7
BRDA:18,9,0,7
BRDA:18,9,1,0
BRDA:21,10,0,1
BRDA:21,10,1,1
BRF:22
BRH:20
end_of_record
TN:
SF:6kyu/weirdStringCase/weirdStringCase.js
FN:1,(anonymous_0)
FN:4,(anonymous_1)
FN:7,(anonymous_2)
FNF:3
FNH:3
FNDA:1,(anonymous_0)
FNDA:3,(anonymous_1)
FNDA:15,(anonymous_2)
DA:1,1
DA:2,1
DA:5,3
DA:8,15
DA:15,1
LF:5
LH:5
BRDA:8,0,0,8
BRDA:8,0,1,7
BRF:2
BRH:2
end_of_record
TN:
SF:6kyu/whatCentury/whatCentury.js
FN:1,(anonymous_0)
FNF:1
FNH:1
FNDA:5,(anonymous_0)
DA:1,1
DA:2,5
DA:3,5
DA:9,1
LF:4
LH:4
BRDA:5,0,0,1
BRDA:5,0,1,4
BRDA:5,1,0,4
BRDA:5,1,1,0
BRF:4
BRH:3
end_of_record
TN:
SF:6kyu/whichAreIn/whichAreIn.js
FN:1,(anonymous_0)
FN:3,(anonymous_1)
FNF:2
FNH:2
FNDA:1,(anonymous_0)
FNDA:3,(anonymous_1)
DA:1,1
DA:2,1
DA:3,3
DA:6,1
LF:4
LH:4
BRF:0
BRH:0
end_of_record
TN:
SF:6kyu/whoLikesIt/whoLikesIt.js
FN:1,(anonymous_0)
FNF:1
FNH:1
FNDA:5,(anonymous_0)
DA:1,1
DA:2,5
DA:3,4
DA:4,3
DA:5,2
DA:6,1
DA:7,1
DA:8,1
DA:11,1
LF:9
LH:9
BRDA:2,0,0,1
BRDA:2,0,1,4
BRDA:3,1,0,1
BRDA:3,1,1,3
BRDA:4,2,0,1
BRDA:4,2,1,2
BRDA:5,3,0,1
BRDA:5,3,1,1
BRDA:7,4,0,1
BRDA:7,4,1,0
BRF:10
BRH:9
end_of_record
TN:
SF:6kyu/writeNumberInExpandedForm/writeNumberInExpandedForm.js
FN:1,(anonymous_0)
FN:8,(anonymous_1)
FNF:2
FNH:2
FNDA:1,(anonymous_0)
FNDA:5,(anonymous_1)
DA:1,1
DA:2,1
DA:3,1
DA:4,6
DA:5,10
DA:8,5
DA:11,1
LF:7
LH:7
BRF:0
BRH:0
end_of_record
TN:
SF:6kyu/yourOrderPlease/yourOrderPlease.js
FN:1,(anonymous_0)
FN:2,(anonymous_1)
FNF:2
FNH:2
FNDA:2,(anonymous_0)
FNDA:15,(anonymous_1)
DA:1,1
DA:2,2
DA:3,15
DA:5,2
DA:8,1
LF:5
LH:5
BRF:0
BRH:0
end_of_record
TN:
SF:7kyu/CharCodeCalculation/CharCodeCalculation.js
FN:1,(anonymous_0)
FN:9,(anonymous_1)
FN:11,(anonymous_2)
FN:12,(anonymous_3)
FN:13,(anonymous_4)
FN:14,(anonymous_5)
FN:14,(anonymous_6)
FNF:7
FNH:7
FNDA:1,(anonymous_0)
FNDA:6,(anonymous_1)
FNDA:1,(anonymous_2)
FNDA:1,(anonymous_3)
FNDA:1,(anonymous_4)
FNDA:1,(anonymous_5)
FNDA:1,(anonymous_6)
DA:1,1
DA:2,1
DA:3,1
DA:4,3
DA:6,1
DA:9,6
DA:10,1
DA:11,1
DA:12,1
DA:13,1
DA:14,1
DA:17,1
LF:12
LH:12
BRF:0
BRH:0
end_of_record
TN:
SF:7kyu/Flatten/Flatten.js
FN:1,(anonymous_0)
FNF:1
FNH:1
FNDA:1,(anonymous_0)
DA:1,1
DA:3,1
LF:2
LH:2
BRF:0
BRH:0
end_of_record
TN:
SF:7kyu/HigherOrderFunctionsSeriesCanTheyCodeInTheSameLanguage/HigherOrderFunctionsSeriesCanTheyCodeInTheSameLanguage.js
FN:1,(anonymous_0)
FN:2,(anonymous_1)
FN:3,(anonymous_2)
FNF:3
FNH:3
FNDA:2,(anonymous_0)
FNDA:6,(anonymous_1)
FNDA:5,(anonymous_2)
DA:1,1
DA:2,6
DA:3,5
DA:6,1
LF:4
LH:4
BRF:0
BRH:0
end_of_record
TN:
SF:7kyu/PalindromeChainLength/PalindromeChainLength.js
FN:1,(anonymous_0)
FNF:1
FNH:1
FNDA:1,(anonymous_0)
DA:1,1
DA:2,1
DA:3,1
DA:4,1
DA:5,4
DA:6,4
DA:7,4
DA:9,1
DA:12,1
LF:9
LH:9
BRF:0
BRH:0
end_of_record
TN:
SF:7kyu/TrainingMethodsOfArrayObjectMap/TrainingMethodsOfArrayObjectMap.js
FN:1,(anonymous_0)
FN:3,(anonymous_1)
FNF:2
FNH:2
FNDA:1,(anonymous_0)
FNDA:2,(anonymous_1)
DA:1,1
DA:2,1
DA:3,2
DA:7,1
LF:4
LH:4
BRF:0
BRH:0
end_of_record
TN:
SF:7kyu/allStarsCodingChallenge20/allStarsCodingChallenge20.js
FN:1,(anonymous_0)
FN:5,(anonymous_1)
FNF:2
FNH:2
FNDA:2,(anonymous_0)
FNDA:2,(anonymous_1)
DA:1,1
DA:2,2
DA:3,1
DA:5,2
DA:9,1
LF:5
LH:5
BRDA:2,0,0,1
BRDA:2,0,1,1
BRF:2
BRH:2
end_of_record
TN:
SF:7kyu/allUnique/allUnique.js
FN:1,(anonymous_0)
FNF:1
FNH:1
FNDA:2,(anonymous_0)
DA:1,1
DA:2,2
DA:3,2
DA:6,1
LF:4
LH:4
BRF:0
BRH:0
end_of_record
TN:
SF:7kyu/alphabetSymmetry/alphabetSymmetry.js
FN:1,(anonymous_0)
FN:4,(anonymous_1)
FN:8,(anonymous_2)
FNF:3
FNH:3
FNDA:1,(anonymous_0)
FNDA:3,(anonymous_1)
FNDA:12,(anonymous_2)
DA:1,1
DA:2,1
DA:3,1
DA:5,3
DA:8,12
DA:12,1
LF:6
LH:6
BRF:0
BRH:0
end_of_record
TN:
SF:7kyu/alternateCapitalization/alternateCapitalization.js
FN:1,(anonymous_0)
FN:4,(anonymous_1)
FNF:2
FNH:2
FNDA:1,(anonymous_0)
FNDA:8,(anonymous_1)
DA:1,1
DA:2,1
DA:3,1
DA:4,1
DA:5,8
DA:6,8
DA:7,8
DA:8,8
DA:10,1
DA:13,1
LF:10
LH:10
BRDA:5,0,0,4
BRDA:5,0,1,4
BRDA:6,1,0,4
BRDA:6,1,1,4
BRDA:7,2,0,4
BRDA:7,2,1,4
BRDA:8,3,0,4
BRDA:8,3,1,4
BRF:8
BRH:8
end_of_record
TN:
SF:7kyu/alternateCase/alternateCase.js
FN:1,(anonymous_0)
FN:4,(anonymous_1)
FNF:2
FNH:2
FNDA:3,(anonymous_0)
FNDA:17,(anonymous_1)
DA:1,1
DA:2,3
DA:3,3
DA:5,17
DA:8,3
DA:11,1
LF:6
LH:6
BRDA:5,0,0,6
BRDA:5,0,1,11
BRF:2
BRH:2
end_of_record
TN:
SF:7kyu/arrayFilter/arrayFilter.js
FN:1,(anonymous_0)
FN:1,(anonymous_1)
FNF:2
FNH:2
FNDA:1,(anonymous_0)
FNDA:4,(anonymous_1)
DA:1,4
DA:3,1
LF:2
LH:2
BRF:0
BRH:0
end_of_record
TN:
SF:7kyu/automorphicNumber/automorphicNumber.js
FN:1,(anonymous_0)
FNF:1
FNH:1
FNDA:2,(anonymous_0)
DA:1,1
DA:2,2
DA:3,2
DA:4,2
DA:9,1
LF:5
LH:5
BRDA:4,0,0,1
BRDA:4,0,1,1
BRDA:4,1,0,2
BRDA:4,1,1,1
BRF:4
BRH:4
end_of_record
TN:
SF:7kyu/basicCalculator/basicCalculator.js
FN:1,(anonymous_0)
FN:3,(anonymous_1)
FNF:2
FNH:2
FNDA:2,(anonymous_0)
FNDA:6,(anonymous_1)
DA:1,1
DA:2,2
DA:3,6
DA:8,1
LF:4
LH:4
BRDA:3,0,0,1
BRDA:3,0,1,1
BRDA:3,1,0,2
BRDA:3,1,1,1
BRF:4
BRH:4
end_of_record
TN:
SF:7kyu/buildASquare/buildASquare.js
FN:1,(anonymous_0)
FNF:1
FNH:1
FNDA:1,(anonymous_0)
DA:1,1
DA:2,1
DA:3,1
DA:6,1
LF:4
LH:4
BRF:0
BRH:0
end_of_record
TN:
SF:7kyu/categorizeNewMember/categorizeNewMember.js
FN:1,(anonymous_0)
FN:2,(anonymous_1)
FNF:2
FNH:2
FNDA:1,(anonymous_0)
FNDA:4,(anonymous_1)
DA:1,1
DA:2,4
DA:4,1
LF:3
LH:3
BRDA:2,0,0,2
BRDA:2,0,1,2
BRDA:2,1,0,4
BRDA:2,1,1,2
BRF:4
BRH:4
end_of_record
TN:
SF:7kyu/correctCapitalization/correctCapitalization.js
FN:1,(anonymous_0)
FNF:1
FNH:1
FNDA:2,(anonymous_0)
DA:1,1
DA:2,2
DA:8,1
LF:3
LH:3
BRDA:3,0,0,2
BRDA:3,0,1,2
BRF:2
BRH:2
end_of_record
TN:
SF:7kyu/countTheDigit/countTheDigit.js
FN:1,(anonymous_0)
FN:3,(anonymous_1)
FN:9,(anonymous_2)
FNF:3
FNH:3
FNDA:1,(anonymous_0)
FNDA:5751,(anonymous_1)
FNDA:41382,(anonymous_2)
DA:1,1
DA:2,1
DA:3,1
DA:4,5751
DA:6,1
DA:10,41382
DA:14,1
LF:7
LH:7
BRF:0
BRH:0
end_of_record
TN:
SF:7kyu/creditCardMask/creditCardMask.js
FN:1,(anonymous_0)
FNF:1
FNH:1
FNDA:2,(anonymous_0)
DA:1,1
DA:2,2
DA:3,2
DA:4,2
DA:9,1
LF:5
LH:5
BRDA:4,0,0,1
BRDA:4,0,1,1
BRF:2
BRH:2
end_of_record
TN:
SF:7kyu/descendingOrder/descendingOrder.js
FN:1,(anonymous_0)
FN:3,(anonymous_1)
FNF:2
FNH:2
FNDA:3,(anonymous_0)
FNDA:19,(anonymous_1)
DA:1,1
DA:2,3
DA:3,19
DA:6,1
LF:4
LH:4
BRF:0
BRH:0
end_of_record
TN:
SF:7kyu/disemvowelTrolls/disemvowelTrolls.js
FN:1,(anonymous_0)
FNF:1
FNH:1
FNDA:1,(anonymous_0)
DA:1,1
DA:3,1
LF:2
LH:2
BRF:0
BRH:0
end_of_record
TN:
SF:7kyu/dontGiveMeFive/dontGiveMeFive.js
FN:1,(anonymous_0)
FN:6,(anonymous_1)
FNF:2
FNH:2
FNDA:1,(anonymous_0)
FNDA:14,(anonymous_1)
DA:1,1
DA:2,1
DA:3,1
DA:4,14
DA:6,14
DA:9,1
LF:6
LH:6
BRF:0
BRH:0
end_of_record
TN:
SF:7kyu/doubleSort/doubleSort.js
FN:1,(anonymous_0)
FN:3,(anonymous_1)
FN:4,(anonymous_2)
FN:5,(anonymous_3)
FNF:4
FNH:4
FNDA:1,(anonymous_0)
FNDA:7,(anonymous_1)
FNDA:2,(anonymous_2)
FNDA:7,(anonymous_3)
DA:1,1
DA:2,1
DA:3,7
DA:4,2
DA:5,7
DA:6,1
DA:9,1
LF:7
LH:7
BRF:0
BRH:0
end_of_record
TN:
SF:7kyu/elapsedSeconds/elapsedSeconds.js
FN:1,(anonymous_0)
FNF:1
FNH:1
FNDA:1,(anonymous_0)
DA:1,1
DA:2,1
DA:5,1
DA:8,1
DA:11,1
LF:5
LH:5
BRF:0
BRH:0
end_of_record
TN:
SF:7kyu/evensTimesLast/evensTimesLast.js
FN:1,(anonymous_0)
FN:3,(anonymous_1)
FN:8,(anonymous_2)
FNF:3
FNH:3
FNDA:2,(anonymous_0)
FNDA:4,(anonymous_1)
FNDA:2,(anonymous_2)
DA:1,1
DA:2,2
DA:3,2
DA:4,4
DA:5,2
DA:8,2
DA:11,1
LF:7
LH:7
BRDA:4,0,0,2
BRDA:4,0,1,2
BRDA:8,1,0,2
BRDA:8,1,1,1
BRF:4
BRH:4
end_of_record
TN:
SF:7kyu/exesAndOhs/exesAndOhs.js
FN:1,(anonymous_0)
FN:5,(anonymous_1)
FN:9,(anonymous_2)
FNF:3
FNH:3
FNDA:2,(anonymous_0)
FNDA:8,(anonymous_1)
FNDA:8,(anonymous_2)
DA:1,1
DA:2,2
DA:5,8
DA:6,2
DA:9,8
DA:10,2
DA:13,1
LF:7
LH:7
BRDA:10,0,0,1
BRDA:10,0,1,1
BRF:2
BRH:2
end_of_record
TN:
SF:7kyu/findScreenSize/findScreenSize.js
FN:1,(anonymous_0)
FN:2,(anonymous_1)
FNF:2
FNH:2
FNDA:1,(anonymous_0)
FNDA:2,(anonymous_1)
DA:1,1
DA:2,2
DA:3,1
DA:4,1
DA:7,1
LF:5
LH:5
BRF:0
BRH:0
end_of_record
TN:
SF:7kyu/findTheCapitals/findTheCapitals.js
FN:1,(anonymous_0)
FNF:1
FNH:1
FNDA:1,(anonymous_0)
DA:1,1
DA:2,1
DA:3,1
DA:4,8
DA:6,1
DA:9,1
LF:6
LH:6
BRDA:4,0,0,4
BRDA:4,0,1,4
BRF:2
BRH:2
end_of_record
TN:
SF:7kyu/findTheDivisors/findTheDivisors.js
FN:1,(anonymous_0)
FNF:1
FNH:1
FNDA:2,(anonymous_0)
DA:1,1
DA:2,2
DA:3,2
DA:4,21
DA:6,2
DA:9,1
LF:6
LH:6
BRDA:4,0,0,4
BRDA:4,0,1,17
BRDA:6,1,0,1
BRDA:6,1,1,1
BRF:4
BRH:4
end_of_record
TN:
SF:7kyu/findTheVowels/findTheVowels.js
FN:1,(anonymous_0)
FNF:1
FNH:1
FNDA:1,(anonymous_0)
DA:1,1
DA:2,1
DA:3,1
DA:4,34
DA:5,16
DA:8,1
DA:11,1
LF:7
LH:7
BRDA:4,0,0,16
BRDA:4,0,1,18
BRF:2
BRH:2
end_of_record
TN:
SF:7kyu/getKeyValuePairsAsArrays/getKeyValuePairsAsArrays.js
FN:1,(anonymous_0)
FNF:1
FNH:1
FNDA:1,(anonymous_0)
DA:1,1
DA:2,1
DA:3,1
DA:4,1
DA:7,1
LF:5
LH:5
BRF:0
BRH:0
end_of_record
TN:
SF:7kyu/getNames/getNames.js
FN:1,(anonymous_0)
FN:2,(anonymous_1)
FNF:2
FNH:2
FNDA:1,(anonymous_0)
FNDA:3,(anonymous_1)
DA:1,1
DA:2,1
DA:3,3
DA:7,1
LF:4
LH:4
BRF:0
BRH:0
end_of_record
TN:
SF:7kyu/getTheIntegersBetweenTwoNumbers/getTheIntegersBetweenTwoNumbers.js
FN:1,(anonymous_0)
FNF:1
FNH:1
FNDA:1,(anonymous_0)
DA:1,1
DA:2,1
DA:3,1
DA:4,6
DA:6,1
DA:9,1
LF:6
LH:6
BRF:0
BRH:0
end_of_record
TN:
SF:7kyu/getTheMiddleCharacter/getMiddleCharacter.js
FN:1,(anonymous_0)
FNF:1
FNH:1
FNDA:2,(anonymous_0)
DA:1,1
DA:2,2
DA:3,2
DA:4,2
DA:9,1
LF:5
LH:5
BRDA:4,0,0,1
BRDA:4,0,1,1
BRF:2
BRH:2
end_of_record
TN:
SF:7kyu/greatestCommonDivisor/greatestCommonDivisor.js
FN:1,(anonymous_0)
FNF:1
FNH:1
FNDA:3,(anonymous_0)
DA:1,1
DA:2,3
DA:5,1
LF:3
LH:3
BRDA:2,0,0,2
BRDA:2,0,1,1
BRF:2
BRH:2
end_of_record
TN:
SF:7kyu/harvestFestival/harvestFestival.js
FN:1,(anonymous_0)
FNF:1
FNH:1
FNDA:2,(anonymous_0)
DA:1,1
DA:2,2
DA:7,1
LF:3
LH:3
BRDA:2,0,0,1
BRDA:2,0,1,1
BRDA:2,1,0,2
BRDA:2,1,1,2
BRF:4
BRH:4
end_of_record
TN:
SF:7kyu/hellsKitchen/hellsKitchen.js
FN:1,(anonymous_0)
FN:5,(anonymous_1)
FNF:2
FNH:2
FNDA:1,(anonymous_0)
FNDA:4,(anonymous_1)
DA:1,1
DA:2,1
DA:5,4
DA:7,1
DA:8,1
DA:9,1
DA:12,1
LF:7
LH:7
BRF:0
BRH:0
end_of_record
TN:
SF:7kyu/highestAndLowest/highestAndLowest.js
FN:1,(anonymous_0)
FN:2,(anonymous_1)
FNF:2
FNH:2
FNDA:3,(anonymous_0)
FNDA:15,(anonymous_1)
DA:1,1
DA:2,15
DA:3,3
DA:4,3
DA:5,3
DA:8,1
LF:6
LH:6
BRF:0
BRH:0
end_of_record
TN:
SF:7kyu/highestProfitWins/highestProfitWins.js
FN:1,(anonymous_0)
FNF:1
FNH:1
FNDA:2,(anonymous_0)
DA:1,1
DA:2,2
DA:3,2
DA:4,2
DA:7,1
LF:5
LH:5
BRDA:4,0,0,1
BRDA:4,0,1,1
BRF:2
BRH:2
end_of_record
TN:
SF:7kyu/invisibleCubes/invisibleCubes.js
FN:1,(anonymous_0)
FNF:1
FNH:1
FNDA:1,(anonymous_0)
DA:1,1
DA:3,1
LF:2
LH:2
BRF:0
BRH:0
end_of_record
TN:
SF:7kyu/largeProductOrSum/largerProductOrSum.js
FN:1,(anonymous_0)
FN:3,(anonymous_1)
FN:8,(anonymous_2)
FN:12,(anonymous_3)
FN:13,(anonymous_4)
FNF:5
FNH:5
FNDA:3,(anonymous_0)
FNDA:39,(anonymous_1)
FNDA:35,(anonymous_2)
FNDA:7,(anonymous_3)
FNDA:7,(anonymous_4)
DA:1,1
DA:2,3
DA:4,39
DA:7,3
DA:9,35
DA:12,7
DA:13,7
DA:14,3
DA:15,1
DA:16,2
DA:17,1
DA:18,1
DA:19,1
DA:23,1
LF:14
LH:14
BRDA:14,0,0,1
BRDA:14,0,1,2
BRDA:16,1,0,1
BRDA:16,1,1,1
BRDA:18,2,0,1
BRDA:18,2,1,0
BRF:6
BRH:5
end_of_record
TN:
SF:7kyu/largestPairSumInArray/largestPairSumInArray.js
FN:1,(anonymous_0)
FN:3,(anonymous_1)
FN:5,(anonymous_2)
FNF:3
FNH:3
FNDA:1,(anonymous_0)
FNDA:8,(anonymous_1)
FNDA:1,(anonymous_2)
DA:1,1
DA:2,1
DA:3,8
DA:5,1
DA:8,1
LF:5
LH:5
BRF:0
BRH:0
end_of_record
TN:
SF:7kyu/lastSurvivor/lastSurvivor.js
FN:1,(anonymous_0)
FNF:1
FNH:1
FNDA:1,(anonymous_0)
DA:1,1
DA:2,1
DA:3,1
DA:4,2
DA:6,1
DA:9,1
LF:6
LH:6
BRF:0
BRH:0
end_of_record
TN:
SF:7kyu/listFiltering/listFiltering.js
FN:1,(anonymous_0)
FN:2,(anonymous_1)
FNF:2
FNH:2
FNDA:1,(anonymous_0)
FNDA:6,(anonymous_1)
DA:1,1
DA:2,6
DA:5,1
LF:3
LH:3
BRF:0
BRH:0
end_of_record
TN:
SF:7kyu/lostNumberInSequence/lostNumberInSequence.js
FN:1,(anonymous_0)
FN:2,(anonymous_1)
FN:3,(anonymous_2)
FNF:3
FNH:3
FNDA:1,(anonymous_0)
FNDA:4,(anonymous_1)
FNDA:4,(anonymous_2)
DA:1,1
DA:2,4
DA:3,4
DA:6,1
LF:4
LH:4
BRDA:3,0,0,0
BRDA:3,0,1,1
BRF:2
BRH:1
end_of_record
TN:
SF:7kyu/middleCharacter/middleCharacter.js
FN:1,(anonymous_0)
FNF:1
FNH:1
FNDA:2,(anonymous_0)
DA:1,1
DA:2,2
DA:3,2
DA:4,2
DA:9,1
LF:5
LH:5
BRDA:4,0,0,1
BRDA:4,0,1,1
BRF:2
BRH:2
end_of_record
TN:
SF:7kyu/mumbling/mumbling.js
FN:1,(anonymous_0)
FN:4,(anonymous_1)
FNF:2
FNH:2
FNDA:1,(anonymous_0)
FNDA:11,(anonymous_1)
DA:1,1
DA:2,1
DA:4,11
DA:8,1
LF:4
LH:4
BRF:0
BRH:0
end_of_record
TN:
SF:7kyu/nextPerfectSquare/nextPerfectSquare.js
FN:1,(anonymous_0)
FNF:1
FNH:1
FNDA:2,(anonymous_0)
DA:1,1
DA:2,2
DA:3,2
DA:6,1
LF:4
LH:4
BRDA:3,0,0,1
BRDA:3,0,1,1
BRF:2
BRH:2
end_of_record
TN:
SF:7kyu/numberOfPeopleInTheBus/numberOfPeopleInTheBus.js
FN:1,(anonymous_0)
FNF:1
FNH:1
FNDA:1,(anonymous_0)
DA:1,1
DA:2,1
DA:3,1
DA:4,3
DA:5,3
DA:7,1
DA:10,1
LF:7
LH:7
BRF:0
BRH:0
end_of_record
TN:
SF:7kyu/numberWith3Roots/numberWith3Roots.js
FN:1,(anonymous_0)
FNF:1
FNH:1
FNDA:2,(anonymous_0)
DA:1,1
DA:2,2
DA:5,1
LF:3
LH:3
BRF:0
BRH:0
end_of_record
TN:
SF:7kyu/numbersToDigitTiers/numbersToDigitTiers.js
FN:1,(anonymous_0)
FNF:1
FNH:1
FNDA:1,(anonymous_0)
DA:1,1
DA:2,1
DA:3,1
DA:4,1
DA:5,3
DA:7,1
DA:10,1
LF:7
LH:7
BRF:0
BRH:0
end_of_record
TN:
SF:7kyu/onesAndZeros/onesAndZeros.js
FN:1,(anonymous_0)
FN:2,(anonymous_1)
FNF:2
FNH:2
FNDA:2,(anonymous_0)
FNDA:7,(anonymous_1)
DA:1,1
DA:2,2
DA:3,7
DA:6,1
LF:4
LH:4
BRF:0
BRH:0
end_of_record
TN:
SF:7kyu/overTheRoad/overTheRoad.js
FN:1,(anonymous_0)
FNF:1
FNH:1
FNDA:1,(anonymous_0)
DA:1,1
DA:2,1
DA:3,1
DA:7,1
LF:4
LH:4
BRF:0
BRH:0
end_of_record
TN:
SF:7kyu/paulsMisery/paulsMisery.js
FN:1,(anonymous_0)
FN:4,(anonymous_1)
FN:5,(anonymous_2)
FN:6,(anonymous_3)
FNF:4
FNH:4
FNDA:4,(anonymous_0)
FNDA:28,(anonymous_1)
FNDA:26,(anonymous_2)
FNDA:26,(anonymous_3)
DA:1,1
DA:2,4
DA:3,4
DA:4,28
DA:5,26
DA:6,26
DA:7,4
DA:8,1
DA:9,3
DA:10,1
DA:11,2
DA:12,1
DA:14,1
DA:17,1
LF:14
LH:14
BRDA:7,0,0,1
BRDA:7,0,1,3
BRDA:9,1,0,1
BRDA:9,1,1,2
BRDA:9,2,0,3
BRDA:9,2,1,3
BRDA:11,3,0,1
BRDA:11,3,1,1
BRDA:11,4,0,2
BRDA:11,4,1,2
BRF:10
BRH:10
end_of_record
TN:
SF:7kyu/powerOfTwo/powerOfTwo.js
FN:1,(anonymous_0)
FNF:1
FNH:1
FNDA:2,(anonymous_0)
DA:1,2
DA:3,1
LF:2
LH:2
BRF:0
BRH:0
end_of_record
TN:
SF:7kyu/removeTheMinimum/removeTheMinimum.js
FN:1,(anonymous_0)
FNF:1
FNH:1
FNDA:1,(anonymous_0)
DA:1,1
DA:2,1
DA:3,1
DA:4,1
DA:7,1
LF:5
LH:5
BRF:0
BRH:0
end_of_record
TN:
SF:7kyu/returnTheMissingElement/returnTheMissingElement.js
FN:1,(anonymous_0)
FNF:1
FNH:1
FNDA:1,(anonymous_0)
DA:1,1
DA:2,1
DA:3,4
DA:7,1
LF:4
LH:4
BRDA:3,0,0,1
BRDA:3,0,1,3
BRF:2
BRH:2
end_of_record
TN:
SF:7kyu/reverser/reverser.js
FN:1,(anonymous_0)
FNF:1
FNH:1
FNDA:3,(anonymous_0)
DA:1,1
DA:2,3
DA:3,3
DA:4,13
DA:5,13
DA:7,3
DA:10,1
LF:7
LH:7
BRF:0
BRH:0
end_of_record
TN:
SF:7kyu/rotateForAMax/rotateForAMax.js
FN:1,(anonymous_0)
FN:12,(anonymous_1)
FNF:2
FNH:2
FNDA:1,(anonymous_0)
FNDA:25,(anonymous_1)
DA:1,1
DA:2,1
DA:3,1
DA:4,1
DA:5,1
DA:6,9
DA:7,9
DA:8,9
DA:9,9
DA:11,1
DA:12,25
DA:15,1
LF:12
LH:12
BRF:0
BRH:0
end_of_record
TN:
SF:7kyu/scalingSquaredStrings/scalingSquaredStrings.js
FN:1,(anonymous_0)
FN:3,(anonymous_1)
FN:4,(anonymous_2)
FNF:3
FNH:3
FNDA:1,(anonymous_0)
FNDA:16,(anonymous_1)
FNDA:4,(anonymous_2)
DA:1,1
DA:2,1
DA:3,16
DA:5,4
DA:11,1
LF:5
LH:5
BRF:0
BRH:0
end_of_record
TN:
SF:7kyu/shifterWords/shifterWords.js
FN:1,(anonymous_0)
FNF:1
FNH:1
FNDA:1,(anonymous_0)
DA:1,1
DA:2,1
DA:5,1
LF:3
LH:3
BRF:0
BRH:0
end_of_record
TN:
SF:7kyu/shorterConcat/shorterConcat.js
FN:1,(anonymous_0)
FNF:1
FNH:1
FNDA:2,(anonymous_0)
DA:1,1
DA:2,2
DA:7,1
LF:3
LH:3
BRDA:2,0,0,1
BRDA:2,0,1,1
BRF:2
BRH:2
end_of_record
TN:
SF:7kyu/simpleLetterRemoval/simpleLetterRemoval.js
FN:1,(anonymous_0)
FNF:1
FNH:1
FNDA:2,(anonymous_0)
DA:1,1
DA:2,2
DA:3,12
DA:4,2
DA:7,1
LF:5
LH:5
BRF:0
BRH:0
end_of_record
TN:
SF:7kyu/smallEnough/smallEnough.js
FN:1,(anonymous_0)
FN:1,(anonymous_1)
FNF:2
FNH:2
FNDA:2,(anonymous_0)
FNDA:10,(anonymous_1)
DA:1,10
DA:3,1
LF:2
LH:2
BRF:0
BRH:0
end_of_record
TN:
SF:7kyu/sortTheOdd/sortTheOdd.js
FN:1,(anonymous_0)
FN:2,(anonymous_1)
FN:2,(anonymous_2)
FN:3,(anonymous_3)
FNF:4
FNH:4
FNDA:2,(anonymous_0)
FNDA:11,(anonymous_1)
FNDA:4,(anonymous_2)
FNDA:11,(anonymous_3)
DA:1,1
DA:2,11
DA:3,11
DA:6,1
LF:4
LH:4
BRDA:3,0,0,6
BRDA:3,0,1,5
BRF:2
BRH:2
end_of_record
TN:
SF:7kyu/sortbyLastChar/sortbyLastChar.js
FN:1,(anonymous_0)
FN:4,(anonymous_1)
FNF:2
FNH:2
FNDA:1,(anonymous_0)
FNDA:17,(anonymous_1)
DA:1,1
DA:2,1
DA:4,17
DA:7,1
LF:4
LH:4
BRF:0
BRH:0
end_of_record
TN:
SF:7kyu/spoonerizeMe/spoonerizeMe.js
FN:1,(anonymous_0)
FN:5,(anonymous_1)
FN:6,(anonymous_2)
FN:7,(anonymous_3)
FNF:4
FNH:4
FNDA:1,(anonymous_0)
FNDA:2,(anonymous_1)
FNDA:2,(anonymous_2)
FNDA:2,(anonymous_3)
DA:1,1
DA:2,1
DA:5,2
DA:6,2
DA:7,2
DA:10,1
LF:6
LH:6
BRF:0
BRH:0
end_of_record
TN:
SF:7kyu/squareEvenRootOdd/squareEvenRootOdd.js
FN:1,(anonymous_0)
FN:3,(anonymous_1)
FNF:2
FNH:2
FNDA:1,(anonymous_0)
FNDA:8,(anonymous_1)
DA:1,1
DA:2,1
DA:3,8
DA:7,1
LF:4
LH:4
BRDA:3,0,0,4
BRDA:3,0,1,4
BRF:2
BRH:2
end_of_record
TN:
SF:7kyu/squareEveryDigit/squareEveryDigit.js
FN:1,(anonymous_0)
FN:6,(anonymous_1)
FNF:2
FNH:2
FNDA:1,(anonymous_0)
FNDA:4,(anonymous_1)
DA:1,1
DA:2,1
DA:6,4
DA:10,1
LF:4
LH:4
BRF:0
BRH:0
end_of_record
TN:
SF:7kyu/stringMatchup/stringMatchup.js
FN:1,(anonymous_0)
FN:1,(anonymous_1)
FN:1,(anonymous_2)
FNF:3
FNH:3
FNDA:1,(anonymous_0)
FNDA:3,(anonymous_1)
FNDA:15,(anonymous_2)
DA:1,15
DA:3,1
LF:2
LH:2
BRF:0
BRH:0
end_of_record
TN:
SF:7kyu/stringsToNumbers/stringsToNumbers.js
FN:1,(anonymous_0)
FN:1,(anonymous_1)
FNF:2
FNH:2
FNDA:1,(anonymous_0)
FNDA:3,(anonymous_1)
DA:1,3
DA:3,1
LF:2
LH:2
BRF:0
BRH:0
end_of_record
TN:
SF:7kyu/substitutingVariablesIntoStrings/substitutingVariablesIntoStrings.js
FN:1,(anonymous_0)
FNF:1
FNH:1
FNDA:1,(anonymous_0)
DA:1,1
DA:2,1
DA:3,1
DA:6,1
LF:4
LH:4
BRF:0
BRH:0
end_of_record
TN:
SF:7kyu/sumOfASequence/sumOfASequence.js
FN:1,(anonymous_0)
FN:6,(anonymous_1)
FNF:2
FNH:2
FNDA:1,(anonymous_0)
FNDA:5,(anonymous_1)
DA:1,1
DA:2,1
DA:3,1
DA:4,5
DA:6,1
DA:7,5
DA:11,1
LF:7
LH:7
BRF:0
BRH:0
end_of_record
TN:
SF:7kyu/sumOfOddNumbers/sumOfOddNumbers.js
FN:1,(anonymous_0)
FNF:1
FNH:1
FNDA:1,(anonymous_0)
DA:1,1
DA:2,1
DA:5,1
LF:3
LH:3
BRF:0
BRH:0
end_of_record
TN:
SF:7kyu/sumOfTriangularNumbers/sumOfTriangularNumbers.js
FN:2,(anonymous_0)
FNF:1
FNH:1
FNDA:1,(anonymous_0)
DA:2,1
DA:3,1
DA:4,1
DA:5,34
DA:7,1
DA:10,1
LF:6
LH:6
BRF:0
BRH:0
end_of_record
TN:
SF:7kyu/tapCodeTranslation/tapCodeTranslation.js
FN:1,(anonymous_0)
FN:30,(anonymous_1)
FNF:2
FNH:2
FNDA:1,(anonymous_0)
FNDA:5,(anonymous_1)
DA:1,1
DA:2,1
DA:30,5
DA:33,1
LF:4
LH:4
BRF:0
BRH:0
end_of_record
TN:
SF:7kyu/theOfficeIV/TheOfficeIVFindaMeetingRoom.js
FN:1,(anonymous_0)
FNF:1
FNH:1
FNDA:2,(anonymous_0)
DA:1,1
DA:2,2
DA:4,1
LF:3
LH:3
BRDA:2,0,0,1
BRDA:2,0,1,1
BRF:2
BRH:2
end_of_record
TN:
SF:7kyu/theOfficeVISabbatical/theOfficeVISabbatical.js
FN:1,(anonymous_0)
FN:5,(anonymous_1)
FNF:2
FNH:2
FNDA:2,(anonymous_0)
FNDA:19,(anonymous_1)
DA:1,1
DA:2,2
DA:5,19
DA:6,2
DA:7,2
DA:10,1
LF:6
LH:6
BRDA:7,0,0,1
BRDA:7,0,1,1
BRF:2
BRH:2
end_of_record
TN:
SF:7kyu/timeConverterHoursMinutesSecondsAndMilliseconds/timeConverterHoursMinutesSecondsAndMilliseconds.js
FN:1,(anonymous_0)
FNF:1
FNH:1
FNDA:1,(anonymous_0)
DA:1,1
DA:2,1
DA:3,1
DA:4,1
DA:7,1
LF:5
LH:5
BRF:0
BRH:0
end_of_record
TN:
SF:7kyu/validatePinCode/validatePinCode.js
FN:1,(anonymous_0)
FNF:1
FNH:1
FNDA:2,(anonymous_0)
DA:1,2
DA:3,1
LF:2
LH:2
BRF:0
BRH:0
end_of_record
TN:
SF:7kyu/wordToBinary/wordToBinary.js
FN:1,(anonymous_0)
FN:2,(anonymous_1)
FN:2,(anonymous_2)
FNF:3
FNH:3
FNDA:1,(anonymous_0)
FNDA:3,(anonymous_1)
FNDA:3,(anonymous_2)
DA:1,1
DA:2,3
DA:4,1
LF:3
LH:3
BRF:0
BRH:0
end_of_record
TN:
SF:8kyu/DivisibleByGivenNumber/divisibleByGivenNumber.js
FN:1,(anonymous_0)
FN:1,(anonymous_1)
FNF:2
FNH:2
FNDA:1,(anonymous_0)
FNDA:6,(anonymous_1)
DA:1,6
DA:3,1
LF:2
LH:2
BRF:0
BRH:0
end_of_record
TN:
SF:8kyu/alternatingCase/alternatingCase.js
FN:1,(anonymous_0)
FN:4,(anonymous_1)
FNF:2
FNH:2
FNDA:1,(anonymous_0)
FNDA:11,(anonymous_1)
DA:1,1
DA:2,1
DA:4,11
DA:8,1
LF:4
LH:4
BRDA:4,0,0,11
BRDA:4,0,1,0
BRF:2
BRH:1
end_of_record
TN:
SF:8kyu/areaOrPerimeter/areaOrPerimeter.js
FN:1,(anonymous_0)
FNF:1
FNH:1
FNDA:2,(anonymous_0)
DA:1,1
DA:2,2
DA:5,1
LF:3
LH:3
BRDA:2,0,0,1
BRDA:2,0,1,1
BRF:2
BRH:2
end_of_record
TN:
SF:8kyu/doubleChar/doubleChar.js
FN:1,(anonymous_0)
FN:2,(anonymous_1)
FNF:2
FNH:2
FNDA:1,(anonymous_0)
FNDA:4,(anonymous_1)
DA:1,1
DA:2,4
DA:3,1
DA:6,1
LF:4
LH:4
BRF:0
BRH:0
end_of_record
TN:
SF:8kyu/drinkAbout/drinkAbout.js
FN:1,(anonymous_0)
FNF:1
FNH:1
FNDA:4,(anonymous_0)
DA:1,1
DA:2,4
DA:5,1
LF:3
LH:3
BRDA:3,0,0,1
BRDA:3,0,1,3
BRDA:3,1,0,1
BRDA:3,1,1,2
BRDA:3,2,0,1
BRDA:3,2,1,1
BRF:6
BRH:6
end_of_record
TN:
SF:8kyu/findTheFirstNonConsecutiveNumber/findTheFirstNonConsecutiveNumber.js
FN:1,(anonymous_0)
FNF:1
FNH:1
FNDA:2,(anonymous_0)
DA:1,1
DA:2,2
DA:3,2
DA:4,20
DA:6,2
DA:9,1
LF:6
LH:6
BRDA:4,0,0,5
BRDA:4,0,1,15
BRDA:6,1,0,1
BRDA:6,1,1,1
BRF:4
BRH:4
end_of_record
TN:
SF:8kyu/isThereAVowelInThere/isThereAVowelInThere.js
FN:1,(anonymous_0)
FN:3,(anonymous_1)
FN:11,(anonymous_2)
FNF:3
FNH:3
FNDA:1,(anonymous_0)
FNDA:17,(anonymous_1)
FNDA:17,(anonymous_2)
DA:1,1
DA:2,1
DA:4,17
DA:11,17
DA:14,1
LF:5
LH:5
BRDA:11,0,0,3
BRDA:11,0,1,14
BRF:2
BRH:2
end_of_record
TN:
SF:8kyu/rockPaperScissors/rockPaperScissors.js
FN:1,(anonymous_0)
FNF:1
FNH:1
FNDA:3,(anonymous_0)
DA:1,1
DA:2,3
DA:3,1
DA:4,2
DA:9,1
DA:11,1
DA:27,1
LF:7
LH:7
BRDA:2,0,0,1
BRDA:2,0,1,2
BRDA:4,1,0,1
BRDA:4,1,1,1
BRDA:5,2,0,2
BRDA:5,2,1,1
BRDA:5,2,2,2
BRDA:5,2,3,1
BRDA:5,2,4,1
BRDA:5,2,5,0
BRF:10
BRH:9
end_of_record
TN:
SF:8kyu/sumOfPositive/sumOfPositive.js
FN:1,(anonymous_0)
FN:1,(anonymous_1)
FN:1,(anonymous_2)
FNF:3
FNH:3
FNDA:2,(anonymous_0)
FNDA:10,(anonymous_1)
FNDA:5,(anonymous_2)
DA:1,10
DA:3,1
LF:2
LH:2
BRF:0
BRH:0
end_of_record
TN:
SF:8kyu/superDuperEasy/superDuperEasy.js
FN:1,(anonymous_0)
FNF:1
FNH:1
FNDA:2,(anonymous_0)
DA:1,2
DA:3,1
LF:2
LH:2
BRDA:1,0,0,1
BRDA:1,0,1,1
BRF:2
BRH:2
end_of_record
TN:
SF:8kyu/toSquareOrNotToSquare/toSquareOrNotToSquare.js
FN:1,(anonymous_0)
FNF:1
FNH:1
FNDA:1,(anonymous_0)
DA:1,1
DA:2,1
DA:3,1
DA:4,6
DA:8,1
DA:11,1
LF:6
LH:6
BRDA:4,0,0,3
BRDA:4,0,1,3
BRF:2
BRH:2
end_of_record
TN:
SF:8kyu/totalAmountOfPoints/totalAmountOfPoints.js
FN:1,(anonymous_0)
FNF:1
FNH:1
FNDA:1,(anonymous_0)
DA:1,1
DA:2,1
DA:3,1
DA:4,10
DA:5,10
DA:6,10
DA:7,10
DA:9,1
DA:12,1
LF:9
LH:9
BRDA:6,0,0,3
BRDA:6,0,1,7
BRDA:7,1,0,3
BRDA:7,1,1,7
BRF:4
BRH:4
end_of_record
TN:
SF:8kyu/whoIsGoingToPayForTheWall/whoIsGoingToPayForTheWall.js
FN:1,(anonymous_0)
FNF:1
FNH:1
FNDA:2,(anonymous_0)
DA:1,1
DA:2,2
DA:5,1
LF:3
LH:3
BRDA:2,0,0,1
BRDA:2,0,1,1
BRF:2
BRH:2
end_of_record
